<?xml version="1.0" encoding="UTF-8"?>
<testsuites>
  <testsuite name="CDISCTealDataConnector" timestamp="2023-11-22T09:30:30Z" hostname="2070741d6edc" tests="21" skipped="0" failures="0" errors="0" time="0.203">
    <testcase time="0.049" classname="CDISCTealDataConnector" name="get_code_returns_the_correct_code_for_two_CDISCTealDatasetConnector_objects"/>
    <testcase time="0.0159999999999999" classname="CDISCTealDataConnector" name="get_code_returns_the_correct_code_for_two_CDISCTealDatasetConnector_objects"/>
    <testcase time="0.012" classname="CDISCTealDataConnector" name="get_code_returns_the_correct_code_for_two_CDISCTealDatasetConnector_objects"/>
    <testcase time="0.001" classname="CDISCTealDataConnector" name="get_code_returns_the_correct_code_for_two_CDISCTealDatasetConnector_objects"/>
    <testcase time="0.037" classname="CDISCTealDataConnector" name="get_code_returns_the_correct_code_for_two_CDISCTealDatasetConnector_objects"/>
    <testcase time="0.01" classname="CDISCTealDataConnector" name="get_code_returns_the_correct_code_for_two_CDISCTealDatasetConnector_objects"/>
    <testcase time="0.005" classname="CDISCTealDataConnector" name="get_code_returns_the_correct_code_for_two_CDISCTealDatasetConnector_objects"/>
    <testcase time="0.00800000000000001" classname="CDISCTealDataConnector" name="TealDataConnector_with_custom_UI_and_server"/>
    <testcase time="0.003" classname="CDISCTealDataConnector" name="TealDataConnector_with_custom_UI_and_server"/>
    <testcase time="0.001" classname="CDISCTealDataConnector" name="TealDataConnector_with_custom_UI_and_server"/>
    <testcase time="0.00900000000000001" classname="CDISCTealDataConnector" name="TealDataConnector_with_custom_UI_and_server"/>
    <testcase time="0.00600000000000001" classname="CDISCTealDataConnector" name="TealDataConnector_with_custom_UI_and_server"/>
    <testcase time="0.004" classname="CDISCTealDataConnector" name="TealDataConnector_with_custom_UI_and_server"/>
    <testcase time="0.004" classname="CDISCTealDataConnector" name="TealDataConnector_with_custom_UI_and_server"/>
    <testcase time="0.00700000000000001" classname="CDISCTealDataConnector" name="TealDataConnector_with_custom_UI_and_server"/>
    <testcase time="0.003" classname="CDISCTealDataConnector" name="TealDataConnector_with_custom_UI_and_server"/>
    <testcase time="0.003" classname="CDISCTealDataConnector" name="TealDataConnector_with_custom_UI_and_server"/>
    <testcase time="0.004" classname="CDISCTealDataConnector" name="TealDataConnector_with_custom_UI_and_server"/>
    <testcase time="0.00900000000000001" classname="CDISCTealDataConnector" name="cdisc_data_connector_returns_a_CDISCTealDataConnector_object_on_basic_input"/>
    <testcase time="0.0069999999999999" classname="CDISCTealDataConnector" name="cdisc_data_connector_validates_the_connection_and_connectors_arguments"/>
    <testcase time="0.005" classname="CDISCTealDataConnector" name="cdisc_data_connector_validates_the_connection_and_connectors_arguments"/>
  </testsuite>
  <testsuite name="CDISCTealDataset" timestamp="2023-11-22T09:30:30Z" hostname="2070741d6edc" tests="10" skipped="0" failures="0" errors="0" time="0.147">
    <testcase time="0.018" classname="CDISCTealDataset" name="CDISCTealDataset_basics"/>
    <testcase time="0.004" classname="CDISCTealDataset" name="CDISCTealDataset_basics"/>
    <testcase time="0.001" classname="CDISCTealDataset" name="CDISCTealDataset_basics"/>
    <testcase time="0.001" classname="CDISCTealDataset" name="CDISCTealDataset_basics"/>
    <testcase time="0.001" classname="CDISCTealDataset" name="CDISCTealDataset_basics"/>
    <testcase time="0.00700000000000012" classname="CDISCTealDataset" name="CDISCTealDataset_print_method_returns_correct_class_name_and_content"/>
    <testcase time="0.00499999999999989" classname="CDISCTealDataset" name="data_returns_the_data_passed_in_the_constructor"/>
    <testcase time="0.004" classname="CDISCTealDataset" name="get_dataname_returns_the_dataname_passed_to_the_constructor"/>
    <testcase time="0.0469999999999999" classname="CDISCTealDataset" name="Case_1_CDISCTealDataset_get_code_does_not_return_duplicated_code_when_CDISCTealDataset_mutate_method_is_called"/>
    <testcase time="0.0590000000000002" classname="CDISCTealDataset" name="Case_2_CDISCTealDataset_get_code_does_not_return_duplicated_code_when_CDISCTealDataset_mutate_method_is_called"/>
  </testsuite>
  <testsuite name="CDISCTealDatasetConnector" timestamp="2023-11-22T09:30:30Z" hostname="2070741d6edc" tests="7" skipped="0" failures="0" errors="0" time="0.071">
    <testcase time="0.0189999999999999" classname="CDISCTealDatasetConnector" name="Single_dataset_connector"/>
    <testcase time="0.0309999999999999" classname="CDISCTealDatasetConnector" name="Single_dataset_connector"/>
    <testcase time="0.004" classname="CDISCTealDatasetConnector" name="Single_dataset_connector"/>
    <testcase time="0.00500000000000012" classname="CDISCTealDatasetConnector" name="Single_dataset_connector"/>
    <testcase time="0.002" classname="CDISCTealDatasetConnector" name="Single_dataset_connector"/>
    <testcase time="0.00499999999999989" classname="CDISCTealDatasetConnector" name="TealDatasetConnector_print_prints_out_expected_output_of_class_and_content"/>
    <testcase time="0.00500000000000012" classname="CDISCTealDatasetConnector" name="TealDatasetConnector_print_prints_out_expected_output_of_class_and_content"/>
  </testsuite>
  <testsuite name="CallableCode" timestamp="2023-11-22T09:30:31Z" hostname="2070741d6edc" tests="12" skipped="0" failures="0" errors="0" time="0.238">
    <testcase time="0.0069999999999999" classname="CallableCode" name="Objects_can_be_generated_from_the_code"/>
    <testcase time="0.00300000000000011" classname="CallableCode" name="Objects_can_be_generated_from_the_code"/>
    <testcase time="0.186" classname="CallableCode" name="Objects_can_be_generated_from_the_code"/>
    <testcase time="0.004" classname="CallableCode" name="CallableCode_can_use_objects_from_namespaces_other_than_global"/>
    <testcase time="0.002" classname="CallableCode" name="CallableCode_can_use_objects_from_namespaces_other_than_global"/>
    <testcase time="0.004" classname="CallableCode" name="get_call_transforms_double_new_lines_into_one_new_line"/>
    <testcase time="0.00100000000000011" classname="CallableCode" name="get_call_transforms_double_new_lines_into_one_new_line"/>
    <testcase time="0.00800000000000001" classname="CallableCode" name="callable_code_throws_an_error_when_supplied_code_is_not_valid"/>
    <testcase time="0.00499999999999989" classname="CallableCode" name="callable_code_throws_an_error_when_supplied_code_is_not_valid"/>
    <testcase time="0.00499999999999989" classname="CallableCode" name="callable_code_throws_an_error_when_supplied_code_is_not_valid"/>
    <testcase time="0.00500000000000012" classname="CallableCode" name="callable_code_throws_an_error_when_supplied_code_is_not_valid"/>
    <testcase time="0.00800000000000001" classname="CallableCode" name="run_throws_an_error_when_an_object_referenced_in_the_code_is_not_found"/>
  </testsuite>
  <testsuite name="CallableFunction" timestamp="2023-11-22T09:30:31Z" hostname="2070741d6edc" tests="62" skipped="0" failures="0" errors="0" time="0.57">
    <testcase time="0.048" classname="CallableFunction" name="Function_found"/>
    <testcase time="0.00099999999999989" classname="CallableFunction" name="Function_found"/>
    <testcase time="0.00800000000000001" classname="CallableFunction" name="Function_found"/>
    <testcase time="0.002" classname="CallableFunction" name="Function_found"/>
    <testcase time="0.002" classname="CallableFunction" name="Function_found"/>
    <testcase time="0.00100000000000011" classname="CallableFunction" name="Function_found"/>
    <testcase time="0.002" classname="CallableFunction" name="Function_found"/>
    <testcase time="0.002" classname="CallableFunction" name="Function_found"/>
    <testcase time="0.002" classname="CallableFunction" name="Function_found"/>
    <testcase time="0.00800000000000001" classname="CallableFunction" name="Function_found"/>
    <testcase time="0.01" classname="CallableFunction" name="CallableFunction_returns_the_correct_name_if_passed_a_base_function_directly"/>
    <testcase time="0.00499999999999989" classname="CallableFunction" name="CallableFunction_returns_the_correct_name_if_passed_an_anonymous_function"/>
    <testcase time="0.01" classname="CallableFunction" name="CallableFunction_returns_the_correct_name_if_passed_a_name_of_a_base_function"/>
    <testcase time="0.0569999999999999" classname="CallableFunction" name="CallableFunction_returns_the_correct_name_if_passed_a_generic_from_a_namespace"/>
    <testcase time="0.004" classname="CallableFunction" name="CallableFunction_returns_the_correct_name_if_passed_a_prefixed_name_of_a_function"/>
    <testcase time="0.01" classname="CallableFunction" name="CallableFunction_returns_the_correct_name_if_passed_a_namespace_function_indirectly"/>
    <testcase time="0.004" classname="CallableFunction" name="CallableFunction_returns_the_correct_name_if_passed_a_function_from_global_env_indirectly"/>
    <testcase time="0.00800000000000001" classname="CallableFunction" name="CallableFunction_returns_the_correct_name_if_passed_a_function_name_indirectly"/>
    <testcase time="0.0069999999999999" classname="CallableFunction" name="CallableFunction_throws_an_error_if_passed_a_namespace_function_via_a_binding_in_the_parent_frame"/>
    <testcase time="0.00500000000000012" classname="CallableFunction" name="CallableFunction_returns_the_correct_name_if_passed_a_Primitive_directly"/>
    <testcase time="0.0069999999999999" classname="CallableFunction" name="CallableFunction_throws_an_error_if_passed_a_Primitive_by_character"/>
    <testcase time="0.00800000000000001" classname="CallableFunction" name="CallableFunction_throws_an_error_if_passed_a_prefixed_object_not_a_function_"/>
    <testcase time="0.00900000000000012" classname="CallableFunction" name="Test_inputs"/>
    <testcase time="0.00600000000000001" classname="CallableFunction" name="Test_inputs"/>
    <testcase time="0.00600000000000001" classname="CallableFunction" name="Test_inputs"/>
    <testcase time="0.00799999999999979" classname="CallableFunction" name="Test_callable"/>
    <testcase time="0.00100000000000011" classname="CallableFunction" name="Test_callable"/>
    <testcase time="0.0089999999999999" classname="CallableFunction" name="Test_callable"/>
    <testcase time="0.00100000000000011" classname="CallableFunction" name="Test_callable"/>
    <testcase time="0.00099999999999989" classname="CallableFunction" name="Test_callable"/>
    <testcase time="0.0089999999999999" classname="CallableFunction" name="Test_callable"/>
    <testcase time="0.00300000000000011" classname="CallableFunction" name="Test_callable"/>
    <testcase time="0.00099999999999989" classname="CallableFunction" name="Test_callable"/>
    <testcase time="0.002" classname="CallableFunction" name="Test_callable"/>
    <testcase time="0.00100000000000011" classname="CallableFunction" name="Test_callable"/>
    <testcase time="0.002" classname="CallableFunction" name="Test_callable"/>
    <testcase time="0.00299999999999989" classname="CallableFunction" name="Test_callable"/>
    <testcase time="0.00800000000000001" classname="CallableFunction" name="test_callable_errors"/>
    <testcase time="0.00500000000000012" classname="CallableFunction" name="test_callable_errors"/>
    <testcase time="0.004" classname="CallableFunction" name="test_callable_errors"/>
    <testcase time="0.00499999999999989" classname="CallableFunction" name="test_callable_errors"/>
    <testcase time="0.00500000000000012" classname="CallableFunction" name="test_callable_errors"/>
    <testcase time="0.0069999999999999" classname="CallableFunction" name="test_callable_errors"/>
    <testcase time="0.002" classname="CallableFunction" name="test_callable_errors"/>
    <testcase time="0.00100000000000011" classname="CallableFunction" name="test_callable_errors"/>
    <testcase time="0.0069999999999999" classname="CallableFunction" name="test_callable_errors"/>
    <testcase time="0.002" classname="CallableFunction" name="test_callable_errors"/>
    <testcase time="0.00500000000000012" classname="CallableFunction" name="test_callable_errors"/>
    <testcase time="0.0069999999999999" classname="CallableFunction" name="is_failed"/>
    <testcase time="0.004" classname="CallableFunction" name="is_failed"/>
    <testcase time="0.002" classname="CallableFunction" name="is_failed"/>
    <testcase time="0.00300000000000011" classname="CallableFunction" name="is_failed"/>
    <testcase time="0.00099999999999989" classname="CallableFunction" name="is_failed"/>
    <testcase time="0.002" classname="CallableFunction" name="is_failed"/>
    <testcase time="0.004" classname="CallableFunction" name="is_failed"/>
    <testcase time="0.00100000000000011" classname="CallableFunction" name="is_failed"/>
    <testcase time="0.0919999999999999" classname="CallableFunction" name="test_cloning"/>
    <testcase time="0.00099999999999989" classname="CallableFunction" name="test_cloning"/>
    <testcase time="0.002" classname="CallableFunction" name="test_cloning"/>
    <testcase time="0.0330000000000001" classname="CallableFunction" name="test_cloning"/>
    <testcase time="0.087" classname="CallableFunction" name="test_cloning"/>
    <testcase time="0.0069999999999999" classname="CallableFunction" name="get_binding_name_throws_if_the_function_could_not_be_found_in_the_environment"/>
  </testsuite>
  <testsuite name="CodeClass" timestamp="2023-11-22T09:30:31Z" hostname="2070741d6edc" tests="27" skipped="0" failures="0" errors="0" time="0.152">
    <testcase time="0.012" classname="CodeClass" name="Basic_example_CodeClass"/>
    <testcase time="0.00099999999999989" classname="CodeClass" name="Basic_example_CodeClass"/>
    <testcase time="0.00200000000000022" classname="CodeClass" name="Basic_example_CodeClass"/>
    <testcase time="0.00499999999999989" classname="CodeClass" name="example_datasets"/>
    <testcase time="0.0140000000000002" classname="CodeClass" name="example_datasets_deps"/>
    <testcase time="0.00199999999999978" classname="CodeClass" name="example_datasets_deps"/>
    <testcase time="0.00499999999999989" classname="CodeClass" name="CodeClass_append"/>
    <testcase time="0.00100000000000033" classname="CodeClass" name="CodeClass_append"/>
    <testcase time="0.00099999999999989" classname="CodeClass" name="CodeClass_append"/>
    <testcase time="0.00499999999999989" classname="CodeClass" name="CodeClass_append_deps"/>
    <testcase time="0.004" classname="CodeClass" name="CodeClass_append_deps"/>
    <testcase time="0.00099999999999989" classname="CodeClass" name="CodeClass_append_deps"/>
    <testcase time="0.00099999999999989" classname="CodeClass" name="CodeClass_append_deps"/>
    <testcase time="0.004" classname="CodeClass" name="Exception_handling_with_dataname_of_xyz"/>
    <testcase time="0.00099999999999989" classname="CodeClass" name="Exception_handling_with_dataname_of_xyz"/>
    <testcase time="0.00099999999999989" classname="CodeClass" name="Exception_handling_with_dataname_of_xyz"/>
    <testcase time="0.00200000000000022" classname="CodeClass" name="Exception_handling_with_dataname_of_xyz"/>
    <testcase time="0.00099999999999989" classname="CodeClass" name="Exception_handling_with_dataname_of_xyz"/>
    <testcase time="0.00099999999999989" classname="CodeClass" name="Exception_handling_with_dataname_of_xyz"/>
    <testcase time="0.032" classname="CodeClass" name="CodeClass_list_to_code_class"/>
    <testcase time="0.00499999999999989" classname="CodeClass" name="CodeClass_list_to_code_class"/>
    <testcase time="0.004" classname="CodeClass" name="Duplicated_code_is_appended_if_it_doesn_t_have_a_dataname"/>
    <testcase time="0.00500000000000034" classname="CodeClass" name="Duplicated_code_is_not_appended_if_its_dataname_is_duplicated"/>
    <testcase time="0.004" classname="CodeClass" name="Duplicated_code_is_appended_if_its_dataname_is_different"/>
    <testcase time="0.0219999999999998" classname="CodeClass" name="list_to_code_class_assigning_dataname_to_the_object_name_inside_of_the_list"/>
    <testcase time="0.00800000000000001" classname="CodeClass" name="list_to_code_class_assigning_dataname_to_the_object_name_inside_of_the_list"/>
    <testcase time="0.00800000000000001" classname="CodeClass" name="list_to_code_class_assigning_dataname_to_the_object_name_inside_of_the_list"/>
  </testsuite>
  <testsuite name="MAETealDataset" timestamp="2023-11-22T09:30:31Z" hostname="2070741d6edc" tests="27" skipped="1" failures="0" errors="0" time="6.267">
    <testcase time="4.647" classname="MAETealDataset" name="MAETealDataset_constructors_do_not_raise_exceptions"/>
    <testcase time="0.00300000000000011" classname="MAETealDataset" name="MAETealDataset_constructors_do_not_raise_exceptions"/>
    <testcase time="0.165" classname="MAETealDataset" name="MAETealDataset_recreate_updates_the_class_fields"/>
    <testcase time="0.000999999999999446" classname="MAETealDataset" name="MAETealDataset_recreate_updates_the_class_fields"/>
    <testcase time="0.0120000000000005" classname="MAETealDataset" name="MAETealDataset_recreate_updates_the_class_fields"/>
    <testcase time="0.00199999999999978" classname="MAETealDataset" name="MAETealDataset_recreate_updates_the_class_fields"/>
    <testcase time="0.00199999999999978" classname="MAETealDataset" name="MAETealDataset_recreate_updates_the_class_fields"/>
    <testcase time="0.108000000000001" classname="MAETealDataset" name="MAETealDataset_getters_and_setters"/>
    <testcase time="0.000999999999999446" classname="MAETealDataset" name="MAETealDataset_getters_and_setters"/>
    <testcase time="0.00200000000000067" classname="MAETealDataset" name="MAETealDataset_getters_and_setters"/>
    <testcase time="0.0169999999999995" classname="MAETealDataset" name="MAETealDataset_getters_and_setters"/>
    <testcase time="0.00200000000000067" classname="MAETealDataset" name="MAETealDataset_getters_and_setters"/>
    <testcase time="0.000999999999999446" classname="MAETealDataset" name="MAETealDataset_getters_and_setters"/>
    <testcase time="0.00199999999999978" classname="MAETealDataset" name="MAETealDataset_getters_and_setters"/>
    <testcase time="0.00100000000000033" classname="MAETealDataset" name="MAETealDataset_getters_and_setters"/>
    <testcase time="0.00199999999999978" classname="MAETealDataset" name="MAETealDataset_getters_and_setters"/>
    <testcase time="0.00100000000000033" classname="MAETealDataset" name="MAETealDataset_getters_and_setters"/>
    <testcase time="0.00199999999999978" classname="MAETealDataset" name="MAETealDataset_getters_and_setters"/>
    <testcase time="0.0449999999999999" classname="MAETealDataset" name="MAETealDataset_is_pulled_returns_true"/>
    <testcase time="0.138" classname="MAETealDataset" name="MAETealDataset_check_returns_TRUE_when_constructed_with_the_correct_code"/>
    <testcase time="0.145" classname="MAETealDataset" name="FALSE_returned_when_executing_MAETealDataset_check_and_code_is_not_correct"/>
    <testcase time="0.0789999999999997" classname="MAETealDataset" name="Error_raised_when_executing_MAETealDataset_check_and_code_is_empty"/>
    <testcase time="0.0449999999999999" classname="MAETealDataset" name="MAETealDataset_check_keys_doesn_t_throw_if_constructed_with_correct_keys">
      <skipped message="Reason: On CI ('test-MAETealDataset.R:161:3')"/>
    </testcase>
    <testcase time="0.077" classname="MAETealDataset" name="MAETealDataset_check_keys_throws_if_constructed_with_keys_not_present_in_colData"/>
    <testcase time="0.553000000000001" classname="MAETealDataset" name="Error_raised_executing_MAETealDataset_check_keys_and_duplicate_rows_found_in_key_columns"/>
    <testcase time="0.0429999999999993" classname="MAETealDataset" name="dataset_does_not_throw_when_passed_a_MultiAssayExperiment_object"/>
    <testcase time="0.170999999999999" classname="MAETealDataset" name="dataset_constructor_returns_the_same_as_MAETealDataset_new_"/>
  </testsuite>
  <testsuite name="TealData" timestamp="2023-11-22T09:30:38Z" hostname="2070741d6edc" tests="73" skipped="0" failures="0" errors="0" time="0.599">
    <testcase time="0.0130000000000017" classname="TealData" name="TealData_new_throws_if_data_is_not_valid"/>
    <testcase time="0.00499999999999901" classname="TealData" name="TealData_new_throws_if_data_is_not_valid"/>
    <testcase time="0.00900000000000034" classname="TealData" name="TealData_new_sets_join_keys_datasets_based_on_the_passed_join_keys_input_otherwise_empty"/>
    <testcase time="0.00199999999999889" classname="TealData" name="TealData_new_sets_join_keys_datasets_based_on_the_passed_join_keys_input_otherwise_empty"/>
    <testcase time="0.0180000000000007" classname="TealData" name="TealData_new_sets_pull_and_mutate_code_as_empty_CodeClass"/>
    <testcase time="0.00200000000000067" classname="TealData" name="TealData_new_sets_pull_and_mutate_code_as_empty_CodeClass"/>
    <testcase time="0.000999999999999446" classname="TealData" name="TealData_new_sets_pull_and_mutate_code_as_empty_CodeClass"/>
    <testcase time="0.000999999999999446" classname="TealData" name="TealData_new_sets_pull_and_mutate_code_as_empty_CodeClass"/>
    <testcase time="0.0410000000000004" classname="TealData" name="copy_deep_TRUE_deep_copies_self_and_the_items"/>
    <testcase time="0.00300000000000011" classname="TealData" name="copy_deep_TRUE_deep_copies_self_and_the_items"/>
    <testcase time="0.0190000000000001" classname="TealData" name="copy_deep_TRUE_keeps_valid_references_between_items"/>
    <testcase time="0.0080000000000009" classname="TealData" name="TealData_print_prints_out_expected_output_on_basic_input"/>
    <testcase time="0.00499999999999901" classname="TealData" name="TealData_get_connectors_returns_an_empty_list_if_no_connectors_are_provided"/>
    <testcase time="0.0120000000000005" classname="TealData" name="TealData_get_connectors_returns_a_list_with_the_numbers_of_connectors_provided"/>
    <testcase time="0.00600000000000023" classname="TealData" name="TealData_get_items_returns_a_dataset_of_the_passed_dataset_name"/>
    <testcase time="0.0109999999999992" classname="TealData" name="TealData_get_items_returns_the_content_of_the_passed_TealDataConnector_name"/>
    <testcase time="0.00600000000000023" classname="TealData" name="TealData_get_items_returns_a_list_of_the_contents_if_no_dataname_is_defined"/>
    <testcase time="0.0080000000000009" classname="TealData" name="TealData_get_items_throws_an_error_if_the_desired_dataset_is_not_found"/>
    <testcase time="0.0109999999999992" classname="TealData" name="TealData_keeps_references_to_the_objects_passed_to_the_constructor"/>
    <testcase time="0.00600000000000023" classname="TealData" name="TealData_get_join_keys_returns_an_empty_joinKeys_if_no_join_keys_are_passed"/>
    <testcase time="0.00999999999999979" classname="TealData" name="TealData_get_join_keys_returns_all_join_keys_when_no_input_datanme_is_specified"/>
    <testcase time="0.00699999999999967" classname="TealData" name="TealData_get_join_keys_returns_all_join_keys_of_the_single_dataname_specified"/>
    <testcase time="0.0080000000000009" classname="TealData" name="TealData_get_join_keys_returns_the_join_keys_of_the_specified_datanames"/>
    <testcase time="0.00499999999999901" classname="TealData" name="TealData_get_parents_returns_an_empty_list_even_when_parents_are_specified"/>
    <testcase time="0.0100000000000016" classname="TealData" name="TealData_mutate_join_keys_returns_a_join_keys_object_with_the_updated_join_keys"/>
    <testcase time="0.00799999999999912" classname="TealData" name="TealData_mutate_join_keys_changes_keys_for_both_datasets_same_key_in_both_"/>
    <testcase time="0.011000000000001" classname="TealData" name="TealData_check_metadata_fails_if_inconsistent_join_keys_for_given_datasets"/>
    <testcase time="0.00799999999999912" classname="TealData" name="TealData_check_metadata_fails_if_inconsistent_join_keys_for_given_datasets"/>
    <testcase time="0.0080000000000009" classname="TealData" name="TealData_check_metadata_fails_if_inconsistent_join_keys_for_given_datasets"/>
    <testcase time="0.00699999999999967" classname="TealData" name="TealData_check_metadata_does_not_produce_error_if_join_keys_are_consistent_for_given_datasets"/>
    <testcase time="0.00499999999999901" classname="TealData" name="TealData_check_metadata_does_not_produce_error_if_join_keys_are_consistent_for_given_datasets"/>
    <testcase time="0.00500000000000078" classname="TealData" name="TealData_check_metadata_does_not_produce_error_if_join_keys_are_consistent_for_given_datasets"/>
    <testcase time="0.00600000000000023" classname="TealData" name="TealData_check_metadata_does_not_produce_error_if_join_keys_are_consistent_for_given_datasets"/>
    <testcase time="0.0129999999999999" classname="TealData" name="TealData_check_metadata_returns_error_when_a_column_in_the_keys_is_not_found"/>
    <testcase time="0.0220000000000002" classname="TealData" name="TealData_with_single_dataset_and_connector"/>
    <testcase time="0.00399999999999956" classname="TealData" name="TealData_with_single_dataset_and_connector"/>
    <testcase time="0.00399999999999956" classname="TealData" name="TealData_with_single_dataset_and_connector"/>
    <testcase time="0.00399999999999956" classname="TealData" name="TealData_with_single_dataset_and_connector"/>
    <testcase time="0.00200000000000067" classname="TealData" name="TealData_with_single_dataset_and_connector"/>
    <testcase time="0.00399999999999956" classname="TealData" name="TealData_with_single_dataset_and_connector"/>
    <testcase time="0.00100000000000122" classname="TealData" name="TealData_with_single_dataset_and_connector"/>
    <testcase time="0.00199999999999889" classname="TealData" name="TealData_with_single_dataset_and_connector"/>
    <testcase time="0.00900000000000034" classname="TealData" name="TealData_with_single_dataset_and_connector"/>
    <testcase time="0.00600000000000023" classname="TealData" name="TealData_with_single_dataset_and_connector"/>
    <testcase time="0.00600000000000023" classname="TealData" name="TealData_with_single_dataset_and_connector"/>
    <testcase time="0.0719999999999992" classname="TealData" name="TealData_with_mutliple_datasets_and_connectors"/>
    <testcase time="0.00399999999999956" classname="TealData" name="TealData_with_mutliple_datasets_and_connectors"/>
    <testcase time="0.00400000000000134" classname="TealData" name="TealData_with_mutliple_datasets_and_connectors"/>
    <testcase time="0.00199999999999889" classname="TealData" name="TealData_with_mutliple_datasets_and_connectors"/>
    <testcase time="0.00200000000000067" classname="TealData" name="TealData_with_mutliple_datasets_and_connectors"/>
    <testcase time="0.000999999999999446" classname="TealData" name="TealData_with_mutliple_datasets_and_connectors"/>
    <testcase time="0.00200000000000067" classname="TealData" name="TealData_with_mutliple_datasets_and_connectors"/>
    <testcase time="0.00199999999999889" classname="TealData" name="TealData_with_mutliple_datasets_and_connectors"/>
    <testcase time="0.00100000000000122" classname="TealData" name="TealData_with_mutliple_datasets_and_connectors"/>
    <testcase time="0.0129999999999999" classname="TealData" name="TealData_with_mutliple_datasets_and_connectors"/>
    <testcase time="0.0169999999999995" classname="TealData" name="TealData_with_mutliple_datasets_and_connectors"/>
    <testcase time="0.00999999999999979" classname="TealData" name="TealData_with_mutliple_datasets_and_connectors"/>
    <testcase time="0.00999999999999979" classname="TealData" name="TealData_with_mutliple_datasets_and_connectors"/>
    <testcase time="0.0100000000000016" classname="TealData" name="TealData_with_mutliple_datasets_and_connectors"/>
    <testcase time="0.00899999999999856" classname="TealData" name="TealData_with_mutliple_datasets_and_connectors"/>
    <testcase time="0.027000000000001" classname="TealData" name="Multiple_connectors"/>
    <testcase time="0.00300000000000011" classname="TealData" name="Multiple_connectors"/>
    <testcase time="0.00399999999999956" classname="TealData" name="Multiple_connectors"/>
    <testcase time="0.000999999999999446" classname="TealData" name="Multiple_connectors"/>
    <testcase time="0.00200000000000067" classname="TealData" name="Multiple_connectors"/>
    <testcase time="0.00199999999999889" classname="TealData" name="Multiple_connectors"/>
    <testcase time="0.00200000000000067" classname="TealData" name="Multiple_connectors"/>
    <testcase time="0.00300000000000011" classname="TealData" name="Multiple_connectors"/>
    <testcase time="0.00699999999999967" classname="TealData" name="Multiple_connectors"/>
    <testcase time="0.00699999999999967" classname="TealData" name="Multiple_connectors"/>
    <testcase time="0.00600000000000023" classname="TealData" name="Multiple_connectors"/>
    <testcase time="0.00699999999999967" classname="TealData" name="Multiple_connectors"/>
    <testcase time="0.00700000000000145" classname="TealData" name="Multiple_connectors"/>
  </testsuite>
  <testsuite name="TealDataAbstract" timestamp="2023-11-22T09:30:38Z" hostname="2070741d6edc" tests="67" skipped="0" failures="0" errors="0" time="0.774">
    <testcase time="0.0119999999999987" classname="TealDataAbstract" name="TealDataAbstract_cannot_be_instantiated"/>
    <testcase time="0.00700000000000145" classname="TealDataAbstract" name="check_returns_NULL_if_the_check_parameter_is_false"/>
    <testcase time="0.00899999999999856" classname="TealDataAbstract" name="check_throws_an_error_when_one_of_the_passed_datasets_has_empty_code"/>
    <testcase time="0.00900000000000034" classname="TealDataAbstract" name="check_returns_FALSE_if_the_code_provided_in_datasets_does_not_reproduce_them"/>
    <testcase time="0.0129999999999999" classname="TealDataAbstract" name="check_returns_TRUE_if_the_code_is_reproducible"/>
    <testcase time="0.0180000000000007" classname="TealDataAbstract" name="check_reproducibility_passes_if_the_reproducibility_check_passes"/>
    <testcase time="0.00900000000000034" classname="TealDataAbstract" name="check_reproducibility_throws_error_if_reproducibility_check_does_not_pass"/>
    <testcase time="0.0129999999999999" classname="TealDataAbstract" name="get_check_result_method_returns_TRUE_if_check_passed"/>
    <testcase time="0.00300000000000011" classname="TealDataAbstract" name="get_check_result_method_returns_TRUE_if_check_passed"/>
    <testcase time="0.00999999999999979" classname="TealDataAbstract" name="get_check_result_method_returns_NULL_if_check_is_set_to_FALSE"/>
    <testcase time="0.00300000000000011" classname="TealDataAbstract" name="get_check_result_method_returns_NULL_if_check_is_set_to_FALSE"/>
    <testcase time="0.0119999999999987" classname="TealDataAbstract" name="get_code_returns_the_code_of_the_datasets_when_no_input_is_specified"/>
    <testcase time="0.0120000000000005" classname="TealDataAbstract" name="get_code_returns_the_code_of_the_dataset_specifed"/>
    <testcase time="0.0120000000000005" classname="TealDataAbstract" name="get_code_returns_the_non_deparsed_code_when_deparse_is_set_to_FALSE"/>
    <testcase time="0.0129999999999999" classname="TealDataAbstract" name="get_code_throws_error_if_dataname_is_not_character_or_deparse_is_not_logical"/>
    <testcase time="0.00399999999999956" classname="TealDataAbstract" name="get_code_throws_error_if_dataname_is_not_character_or_deparse_is_not_logical"/>
    <testcase time="0.0129999999999999" classname="TealDataAbstract" name="get_code_class_with_TRUE_returns_code_without_mutate_code"/>
    <testcase time="0.0140000000000011" classname="TealDataAbstract" name="get_code_class_with_FALSE_returns_code_with_mutate_code"/>
    <testcase time="0.00900000000000034" classname="TealDataAbstract" name="get_datanames_returns_a_vector_of_characters"/>
    <testcase time="0.0129999999999999" classname="TealDataAbstract" name="get_datanames_throws_error_if_an_argument_is_passed"/>
    <testcase time="0.0119999999999987" classname="TealDataAbstract" name="get_dataset_throws_an_error_if_no_dataset_is_found_with_the_passed_name"/>
    <testcase time="0.0120000000000005" classname="TealDataAbstract" name="get_dataset_throws_an_error_if_passed_name_is_not_character"/>
    <testcase time="0.0220000000000002" classname="TealDataAbstract" name="get_dataset_returns_the_dataset_with_the_passed_name"/>
    <testcase time="0.0359999999999996" classname="TealDataAbstract" name="get_dataset_returns_a_list_of_all_datasets_if_passed_NULL"/>
    <testcase time="0.0370000000000008" classname="TealDataAbstract" name="get_datasets_returns_a_list_of_all_datasets_if_passed_NULL"/>
    <testcase time="0.0109999999999992" classname="TealDataAbstract" name="get_datasets_throws_an_error_is_a_dataset_is_not_pulled_yet"/>
    <testcase time="0.0649999999999995" classname="TealDataAbstract" name="get_items_returns_all_items_in_TealDataAbstract_object_when_no_input_dataname_is_specified"/>
    <testcase time="0.0220000000000002" classname="TealDataAbstract" name="get_items_returns_the_item_of_the_specified_input_dataname"/>
    <testcase time="0.0120000000000005" classname="TealDataAbstract" name="get_items_throws_error_if_dataname_is_not_found"/>
    <testcase time="0.0120000000000005" classname="TealDataAbstract" name="get_check_returns_the_check_status"/>
    <testcase time="0.00799999999999912" classname="TealDataAbstract" name="get_check_returns_the_check_status"/>
    <testcase time="0.0170000000000012" classname="TealDataAbstract" name="is_pulled_returns_if_the_datasets_are_pulled"/>
    <testcase time="0.0129999999999999" classname="TealDataAbstract" name="mutate_updates_the_code"/>
    <testcase time="0.0129999999999999" classname="TealDataAbstract" name="mutate_dataset_updates_the_code_of_the_dataset"/>
    <testcase time="0.0119999999999987" classname="TealDataAbstract" name="mutate_dataset_throws_an_error_if_the_dataname_is_not_found"/>
    <testcase time="0.0129999999999999" classname="TealDataAbstract" name="mutate_dataset_throws_an_error_if_the_dataname_is_not_character"/>
    <testcase time="0.0100000000000016" classname="TealDataAbstract" name="set_check_sets_the_reproducibility_check"/>
    <testcase time="0.00300000000000011" classname="TealDataAbstract" name="set_check_sets_the_reproducibility_check"/>
    <testcase time="0.0119999999999987" classname="TealDataAbstract" name="set_check_accepts_only_logical_input"/>
    <testcase time="0.00600000000000023" classname="TealDataAbstract" name="set_pull_code_sets_code_correctly"/>
    <testcase time="0.00500000000000078" classname="TealDataAbstract" name="set_pull_code_sets_code_correctly"/>
    <testcase time="0.0119999999999987" classname="TealDataAbstract" name="set_pull_code_throws_error_if_code_is_not_character"/>
    <testcase time="0.016" classname="TealDataAbstract" name="set_pull_code_throws_error_if_code_is_specified_on_data_and_dataset_levels"/>
    <testcase time="0.0140000000000011" classname="TealDataAbstract" name="set_pull_code_throws_error_if_TealDataAbstract_has_only_connectors"/>
    <testcase time="0.020999999999999" classname="TealDataAbstract" name="reassign_datasets_vars_updates_the_references_of_vars_in_items_according_to_items_addresses"/>
    <testcase time="0.0140000000000011" classname="TealDataAbstract" name="check_combined_code_returns_TRUE_when_the_code_is_reproducible"/>
    <testcase time="0.00999999999999979" classname="TealDataAbstract" name="check_combined_code_returns_error_when_the_code_is_not_reproducible"/>
    <testcase time="0.00999999999999979" classname="TealDataAbstract" name="check_combined_code_returns_error_when_the_code_is_not_supplied"/>
    <testcase time="0.00699999999999967" classname="TealDataAbstract" name="get_datasets_code_class_returns_an_empty_CodeClass_object_when_no_code_is_passed"/>
    <testcase time="0.000999999999999446" classname="TealDataAbstract" name="get_datasets_code_class_returns_an_empty_CodeClass_object_when_no_code_is_passed"/>
    <testcase time="0.00700000000000145" classname="TealDataAbstract" name="get_datasets_code_class_returns_a_CodeClass_object_with_the_code_passed"/>
    <testcase time="0.00199999999999889" classname="TealDataAbstract" name="get_datasets_code_class_returns_a_CodeClass_object_with_the_code_passed"/>
    <testcase time="0.00500000000000078" classname="TealDataAbstract" name="get_pull_code_class_gets_code_correctly"/>
    <testcase time="0.00300000000000011" classname="TealDataAbstract" name="get_pull_code_class_gets_code_correctly"/>
    <testcase time="0.0120000000000005" classname="TealDataAbstract" name="set_mutate_code_updates_the_object_code"/>
    <testcase time="0.0129999999999999" classname="TealDataAbstract" name="set_mutate_code_accepts_character_code_of_length_1"/>
    <testcase time="0.00399999999999956" classname="TealDataAbstract" name="set_mutate_code_accepts_character_code_of_length_1"/>
    <testcase time="0.00699999999999967" classname="TealDataAbstract" name="set_mutate_vars_appends_the_new_mutate_vars"/>
    <testcase time="0.00200000000000067" classname="TealDataAbstract" name="set_mutate_vars_appends_the_new_mutate_vars"/>
    <testcase time="0.00699999999999967" classname="TealDataAbstract" name="set_mutate_vars_accepts_a_unique_names_list_throws_error_otherwise"/>
    <testcase time="0.00399999999999956" classname="TealDataAbstract" name="set_mutate_vars_accepts_a_unique_names_list_throws_error_otherwise"/>
    <testcase time="0.00500000000000078" classname="TealDataAbstract" name="set_mutate_vars_accepts_a_unique_names_list_throws_error_otherwise"/>
    <testcase time="0.00900000000000034" classname="TealDataAbstract" name="check_names_throws_if_passed_two_datasets_with_the_same_name"/>
    <testcase time="0.00999999999999979" classname="TealDataAbstract" name="execute_mutate_returns_current_datasets_if_no_mutate_code"/>
    <testcase time="0.0120000000000005" classname="TealDataAbstract" name="execute_mutate_returns_updated_datasets"/>
    <testcase time="0.00399999999999956" classname="TealDataAbstract" name="execute_mutate_returns_updated_datasets"/>
    <testcase time="0.00199999999999889" classname="TealDataAbstract" name="execute_mutate_returns_updated_datasets"/>
  </testsuite>
  <testsuite name="TealDataConnection" timestamp="2023-11-22T09:30:39Z" hostname="2070741d6edc" tests="16" skipped="0" failures="0" errors="0" time="0.077">
    <testcase time="0.0180000000000007" classname="TealDataConnection" name="data_connection"/>
    <testcase time="0.000999999999999446" classname="TealDataConnection" name="data_connection"/>
    <testcase time="0.00300000000000011" classname="TealDataConnection" name="data_connection"/>
    <testcase time="0.00400000000000134" classname="TealDataConnection" name="data_connection"/>
    <testcase time="0.00199999999999889" classname="TealDataConnection" name="data_connection"/>
    <testcase time="0.00100000000000122" classname="TealDataConnection" name="data_connection"/>
    <testcase time="0.00199999999999889" classname="TealDataConnection" name="data_connection"/>
    <testcase time="0.00300000000000011" classname="TealDataConnection" name="data_connection"/>
    <testcase time="0.016" classname="TealDataConnection" name="data_connection_returns_a_TealDataConnection_object_on_basic_input"/>
    <testcase time="0.00399999999999956" classname="TealDataConnection" name="TealDataConnection_can_be_initialized"/>
    <testcase time="0.00400000000000134" classname="TealDataConnection" name="TealDataConnection_set_preopen_server_accepts_the_old_Shiny_module_definition"/>
    <testcase time="0.00399999999999956" classname="TealDataConnection" name="TealDataConnection_set_preopen_server_accepts_the_new_Shiny_module_definition"/>
    <testcase time="0.00399999999999956" classname="TealDataConnection" name="TealDataConnection_set_open_server_accepts_the_old_Shiny_module_definition"/>
    <testcase time="0.00399999999999956" classname="TealDataConnection" name="TealDataConnection_set_open_server_accepts_the_new_Shiny_module_definition"/>
    <testcase time="0.00300000000000011" classname="TealDataConnection" name="TealDataConnection_set_close_server_accepts_the_old_Shiny_module_definition"/>
    <testcase time="0.00399999999999956" classname="TealDataConnection" name="TealDataConnection_set_close_server_accepts_the_new_Shiny_module_definition"/>
  </testsuite>
  <testsuite name="TealDataConnector" timestamp="2023-11-22T09:30:39Z" hostname="2070741d6edc" tests="8" skipped="0" failures="0" errors="0" time="0.059">
    <testcase time="0.0250000000000004" classname="TealDataConnector" name="TealDataConnector_with_TealDataConnection"/>
    <testcase time="0.00300000000000011" classname="TealDataConnector" name="TealDataConnector_with_TealDataConnection"/>
    <testcase time="0.00300000000000011" classname="TealDataConnector" name="TealDataConnector_with_TealDataConnection"/>
    <testcase time="0.00300000000000011" classname="TealDataConnector" name="TealDataConnector_with_TealDataConnection"/>
    <testcase time="0.00600000000000023" classname="TealDataConnector" name="TealDataConnector_print_prints_out_expected_output_on_basic_input"/>
    <testcase time="0.00699999999999967" classname="TealDataConnector" name="relational_data_connector_returns_a_TealDataConnector_object_on_basic_input"/>
    <testcase time="0.00699999999999967" classname="TealDataConnector" name="relational_data_connector_has_input_validation"/>
    <testcase time="0.00500000000000078" classname="TealDataConnector" name="relational_data_connector_has_input_validation"/>
  </testsuite>
  <testsuite name="TealDataset" timestamp="2023-11-22T09:30:39Z" hostname="2070741d6edc" tests="124" skipped="0" failures="0" errors="0" time="0.627">
    <testcase time="0.00999999999999979" classname="TealDataset" name="TealDataset_basics"/>
    <testcase time="0.000999999999999446" classname="TealDataset" name="TealDataset_basics"/>
    <testcase time="0.00200000000000067" classname="TealDataset" name="TealDataset_basics"/>
    <testcase time="0.000999999999999446" classname="TealDataset" name="TealDataset_basics"/>
    <testcase time="0.00100000000000122" classname="TealDataset" name="TealDataset_basics"/>
    <testcase time="0.00300000000000011" classname="TealDataset" name="TealDataset_basics"/>
    <testcase time="0.00199999999999889" classname="TealDataset" name="TealDataset_basics"/>
    <testcase time="0.00500000000000078" classname="TealDataset" name="TealDataset_basics"/>
    <testcase time="0.00699999999999967" classname="TealDataset" name="TealDataset_basics"/>
    <testcase time="0.00799999999999912" classname="TealDataset" name="metadata_not_a_list_throws_an_error"/>
    <testcase time="0.0080000000000009" classname="TealDataset" name="metadata_not_a_list_of_length_one_atomics_throws_an_error"/>
    <testcase time="0.00600000000000023" classname="TealDataset" name="metadata_not_a_list_of_length_one_atomics_throws_an_error"/>
    <testcase time="0.00399999999999956" classname="TealDataset" name="metadata_can_be_NULL_the_default_"/>
    <testcase time="0.0129999999999999" classname="TealDataset" name="metadata_can_be_NULL_the_default_"/>
    <testcase time="0.00500000000000078" classname="TealDataset" name="TealDataset_recreate"/>
    <testcase time="0.00499999999999901" classname="TealDataset" name="TealDataset_get___colnames"/>
    <testcase time="0.000999999999999446" classname="TealDataset" name="TealDataset_get___colnames"/>
    <testcase time="0.00200000000000067" classname="TealDataset" name="TealDataset_get___colnames"/>
    <testcase time="0.00399999999999956" classname="TealDataset" name="TealDataset_get_rownames"/>
    <testcase time="0.00500000000000078" classname="TealDataset" name="TealDataset_active_bindings_and_getters"/>
    <testcase time="0.000999999999999446" classname="TealDataset" name="TealDataset_active_bindings_and_getters"/>
    <testcase time="0.00200000000000067" classname="TealDataset" name="TealDataset_active_bindings_and_getters"/>
    <testcase time="0.000999999999999446" classname="TealDataset" name="TealDataset_active_bindings_and_getters"/>
    <testcase time="0.00200000000000067" classname="TealDataset" name="TealDataset_active_bindings_and_getters"/>
    <testcase time="0.000999999999999446" classname="TealDataset" name="TealDataset_active_bindings_and_getters"/>
    <testcase time="0.00300000000000011" classname="TealDataset" name="TealDataset_active_bindings_and_getters"/>
    <testcase time="0.000999999999999446" classname="TealDataset" name="TealDataset_active_bindings_and_getters"/>
    <testcase time="0.00700000000000145" classname="TealDataset" name="TealDataset_supplementary_constructors"/>
    <testcase time="0.00499999999999901" classname="TealDataset" name="TealDataset_supplementary_constructors"/>
    <testcase time="0.0080000000000009" classname="TealDataset" name="TealDataset_set_vars_throws_an_error_if_passed_the_enclosing_TealDataset_object_directly"/>
    <testcase time="0.00799999999999912" classname="TealDataset" name="TealDataset_set_vars_throws_an_error_if_passed_the_enclosing_TealDataset_object_indirectly_distance_1"/>
    <testcase time="0.0169999999999995" classname="TealDataset" name="TealDataset_set_vars_throws_an_error_if_passed_the_enclosing_TealDataset_object_indirectly_distance_2"/>
    <testcase time="0.00900000000000034" classname="TealDataset" name="TealDataset_set_vars_throws_an_error_if_passed_the_enclosing_TealDatasetConnector"/>
    <testcase time="0.011000000000001" classname="TealDataset" name="TealDataset_set_vars_throws_an_error_if_passed_the_enclosing_TealDatasetConnector"/>
    <testcase time="0.00699999999999967" classname="TealDataset" name="TealDataset_set_vars_throws_an_error_if_passed_the_enclosing_TealDatasetConnector"/>
    <testcase time="0.0139999999999993" classname="TealDataset" name="TealDataset_mutate_method_with_delayed_logic"/>
    <testcase time="0.00200000000000067" classname="TealDataset" name="TealDataset_mutate_method_with_delayed_logic"/>
    <testcase time="0.00300000000000011" classname="TealDataset" name="TealDataset_mutate_method_with_delayed_logic"/>
    <testcase time="0.00300000000000011" classname="TealDataset" name="TealDataset_mutate_method_with_delayed_logic"/>
    <testcase time="0.00199999999999889" classname="TealDataset" name="TealDataset_mutate_method_with_delayed_logic"/>
    <testcase time="0.00500000000000078" classname="TealDataset" name="TealDataset_mutate_method_with_delayed_logic"/>
    <testcase time="0.00199999999999889" classname="TealDataset" name="TealDataset_mutate_method_with_delayed_logic"/>
    <testcase time="0.00300000000000011" classname="TealDataset" name="TealDataset_mutate_method_with_delayed_logic"/>
    <testcase time="0.00500000000000078" classname="TealDataset" name="TealDataset_mutate_method_with_delayed_logic"/>
    <testcase time="0.00300000000000011" classname="TealDataset" name="TealDataset_mutate_method_with_delayed_logic"/>
    <testcase time="0.00300000000000011" classname="TealDataset" name="TealDataset_mutate_method_with_delayed_logic"/>
    <testcase time="0.00499999999999901" classname="TealDataset" name="TealDataset_mutate_method_with_delayed_logic"/>
    <testcase time="0.00400000000000134" classname="TealDataset" name="TealDataset_mutate_method_with_delayed_logic"/>
    <testcase time="0.00499999999999901" classname="TealDataset" name="TealDataset_mutate_method_with_delayed_logic"/>
    <testcase time="0.00300000000000011" classname="TealDataset" name="TealDataset_mutate_method_with_delayed_logic"/>
    <testcase time="0.00300000000000011" classname="TealDataset" name="TealDataset_mutate_method_with_delayed_logic"/>
    <testcase time="0.00600000000000023" classname="TealDataset" name="TealDataset_mutate_method_with_delayed_logic"/>
    <testcase time="0.00399999999999956" classname="TealDataset" name="TealDataset_mutate_method_with_delayed_logic"/>
    <testcase time="0.00600000000000023" classname="TealDataset" name="TealDataset_mutate_method_with_delayed_logic"/>
    <testcase time="0.00300000000000011" classname="TealDataset" name="TealDataset_mutate_method_with_delayed_logic"/>
    <testcase time="0.00600000000000023" classname="TealDataset" name="TealDataset_mutate_method_with_delayed_logic"/>
    <testcase time="0.00399999999999956" classname="TealDataset" name="TealDataset_mutate_method_with_delayed_logic"/>
    <testcase time="0.00300000000000011" classname="TealDataset" name="TealDataset_mutate_method_with_delayed_logic"/>
    <testcase time="0.00300000000000011" classname="TealDataset" name="TealDataset_mutate_method_with_delayed_logic"/>
    <testcase time="0.00600000000000023" classname="TealDataset" name="TealDataset_mutate_method_with_delayed_logic"/>
    <testcase time="0.00799999999999912" classname="TealDataset" name="TealDataset_mutate_method_with_delayed_logic"/>
    <testcase time="0.00300000000000011" classname="TealDataset" name="TealDataset_mutate_method_with_delayed_logic"/>
    <testcase time="0.00200000000000067" classname="TealDataset" name="TealDataset_mutate_method_with_delayed_logic"/>
    <testcase time="0.00799999999999912" classname="TealDataset" name="TealDataset_check_method"/>
    <testcase time="0.00600000000000023" classname="TealDataset" name="TealDataset_check_method"/>
    <testcase time="0.00600000000000023" classname="TealDataset" name="TealDataset_check_method"/>
    <testcase time="0.00600000000000023" classname="TealDataset" name="TealDataset_check_method"/>
    <testcase time="0.00600000000000023" classname="TealDataset" name="TealDataset_check_method"/>
    <testcase time="0.00699999999999967" classname="TealDataset" name="TealDataset_check_method"/>
    <testcase time="0.00600000000000023" classname="TealDataset" name="TealDataset_check_method"/>
    <testcase time="0.00799999999999912" classname="TealDataset" name="TealDataset_check_returns_FALSE_if_the_passed_code_creates_a_binding_with_a_different_object"/>
    <testcase time="0.0100000000000016" classname="TealDataset" name="get_code_class_returns_the_correct_CodeClass_object"/>
    <testcase time="0.00599999999999845" classname="TealDataset" name="get_code_class_returns_the_correct_CodeClass_object"/>
    <testcase time="0.0130000000000017" classname="TealDataset" name="get_code_class_returns_the_correct_CodeClass_after_mutating_with_another_TealDataset"/>
    <testcase time="0.00899999999999856" classname="TealDataset" name="TealDataset_recreate_does_not_reset_the_mutation_code"/>
    <testcase time="0.00600000000000023" classname="TealDataset" name="TealDataset_recreate_does_not_reset_the_variables_needed_for_mutation"/>
    <testcase time="0.00699999999999967" classname="TealDataset" name="TealDataset_is_mutate_delayed_returns_TRUE_if_the_TealDataset_s_dependency_is_delayed"/>
    <testcase time="0.0100000000000016" classname="TealDataset" name="TealDataset_is_mutate_delayed_stays_FALSE_if_the_TealDataset_s_dependency_turns_from_not_delayed_to_delayed"/>
    <testcase time="0.00299999999999834" classname="TealDataset" name="TealDataset_is_mutate_delayed_stays_FALSE_if_the_TealDataset_s_dependency_turns_from_not_delayed_to_delayed"/>
    <testcase time="0.00400000000000134" classname="TealDataset" name="TealDataset_is_mutate_delayed_stays_FALSE_if_the_TealDataset_s_dependency_turns_from_not_delayed_to_delayed"/>
    <testcase time="0.00799999999999912" classname="TealDataset" name="Dupliated_mutation_code_is_shown_via_get_code_"/>
    <testcase time="0.00500000000000078" classname="TealDataset" name="mutate_dataset"/>
    <testcase time="0.00600000000000023" classname="TealDataset" name="mutate_dataset"/>
    <testcase time="0.00499999999999901" classname="TealDataset" name="mutate_dataset"/>
    <testcase time="0.00600000000000023" classname="TealDataset" name="mutate_dataset"/>
    <testcase time="0.00600000000000023" classname="TealDataset" name="mutate_dataset"/>
    <testcase time="0.00200000000000067" classname="TealDataset" name="mutate_dataset"/>
    <testcase time="0.000999999999999446" classname="TealDataset" name="mutate_dataset"/>
    <testcase time="0.00600000000000023" classname="TealDataset" name="mutate_dataset"/>
    <testcase time="0.00499999999999901" classname="TealDataset" name="mutate_dataset"/>
    <testcase time="0.00300000000000011" classname="TealDataset" name="mutate_dataset"/>
    <testcase time="0.00600000000000023" classname="TealDataset" name="mutate_dataset"/>
    <testcase time="0.00300000000000011" classname="TealDataset" name="mutate_dataset"/>
    <testcase time="0.00300000000000011" classname="TealDataset" name="mutate_dataset"/>
    <testcase time="0.00200000000000067" classname="TealDataset" name="mutate_dataset"/>
    <testcase time="0.00499999999999901" classname="TealDataset" name="mutate_dataset"/>
    <testcase time="0.00200000000000067" classname="TealDataset" name="mutate_dataset"/>
    <testcase time="0.00199999999999889" classname="TealDataset" name="mutate_dataset"/>
    <testcase time="0.00300000000000011" classname="TealDataset" name="mutate_dataset"/>
    <testcase time="0.00500000000000078" classname="TealDataset" name="mutate_dataset"/>
    <testcase time="0.00200000000000067" classname="TealDataset" name="mutate_dataset"/>
    <testcase time="0.00199999999999889" classname="TealDataset" name="mutate_dataset"/>
    <testcase time="0.00300000000000011" classname="TealDataset" name="mutate_dataset"/>
    <testcase time="0.00699999999999967" classname="TealDataset" name="mutate_dataset"/>
    <testcase time="0.00699999999999967" classname="TealDataset" name="mutate_dataset_with_vars_argument"/>
    <testcase time="0.00400000000000134" classname="TealDataset" name="mutate_dataset_with_vars_argument"/>
    <testcase time="0.00499999999999901" classname="TealDataset" name="mutate_dataset_with_vars_argument"/>
    <testcase time="0.00400000000000134" classname="TealDataset" name="mutate_dataset_with_vars_argument"/>
    <testcase time="0.00899999999999856" classname="TealDataset" name="mutate_dataset_with_vars_argument"/>
    <testcase time="0.00400000000000134" classname="TealDataset" name="mutate_dataset_with_vars_argument"/>
    <testcase time="0.00399999999999956" classname="TealDataset" name="mutate_dataset_with_vars_argument"/>
    <testcase time="0.00399999999999956" classname="TealDataset" name="mutate_dataset_with_vars_argument"/>
    <testcase time="0.00500000000000078" classname="TealDataset" name="mutate_dataset_with_vars_argument"/>
    <testcase time="0.00399999999999956" classname="TealDataset" name="mutate_dataset_with_vars_argument"/>
    <testcase time="0.00600000000000023" classname="TealDataset" name="dataset_print_warns_of_superfluous_arguments"/>
    <testcase time="0.00600000000000023" classname="TealDataset" name="dataset_print_prints_out_all_rows_when_less_than_6"/>
    <testcase time="0.00599999999999845" classname="TealDataset" name="dataset_print_truncates_output_after_6_rows"/>
    <testcase time="0.00600000000000023" classname="TealDataset" name="get_var_r6_returns_identical_R6_objects_as_passed_with_set_vars"/>
    <testcase time="0.0120000000000005" classname="TealDataset" name="clone_deep_TRUE_deep_clones_dependencies_which_are_TealDataset_objects"/>
    <testcase time="0.00699999999999967" classname="TealDataset" name="reassign_datasets_vars_updates_the_references_of_the_vars_to_addresses_of_passed_objects"/>
    <testcase time="0.00699999999999967" classname="TealDataset" name="reassign_datasets_vars_updates_the_references_of_the_vars_r6_to_addresses_of_passed_objects"/>
    <testcase time="0.00600000000000023" classname="TealDataset" name="reassign_datasets_vars_does_not_change_vars_elements_of_class_different_than_TealDataset_and_TealDatasetConnector"/>
    <testcase time="0.00500000000000078" classname="TealDataset" name="reassign_datasets_vars_does_not_change_any_vars_while_empty_list_is_provided"/>
    <testcase time="0.00200000000000067" classname="TealDataset" name="reassign_datasets_vars_does_not_change_any_vars_while_empty_list_is_provided"/>
  </testsuite>
  <testsuite name="TealDatasetConnector" timestamp="2023-11-22T09:30:40Z" hostname="2070741d6edc" tests="194" skipped="0" failures="0" errors="0" time="1.802">
    <testcase time="0.0139999999999993" classname="TealDatasetConnector" name="TealDatasetConnector"/>
    <testcase time="0.00200000000000067" classname="TealDatasetConnector" name="TealDatasetConnector"/>
    <testcase time="0.00199999999999889" classname="TealDatasetConnector" name="TealDatasetConnector"/>
    <testcase time="0.00200000000000067" classname="TealDatasetConnector" name="TealDatasetConnector"/>
    <testcase time="0.00399999999999956" classname="TealDatasetConnector" name="TealDatasetConnector"/>
    <testcase time="0.00399999999999956" classname="TealDatasetConnector" name="TealDatasetConnector"/>
    <testcase time="0.00400000000000134" classname="TealDatasetConnector" name="TealDatasetConnector"/>
    <testcase time="0.00399999999999956" classname="TealDatasetConnector" name="TealDatasetConnector"/>
    <testcase time="0.00300000000000011" classname="TealDatasetConnector" name="TealDatasetConnector"/>
    <testcase time="0.000999999999999446" classname="TealDatasetConnector" name="TealDatasetConnector"/>
    <testcase time="0.000999999999999446" classname="TealDatasetConnector" name="TealDatasetConnector"/>
    <testcase time="0.00200000000000067" classname="TealDatasetConnector" name="TealDatasetConnector"/>
    <testcase time="0.000999999999999446" classname="TealDatasetConnector" name="TealDatasetConnector"/>
    <testcase time="0.00400000000000134" classname="TealDatasetConnector" name="TealDatasetConnector"/>
    <testcase time="0.000999999999999446" classname="TealDatasetConnector" name="TealDatasetConnector"/>
    <testcase time="0.00900000000000034" classname="TealDatasetConnector" name="TealDatasetConnector"/>
    <testcase time="0.00199999999999889" classname="TealDatasetConnector" name="TealDatasetConnector"/>
    <testcase time="0.00600000000000023" classname="TealDatasetConnector" name="TealDatasetConnector"/>
    <testcase time="0.00300000000000011" classname="TealDatasetConnector" name="TealDatasetConnector"/>
    <testcase time="0.00399999999999956" classname="TealDatasetConnector" name="TealDatasetConnector"/>
    <testcase time="0.00100000000000122" classname="TealDatasetConnector" name="TealDatasetConnector"/>
    <testcase time="0.0109999999999992" classname="TealDatasetConnector" name="metadata_for_TealDatasetConnector_can_be_Callable_list_or_NULL"/>
    <testcase time="0.000999999999999446" classname="TealDatasetConnector" name="metadata_for_TealDatasetConnector_can_be_Callable_list_or_NULL"/>
    <testcase time="0.00200000000000067" classname="TealDatasetConnector" name="metadata_for_TealDatasetConnector_can_be_Callable_list_or_NULL"/>
    <testcase time="0.0340000000000007" classname="TealDatasetConnector" name="rds_dataset_connector"/>
    <testcase time="0.0219999999999985" classname="TealDatasetConnector" name="rds_dataset_connector"/>
    <testcase time="0.00300000000000011" classname="TealDatasetConnector" name="rds_dataset_connector"/>
    <testcase time="0.00200000000000067" classname="TealDatasetConnector" name="rds_dataset_connector"/>
    <testcase time="0.0350000000000001" classname="TealDatasetConnector" name="csv_dataset_connector_not_expected_input"/>
    <testcase time="0.00600000000000023" classname="TealDatasetConnector" name="csv_dataset_connector_not_expected_input"/>
    <testcase time="0.00600000000000023" classname="TealDatasetConnector" name="csv_dataset_connector_not_expected_input"/>
    <testcase time="0.00499999999999901" classname="TealDatasetConnector" name="csv_dataset_connector_not_expected_input"/>
    <testcase time="0.215" classname="TealDatasetConnector" name="csv_dataset_connector"/>
    <testcase time="0.00100000000000122" classname="TealDatasetConnector" name="csv_dataset_connector"/>
    <testcase time="0.00300000000000011" classname="TealDatasetConnector" name="csv_dataset_connector"/>
    <testcase time="0.00300000000000011" classname="TealDatasetConnector" name="csv_dataset_connector"/>
    <testcase time="0.000999999999999446" classname="TealDatasetConnector" name="csv_dataset_connector"/>
    <testcase time="0.00199999999999889" classname="TealDatasetConnector" name="csv_dataset_connector"/>
    <testcase time="0.0660000000000007" classname="TealDatasetConnector" name="csv_dataset_connector"/>
    <testcase time="0.000999999999999446" classname="TealDatasetConnector" name="csv_dataset_connector"/>
    <testcase time="0.00300000000000011" classname="TealDatasetConnector" name="csv_dataset_connector"/>
    <testcase time="0.00300000000000011" classname="TealDatasetConnector" name="csv_dataset_connector"/>
    <testcase time="0.00100000000000122" classname="TealDatasetConnector" name="csv_dataset_connector"/>
    <testcase time="0.00199999999999889" classname="TealDatasetConnector" name="csv_dataset_connector"/>
    <testcase time="0.000999999999999446" classname="TealDatasetConnector" name="csv_dataset_connector"/>
    <testcase time="0.0600000000000005" classname="TealDatasetConnector" name="csv_dataset_connector"/>
    <testcase time="0.00100000000000122" classname="TealDatasetConnector" name="csv_dataset_connector"/>
    <testcase time="0.00299999999999834" classname="TealDatasetConnector" name="csv_dataset_connector"/>
    <testcase time="0.00300000000000011" classname="TealDatasetConnector" name="csv_dataset_connector"/>
    <testcase time="0.00100000000000122" classname="TealDatasetConnector" name="csv_dataset_connector"/>
    <testcase time="0.00199999999999889" classname="TealDatasetConnector" name="csv_dataset_connector"/>
    <testcase time="0.00100000000000122" classname="TealDatasetConnector" name="csv_dataset_connector"/>
    <testcase time="0.0609999999999999" classname="TealDatasetConnector" name="csv_dataset_connector"/>
    <testcase time="0.000999999999999446" classname="TealDatasetConnector" name="csv_dataset_connector"/>
    <testcase time="0.00300000000000011" classname="TealDatasetConnector" name="csv_dataset_connector"/>
    <testcase time="0.00300000000000011" classname="TealDatasetConnector" name="csv_dataset_connector"/>
    <testcase time="0.00199999999999889" classname="TealDatasetConnector" name="csv_dataset_connector"/>
    <testcase time="0.00100000000000122" classname="TealDatasetConnector" name="csv_dataset_connector"/>
    <testcase time="0.000999999999999446" classname="TealDatasetConnector" name="csv_dataset_connector"/>
    <testcase time="0.0380000000000003" classname="TealDatasetConnector" name="csv_dataset_connector_non_standard_datasets_multi_space_character_delim"/>
    <testcase time="0.000999999999999446" classname="TealDatasetConnector" name="csv_dataset_connector_non_standard_datasets_multi_space_character_delim"/>
    <testcase time="0.00300000000000011" classname="TealDatasetConnector" name="csv_dataset_connector_non_standard_datasets_multi_space_character_delim"/>
    <testcase time="0.00300000000000011" classname="TealDatasetConnector" name="csv_dataset_connector_non_standard_datasets_multi_space_character_delim"/>
    <testcase time="0.00200000000000067" classname="TealDatasetConnector" name="csv_dataset_connector_non_standard_datasets_multi_space_character_delim"/>
    <testcase time="0.000999999999999446" classname="TealDatasetConnector" name="csv_dataset_connector_non_standard_datasets_multi_space_character_delim"/>
    <testcase time="0.072000000000001" classname="TealDatasetConnector" name="csv_dataset_connector_non_standard_datasets_multi_space_character_delim"/>
    <testcase time="0.00399999999999956" classname="TealDatasetConnector" name="csv_dataset_connector_non_standard_datasets_multi_space_character_delim"/>
    <testcase time="0.000999999999999446" classname="TealDatasetConnector" name="csv_dataset_connector_non_standard_datasets_multi_space_character_delim"/>
    <testcase time="0.00300000000000011" classname="TealDatasetConnector" name="csv_dataset_connector_non_standard_datasets_multi_space_character_delim"/>
    <testcase time="0.00300000000000011" classname="TealDatasetConnector" name="csv_dataset_connector_non_standard_datasets_multi_space_character_delim"/>
    <testcase time="0.00300000000000011" classname="TealDatasetConnector" name="csv_dataset_connector_non_standard_datasets_multi_space_character_delim"/>
    <testcase time="0.0389999999999997" classname="TealDatasetConnector" name="csv_dataset_connector_attritubes"/>
    <testcase time="0.000999999999999446" classname="TealDatasetConnector" name="csv_dataset_connector_attritubes"/>
    <testcase time="0.00300000000000011" classname="TealDatasetConnector" name="csv_dataset_connector_attritubes"/>
    <testcase time="0.00400000000000134" classname="TealDatasetConnector" name="csv_dataset_connector_attritubes"/>
    <testcase time="0.00399999999999956" classname="TealDatasetConnector" name="csv_dataset_connector_attritubes"/>
    <testcase time="0.0749999999999993" classname="TealDatasetConnector" name="csv_cdisc_dataset_connector"/>
    <testcase time="0.00100000000000122" classname="TealDatasetConnector" name="csv_cdisc_dataset_connector"/>
    <testcase time="0.00299999999999834" classname="TealDatasetConnector" name="csv_cdisc_dataset_connector"/>
    <testcase time="0.00300000000000011" classname="TealDatasetConnector" name="csv_cdisc_dataset_connector"/>
    <testcase time="0.00200000000000067" classname="TealDatasetConnector" name="csv_cdisc_dataset_connector"/>
    <testcase time="0.000999999999999446" classname="TealDatasetConnector" name="csv_cdisc_dataset_connector"/>
    <testcase time="0.0600000000000005" classname="TealDatasetConnector" name="csv_cdisc_dataset_connector"/>
    <testcase time="0.00200000000000067" classname="TealDatasetConnector" name="csv_cdisc_dataset_connector"/>
    <testcase time="0.00199999999999889" classname="TealDatasetConnector" name="csv_cdisc_dataset_connector"/>
    <testcase time="0.00400000000000134" classname="TealDatasetConnector" name="csv_cdisc_dataset_connector"/>
    <testcase time="0.000999999999999446" classname="TealDatasetConnector" name="csv_cdisc_dataset_connector"/>
    <testcase time="0.00199999999999889" classname="TealDatasetConnector" name="csv_cdisc_dataset_connector"/>
    <testcase time="0.00100000000000122" classname="TealDatasetConnector" name="csv_cdisc_dataset_connector"/>
    <testcase time="0.0149999999999988" classname="TealDatasetConnector" name="script_dataset_connector"/>
    <testcase time="0.00500000000000078" classname="TealDatasetConnector" name="script_dataset_connector"/>
    <testcase time="0.00300000000000011" classname="TealDatasetConnector" name="script_dataset_connector"/>
    <testcase time="0.016" classname="TealDatasetConnector" name="script_cdisc_dataset_connector"/>
    <testcase time="0.00300000000000011" classname="TealDatasetConnector" name="script_cdisc_dataset_connector"/>
    <testcase time="0.00300000000000011" classname="TealDatasetConnector" name="script_cdisc_dataset_connector"/>
    <testcase time="0.0120000000000005" classname="TealDatasetConnector" name="fun_cdisc_dataset_connector"/>
    <testcase time="0.00499999999999901" classname="TealDatasetConnector" name="fun_cdisc_dataset_connector"/>
    <testcase time="0.00300000000000011" classname="TealDatasetConnector" name="fun_cdisc_dataset_connector"/>
    <testcase time="0.0129999999999999" classname="TealDatasetConnector" name="fun_cdisc_dataset_connector"/>
    <testcase time="0.00399999999999956" classname="TealDatasetConnector" name="fun_cdisc_dataset_connector"/>
    <testcase time="0.00100000000000122" classname="TealDatasetConnector" name="fun_cdisc_dataset_connector"/>
    <testcase time="0.00600000000000023" classname="TealDatasetConnector" name="code_dataset_connector_Test_various_inputs"/>
    <testcase time="0.00300000000000011" classname="TealDatasetConnector" name="code_dataset_connector_Test_various_inputs"/>
    <testcase time="0.00399999999999956" classname="TealDatasetConnector" name="code_dataset_connector_Test_various_inputs"/>
    <testcase time="0.00300000000000011" classname="TealDatasetConnector" name="code_dataset_connector_Test_various_inputs"/>
    <testcase time="0.016" classname="TealDatasetConnector" name="code_dataset_connector_Modify_vars"/>
    <testcase time="0.0220000000000002" classname="TealDatasetConnector" name="code_dataset_connector_Modify_vars"/>
    <testcase time="0.00399999999999956" classname="TealDatasetConnector" name="code_dataset_connector_Modify_vars"/>
    <testcase time="0.0309999999999988" classname="TealDatasetConnector" name="code_dataset_connector_library_calls"/>
    <testcase time="0.0100000000000016" classname="TealDatasetConnector" name="code_dataset_connector_library_calls"/>
    <testcase time="0.00199999999999889" classname="TealDatasetConnector" name="code_dataset_connector_library_calls"/>
    <testcase time="0.00100000000000122" classname="TealDatasetConnector" name="code_dataset_connector_library_calls"/>
    <testcase time="0.00199999999999889" classname="TealDatasetConnector" name="code_dataset_connector_library_calls"/>
    <testcase time="0.00999999999999979" classname="TealDatasetConnector" name="TealDatasetConnector_mutate_method_with_delayed_logic"/>
    <testcase time="0.016" classname="TealDatasetConnector" name="TealDatasetConnector_mutate_method_with_delayed_logic"/>
    <testcase time="0.00500000000000078" classname="TealDatasetConnector" name="TealDatasetConnector_mutate_method_with_delayed_logic"/>
    <testcase time="0.00399999999999956" classname="TealDatasetConnector" name="TealDatasetConnector_mutate_method_with_delayed_logic"/>
    <testcase time="0.00300000000000011" classname="TealDatasetConnector" name="TealDatasetConnector_mutate_method_with_delayed_logic"/>
    <testcase time="0.00799999999999912" classname="TealDatasetConnector" name="TealDatasetConnector_mutate_method_with_delayed_logic"/>
    <testcase time="0.00300000000000011" classname="TealDatasetConnector" name="TealDatasetConnector_mutate_method_with_delayed_logic"/>
    <testcase time="0.00400000000000134" classname="TealDatasetConnector" name="TealDatasetConnector_mutate_method_with_delayed_logic"/>
    <testcase time="0.00399999999999956" classname="TealDatasetConnector" name="TealDatasetConnector_mutate_method_with_delayed_logic"/>
    <testcase time="0.00600000000000023" classname="TealDatasetConnector" name="TealDatasetConnector_mutate_method_with_delayed_logic"/>
    <testcase time="0.00300000000000011" classname="TealDatasetConnector" name="TealDatasetConnector_mutate_method_with_delayed_logic"/>
    <testcase time="0.00600000000000023" classname="TealDatasetConnector" name="TealDatasetConnector_mutate_method_with_delayed_logic"/>
    <testcase time="0.0109999999999992" classname="TealDatasetConnector" name="TealDatasetConnector_mutate_method_with_delayed_logic"/>
    <testcase time="0.00399999999999956" classname="TealDatasetConnector" name="TealDatasetConnector_mutate_method_with_delayed_logic"/>
    <testcase time="0.00300000000000011" classname="TealDatasetConnector" name="TealDatasetConnector_mutate_method_with_delayed_logic"/>
    <testcase time="0.00300000000000011" classname="TealDatasetConnector" name="TealDatasetConnector_mutate_method_with_delayed_logic"/>
    <testcase time="0.00399999999999956" classname="TealDatasetConnector" name="TealDatasetConnector_mutate_method_with_delayed_logic"/>
    <testcase time="0.00700000000000145" classname="TealDatasetConnector" name="TealDatasetConnector_mutate_method_with_delayed_logic"/>
    <testcase time="0.00300000000000011" classname="TealDatasetConnector" name="TealDatasetConnector_mutate_method_with_delayed_logic"/>
    <testcase time="0.0109999999999992" classname="TealDatasetConnector" name="TealDatasetConnector_mutate_method_with_delayed_logic"/>
    <testcase time="0.00399999999999956" classname="TealDatasetConnector" name="TealDatasetConnector_mutate_method_with_delayed_logic"/>
    <testcase time="0.00399999999999956" classname="TealDatasetConnector" name="TealDatasetConnector_mutate_method_with_delayed_logic"/>
    <testcase time="0.0130000000000017" classname="TealDatasetConnector" name="TealDatasetConnector_mutate_method_with_delayed_logic"/>
    <testcase time="0.00399999999999956" classname="TealDatasetConnector" name="TealDatasetConnector_mutate_method_with_delayed_logic"/>
    <testcase time="0.0139999999999993" classname="TealDatasetConnector" name="TealDatasetConnector_mutate_method_with_delayed_logic"/>
    <testcase time="0.00399999999999956" classname="TealDatasetConnector" name="TealDatasetConnector_mutate_method_with_delayed_logic"/>
    <testcase time="0.00200000000000067" classname="TealDatasetConnector" name="TealDatasetConnector_mutate_method_with_delayed_logic"/>
    <testcase time="0.00500000000000078" classname="TealDatasetConnector" name="TealDatasetConnector_mutate_method_with_delayed_logic"/>
    <testcase time="0.00399999999999956" classname="TealDatasetConnector" name="TealDatasetConnector_mutate_method_with_delayed_logic"/>
    <testcase time="0.00699999999999967" classname="TealDatasetConnector" name="TealDatasetConnector_mutate_method_with_delayed_logic"/>
    <testcase time="0.00399999999999956" classname="TealDatasetConnector" name="TealDatasetConnector_mutate_method_with_delayed_logic"/>
    <testcase time="0.00999999999999979" classname="TealDatasetConnector" name="TealDatasetConnector_mutate_method_with_delayed_logic"/>
    <testcase time="0.00400000000000134" classname="TealDatasetConnector" name="TealDatasetConnector_mutate_method_with_delayed_logic"/>
    <testcase time="0.00300000000000011" classname="TealDatasetConnector" name="TealDatasetConnector_mutate_method_with_delayed_logic"/>
    <testcase time="0.00499999999999901" classname="TealDatasetConnector" name="TealDatasetConnector_mutate_method_with_delayed_logic"/>
    <testcase time="0.00999999999999979" classname="TealDatasetConnector" name="TealDatasetConnector_mutate_method_with_delayed_logic"/>
    <testcase time="0.00300000000000011" classname="TealDatasetConnector" name="TealDatasetConnector_mutate_method_with_delayed_logic"/>
    <testcase time="0.00200000000000067" classname="TealDatasetConnector" name="TealDatasetConnector_mutate_method_with_delayed_logic"/>
    <testcase time="0.00199999999999889" classname="TealDatasetConnector" name="TealDatasetConnector_mutate_method_with_delayed_logic"/>
    <testcase time="0.00100000000000122" classname="TealDatasetConnector" name="TealDatasetConnector_mutate_method_with_delayed_logic"/>
    <testcase time="0.00399999999999956" classname="TealDatasetConnector" name="TealDatasetConnector_mutate_method_with_delayed_logic"/>
    <testcase time="0.016" classname="TealDatasetConnector" name="TealDatasetConnector_mutate_method_edge_cases"/>
    <testcase time="0.00200000000000067" classname="TealDatasetConnector" name="TealDatasetConnector_mutate_method_edge_cases"/>
    <testcase time="0.00899999999999856" classname="TealDatasetConnector" name="get_code_class_returns_the_correct_CodeClass_object"/>
    <testcase time="0.011000000000001" classname="TealDatasetConnector" name="Pulled_TealDatasetConnector_returns_the_same_CodeClass_as_before_pulling"/>
    <testcase time="0.0139999999999993" classname="TealDatasetConnector" name="Pulled_dependent_TealDatasetConnector_returns_the_same_CodeClass_as_before_pulling"/>
    <testcase time="0.0250000000000004" classname="TealDatasetConnector" name="Pulling_twice_doesn_t_change_the_returned_TealDatasetConnector_s_CodeClass_"/>
    <testcase time="0.00799999999999912" classname="TealDatasetConnector" name="Identical_mutation_expressions_are_added_to_the_mutation_code"/>
    <testcase time="0.0100000000000016" classname="TealDatasetConnector" name="Identical_mutation_expressions_are_executed_upon_pulling_the_Connector_object"/>
    <testcase time="0.0109999999999992" classname="TealDatasetConnector" name="Identical_mutation_expressions_are_shown_in_the_returned_code_after_pulling"/>
    <testcase time="0.00699999999999967" classname="TealDatasetConnector" name="TealDatasetConnector_is_mutate_delayed_is_FALSE_if_not_yet_pulled_and_not_mutated"/>
    <testcase time="0.0080000000000009" classname="TealDatasetConnector" name="TealDatasetConnector_is_mutate_delayed_returns_FALSE_if_pulled_and_not_mutated"/>
    <testcase time="0.00799999999999912" classname="TealDatasetConnector" name="TealDatasetConnector_is_mutate_delayed_returns_TRUE_if_not_pulled_and_mutated"/>
    <testcase time="0.011000000000001" classname="TealDatasetConnector" name="TealDatasetConnector_is_mutate_delayed_returns_TRUE_if_mutated_with_no_delayed_objects_and_pulled"/>
    <testcase time="0.00999999999999979" classname="TealDatasetConnector" name="TealDatasetConnector_is_mutate_delayed_returns_FALSE_if_mutated_with_no_vars_after_pulling"/>
    <testcase time="0.00900000000000034" classname="TealDatasetConnector" name="TealDatasetConnector_returns_the_correct_code_when_mutated_with_no_vars_after_pulling"/>
    <testcase time="0.0109999999999992" classname="TealDatasetConnector" name="Pulling_an_already_pulled_TealDatasetConnector_after_mutating_it_with_a_delayed_object_undoes_any_eager_pre_pull_mutations"/>
    <testcase time="0.0150000000000006" classname="TealDatasetConnector" name="Pulling_an_already_pulled_TealDatasetConnector_after_mutating_it_with_a_delayed_object_does_not_change_the_returned_code"/>
    <testcase time="0.016" classname="TealDatasetConnector" name="Initializing_TealDatasetConnector_with_code_argument_works"/>
    <testcase time="0.00499999999999901" classname="TealDatasetConnector" name="Initializing_TealDatasetConnector_with_code_argument_works"/>
    <testcase time="0.00500000000000078" classname="TealDatasetConnector" name="Initializing_TealDatasetConnector_with_code_argument_works"/>
    <testcase time="0.00399999999999956" classname="TealDatasetConnector" name="Initializing_TealDatasetConnector_with_code_argument_works"/>
    <testcase time="0.00500000000000078" classname="TealDatasetConnector" name="Initializing_TealDatasetConnector_with_code_argument_works"/>
    <testcase time="0.00599999999999845" classname="TealDatasetConnector" name="Initializing_TealDatasetConnector_with_code_argument_works"/>
    <testcase time="0.0120000000000005" classname="TealDatasetConnector" name="TealDatasetConnector_print_does_not_print_dataset_when_not_yet_pulled"/>
    <testcase time="0.0140000000000011" classname="TealDatasetConnector" name="TealDatasetConnector_print_prints_dataset_when_it_is_pulled"/>
    <testcase time="0.0109999999999992" classname="TealDatasetConnector" name="get_var_r6_returns_identical_objects_as_these_passed_to_the_vars_argument_in_the_constructor"/>
    <testcase time="0.0180000000000007" classname="TealDatasetConnector" name="clone_deep_TRUE_deep_clones_dependencies_which_are_TealDataset_objects"/>
    <testcase time="0.0119999999999987" classname="TealDatasetConnector" name="reassign_datasets_vars_updates_the_references_of_the_vars_to_addresses_of_passed_objects"/>
    <testcase time="0.0129999999999999" classname="TealDatasetConnector" name="reassign_datasets_vars_updates_the_references_of_the_vars_r6_to_addresses_of_passed_objects"/>
[...]
    <testcase time="0.00699999999999967" classname="join_keys_parents" name="parents_fails_when_value_isn_t_a_list_non_empty_non_missing_character"/>
    <testcase time="0.00700000000000145" classname="join_keys_parents" name="parents_fails_when_value_isn_t_a_list_non_empty_non_missing_character"/>
    <testcase time="0.00600000000000023" classname="join_keys_parents" name="parents_fails_when_value_isn_t_a_list_non_empty_non_missing_character"/>
    <testcase time="0.00699999999999967" classname="join_keys_parents" name="parents_setting_parents_again_overwrites_previous_state"/>
    <testcase time="0.00600000000000023" classname="join_keys_parents" name="parents_sets_parent_datasets_to_join_keys_kept_in_teal_data"/>
    <testcase time="0.00999999999999979" classname="join_keys_parents" name="parents_setting_parents_changes_join_keys_object"/>
    <testcase time="0.00499999999999901" classname="join_keys_parents" name="parents_setting_parents_changes_join_keys_object"/>
  </testsuite>
  <testsuite name="join_keys-print" timestamp="2023-11-22T09:30:44Z" hostname="2070741d6edc" tests="5" skipped="0" failures="0" errors="0" time="0.043">
    <testcase time="0.00600000000000023" classname="join_keys_print" name="format.join_keys_for_empty_set"/>
    <testcase time="0.00900000000000034" classname="join_keys_print" name="format.join_keys_with_empty_parents"/>
    <testcase time="0.00900000000000034" classname="join_keys_print" name="format.join_keys_for_parents"/>
    <testcase time="0.00900000000000034" classname="join_keys_print" name="format.join_keys_print_inferred_keys_for_children_sharing_parent"/>
    <testcase time="0.00999999999999979" classname="join_keys_print" name="print.join_keys_produces_output_same_as_format"/>
  </testsuite>
  <testsuite name="join_keys" timestamp="2023-11-22T09:30:45Z" hostname="2070741d6edc" tests="22" skipped="0" failures="0" errors="0" time="0.127">
    <testcase time="0.00699999999999967" classname="join_keys" name="join_keys_creates_empty_join_keys_object_by_default"/>
    <testcase time="0.00499999999999901" classname="join_keys" name="join_keys.join_key_creates_join_keys"/>
    <testcase time="0.00700000000000145" classname="join_keys" name="join_keys_is_a_collection_of_join_key_ie_named_list_with_named_list_with_named_char_vector"/>
    <testcase time="0.000999999999999446" classname="join_keys" name="join_keys_is_a_collection_of_join_key_ie_named_list_with_named_list_with_named_char_vector"/>
    <testcase time="0.000999999999999446" classname="join_keys" name="join_keys_is_a_collection_of_join_key_ie_named_list_with_named_list_with_named_char_vector"/>
    <testcase time="0.00600000000000023" classname="join_keys" name="join_keys.teal_data_returns_join_keys_object_from_teal_data"/>
    <testcase time="0.00399999999999956" classname="join_keys" name="join_keys.join_keys_returns_itself"/>
    <testcase time="0.00600000000000023" classname="join_keys" name="join_keys_accepts_duplicated_join_key"/>
    <testcase time="0.00699999999999967" classname="join_keys" name="join_keys_doesn_t_accept_other_objects_than_teal_data_TealData_and_join_key"/>
    <testcase time="0.0080000000000009" classname="join_keys" name="join_keys_doesn_t_accept_a_list_which_is_identical_to_output_of_join_key_function"/>
    <testcase time="0.00799999999999912" classname="join_keys" name="join_keys_fails_when_provided_foreign_key_pairs_have_incompatible_values"/>
    <testcase time="0.00600000000000023" classname="join_keys" name="join_keys_fails_when_provided_foreign_key_pairs_have_incompatible_values"/>
    <testcase time="0.011000000000001" classname="join_keys" name="join_keys_fails_when_provided_foreign_key_pairs_have_incompatible_values"/>
    <testcase time="0.00699999999999967" classname="join_keys" name="join_keys_constructor_adds_symmetric_keys_on_given_unnamed_foreign_key"/>
    <testcase time="0.00699999999999967" classname="join_keys" name="join_keys_constructor_adds_symmetric_keys_on_given_named_foreign_key"/>
    <testcase time="0.00699999999999967" classname="join_keys" name="join_keys_.join_keys_overwrites_existing_join_keys"/>
    <testcase time="0.0080000000000009" classname="join_keys" name="join_keys_.teal_data_overwrites_existing_join_keys"/>
    <testcase time="0.00699999999999967" classname="join_keys" name="join_keys_.teal_data_overwrites_existing_join_keys"/>
    <testcase time="0.00399999999999956" classname="join_keys" name="join_keys_.join_keys_with_empty_name_is_changed_to_the_key_value"/>
    <testcase time="0.00399999999999956" classname="join_keys" name="join_keys_.join_keys_with_named_empty_valued_is_changed_to_its_name"/>
    <testcase time="0.00500000000000078" classname="join_keys" name="join_keys_.join_keys_with_empty_value_in_a_named_vector_are_ignored_"/>
    <testcase time="0.000999999999999446" classname="join_keys" name="join_keys_.join_keys_with_empty_value_in_a_named_vector_are_ignored_"/>
  </testsuite>
  <testsuite name="teal_data" timestamp="2023-11-22T09:30:45Z" hostname="2070741d6edc" tests="36" skipped="0" failures="0" errors="0" time="0.228">
    <testcase time="0.0080000000000009" classname="teal_data" name="teal_data_allows_to_initialize_empty_teal_data_object"/>
    <testcase time="0.00399999999999956" classname="teal_data" name="empty_teal_data_returns_empty_code_id_wartnings_and_messages_and_verified_TRUE"/>
    <testcase time="0.00200000000000067" classname="teal_data" name="empty_teal_data_returns_empty_code_id_wartnings_and_messages_and_verified_TRUE"/>
    <testcase time="0.000999999999999446" classname="teal_data" name="empty_teal_data_returns_empty_code_id_wartnings_and_messages_and_verified_TRUE"/>
    <testcase time="0.00200000000000067" classname="teal_data" name="empty_teal_data_returns_empty_code_id_wartnings_and_messages_and_verified_TRUE"/>
    <testcase time="0.00199999999999889" classname="teal_data" name="empty_teal_data_returns_empty_code_id_wartnings_and_messages_and_verified_TRUE"/>
    <testcase time="0.00399999999999956" classname="teal_data" name="non_empty_data_in_teal_data_returns_verified_FALSE"/>
    <testcase time="0.00700000000000145" classname="teal_data" name="teal_data_allows_to_initialize_empty_teal_data_with_join_keys"/>
    <testcase time="0.00399999999999956" classname="teal_data" name="teal_data_initializes_teal_data_object_with_datanames_taken_from_passed_objects"/>
    <testcase time="0.00600000000000023" classname="teal_data" name="teal_data_initializes_teal_data_object_with_datanames_taken_from_passed_join_keys"/>
    <testcase time="0.00600000000000023" classname="teal_data" name="teal_data_initializes_teal_data_object_with_datanames_taken_from_join_keys_and_passed_objects"/>
    <testcase time="0.0169999999999995" classname="teal_data" name="teal_data_accepts_TealDataset_TealDatasetConnector_TealDataConnector_objects"/>
    <testcase time="0.000999999999999446" classname="teal_data" name="teal_data_accepts_TealDataset_TealDatasetConnector_TealDataConnector_objects"/>
    <testcase time="0.00500000000000078" classname="teal_data" name="teal_data_returns_teal_data_when_data_passed_as_named_list"/>
    <testcase time="0.00399999999999956" classname="teal_data" name="teal_data_accepts_any_data_provided_as_named_list"/>
    <testcase time="0.00399999999999956" classname="teal_data" name="teal_data_accepts_code_as_character"/>
    <testcase time="0.00500000000000078" classname="teal_data" name="teal_data_accepts_code_as_language"/>
    <testcase time="0.00399999999999956" classname="teal_data" name="teal_data_code_unfolds_code_block_wrapped_in_"/>
    <testcase time="0.00399999999999956" classname="teal_data" name="teal_data_code_is_concatenated_into_single_string"/>
    <testcase time="0.0080000000000009" classname="teal_data" name="teal_data_env_is_locked._Not_able_to_modify_add_or_remove_bindings"/>
    <testcase time="0.00399999999999956" classname="teal_data" name="teal_data_env_is_locked._Not_able_to_modify_add_or_remove_bindings"/>
    <testcase time="0.00500000000000078" classname="teal_data" name="teal_data_env_is_locked._Not_able_to_modify_add_or_remove_bindings"/>
    <testcase time="0.0139999999999993" classname="teal_data" name="teal_data_sets_passed_join_keys_to_datasets_correctly"/>
    <testcase time="0.0150000000000006" classname="teal_data" name="teal_data_sets_passed_join_keys_to_datasets_correctly_when_key_names_differ"/>
    <testcase time="0.0129999999999999" classname="teal_data" name="teal_data_sets_passes_join_keys_to_datasets_correctly_when_key_names_differ_multiple_keys_"/>
    <testcase time="0.0109999999999992" classname="teal_data" name="teal_data_returns_TealData_object_with_cdisc_dataset_input"/>
    <testcase time="0.00399999999999956" classname="teal_data" name="teal_data_returns_TealData_object_with_cdisc_dataset_input"/>
    <testcase time="0.00300000000000011" classname="teal_data" name="teal_data_returns_TealData_object_with_cdisc_dataset_input"/>
    <testcase time="0.00400000000000134" classname="teal_data" name="teal_data_returns_TealData_object_with_cdisc_dataset_input"/>
    <testcase time="0.00499999999999901" classname="teal_data" name="teal_data_returns_TealData_object_with_cdisc_dataset_input"/>
    <testcase time="0.0080000000000009" classname="teal_data" name="teal_data_file_loads_the_TealData_object"/>
    <testcase time="0.00300000000000011" classname="teal_data" name="teal_data_file_loads_the_TealData_object"/>
    <testcase time="0.00899999999999856" classname="teal_data" name="teal_data_file_uses_the_code_input_to_mutate_the_code_of_the_loaded_TealData_object"/>
    <testcase time="0.011000000000001" classname="teal_data" name="update_join_keys_to_primary_updates_the_join_keys"/>
    <testcase time="0.0109999999999992" classname="teal_data" name="update_join_keys_to_primary_updates_the_join_keys_when_primary_keys_exist"/>
    <testcase time="0.00999999999999979" classname="teal_data" name="update_join_keys_to_primary_updates_join_keys_with_character_0_when_no_primary_keys_exist"/>
  </testsuite>
  <testsuite name="to_relational_data" timestamp="2023-11-22T09:30:45Z" hostname="2070741d6edc" tests="42" skipped="0" failures="0" errors="0" time="0.248">
    <testcase time="0.0120000000000005" classname="to_relational_data" name="to_relational_data_accepts_data.frame_as_input"/>
    <testcase time="0.00200000000000067" classname="to_relational_data" name="to_relational_data_accepts_data.frame_as_input"/>
    <testcase time="0.00699999999999967" classname="to_relational_data" name="to_relational_data_accepts_cdisc_data.frame_as_input"/>
    <testcase time="0.000999999999999446" classname="to_relational_data" name="to_relational_data_accepts_cdisc_data.frame_as_input"/>
    <testcase time="0.00600000000000023" classname="to_relational_data" name="to_relational_data_accepts_TealDataset_CDISCTealDataset_as_input"/>
    <testcase time="0.00100000000000122" classname="to_relational_data" name="to_relational_data_accepts_TealDataset_CDISCTealDataset_as_input"/>
    <testcase time="0.00299999999999834" classname="to_relational_data" name="to_relational_data_accepts_TealDataset_CDISCTealDataset_as_input"/>
    <testcase time="0.00200000000000067" classname="to_relational_data" name="to_relational_data_accepts_TealDataset_CDISCTealDataset_as_input"/>
    <testcase time="0.00600000000000023" classname="to_relational_data" name="to_relational_data_accepts_TealDatasetConnector_as_input"/>
    <testcase time="0.000999999999999446" classname="to_relational_data" name="to_relational_data_accepts_TealDatasetConnector_as_input"/>
    <testcase time="0.00100000000000122" classname="to_relational_data" name="to_relational_data_accepts_TealDatasetConnector_as_input"/>
    <testcase time="0.00699999999999967" classname="to_relational_data" name="to_relational_data_accepts_an_unnamed_list_of_data.frame_as_input"/>
    <testcase time="0.000999999999999446" classname="to_relational_data" name="to_relational_data_accepts_an_unnamed_list_of_data.frame_as_input"/>
    <testcase time="0.000999999999999446" classname="to_relational_data" name="to_relational_data_accepts_an_unnamed_list_of_data.frame_as_input"/>
    <testcase time="0.00700000000000145" classname="to_relational_data" name="to_relational_data_accepts_a_named_list_of_data.frame_as_input"/>
    <testcase time="0.000999999999999446" classname="to_relational_data" name="to_relational_data_accepts_a_named_list_of_data.frame_as_input"/>
    <testcase time="0.000999999999999446" classname="to_relational_data" name="to_relational_data_accepts_a_named_list_of_data.frame_as_input"/>
    <testcase time="0.0080000000000009" classname="to_relational_data" name="to_relational_data_accepts_a_mixed_named_list_of_data.frame_as_input"/>
    <testcase time="0.000999999999999446" classname="to_relational_data" name="to_relational_data_accepts_a_mixed_named_list_of_data.frame_as_input"/>
    <testcase time="0.00200000000000067" classname="to_relational_data" name="to_relational_data_accepts_a_mixed_named_list_of_data.frame_as_input"/>
    <testcase time="0.00799999999999912" classname="to_relational_data" name="to_relational_data_accepts_a_complete_named_list_of_data.frame_as_input"/>
    <testcase time="0.000999999999999446" classname="to_relational_data" name="to_relational_data_accepts_a_complete_named_list_of_data.frame_as_input"/>
    <testcase time="0.00100000000000122" classname="to_relational_data" name="to_relational_data_accepts_a_complete_named_list_of_data.frame_as_input"/>
    <testcase time="0.00900000000000034" classname="to_relational_data" name="to_relational_data_accepts_a_mixed_named_list_of_objects_as_input"/>
    <testcase time="0.000999999999999446" classname="to_relational_data" name="to_relational_data_accepts_a_mixed_named_list_of_objects_as_input"/>
    <testcase time="0.000999999999999446" classname="to_relational_data" name="to_relational_data_accepts_a_mixed_named_list_of_objects_as_input"/>
    <testcase time="0.00600000000000023" classname="to_relational_data" name="to_relational_data_accepts_a_mixed_named_list_of_objects_as_input"/>
    <testcase time="0.000999999999999446" classname="to_relational_data" name="to_relational_data_accepts_a_mixed_named_list_of_objects_as_input"/>
    <testcase time="0.00100000000000122" classname="to_relational_data" name="to_relational_data_accepts_a_mixed_named_list_of_objects_as_input"/>
    <testcase time="0.00799999999999912" classname="to_relational_data" name="to_relational_data_accepts_a_function_returning_a_named_list_as_input"/>
    <testcase time="0.000999999999999446" classname="to_relational_data" name="to_relational_data_accepts_a_function_returning_a_named_list_as_input"/>
    <testcase time="0.00100000000000122" classname="to_relational_data" name="to_relational_data_accepts_a_function_returning_a_named_list_as_input"/>
    <testcase time="0.0139999999999993" classname="to_relational_data" name="to_relational_data_accepts_a_function_returning_a_TealDataset_as_input"/>
    <testcase time="0.000999999999999446" classname="to_relational_data" name="to_relational_data_accepts_a_function_returning_a_TealDataset_as_input"/>
    <testcase time="0.00100000000000122" classname="to_relational_data" name="to_relational_data_accepts_a_function_returning_a_TealDataset_as_input"/>
    <testcase time="0.0449999999999999" classname="to_relational_data" name="to_relational_data_accepts_a_MultiAssayExperiment_as_input"/>
    <testcase time="0.00199999999999889" classname="to_relational_data" name="to_relational_data_accepts_a_MultiAssayExperiment_as_input"/>
    <testcase time="0.0520000000000014" classname="to_relational_data" name="to_relational_data_accepts_a_list_containing_a_named_MultiAssayExperiment_as_input"/>
    <testcase time="0.000999999999999446" classname="to_relational_data" name="to_relational_data_accepts_a_list_containing_a_named_MultiAssayExperiment_as_input"/>
    <testcase time="0.00799999999999912" classname="to_relational_data" name="to_relational_data_throws_error_with_a_function_returning_a_non_named_list"/>
    <testcase time="0.00700000000000145" classname="to_relational_data" name="to_relational_data_throws_error_with_a_function_returning_a_semi_named_list"/>
    <testcase time="0.00699999999999967" classname="to_relational_data" name="to_relational_data_throws_error_with_a_multiple_functions_returning_data.frame"/>
  </testsuite>
  <testsuite name="utils" timestamp="2023-11-22T09:30:45Z" hostname="2070741d6edc" tests="19" skipped="0" failures="0" errors="0" time="0.109">
    <testcase time="0.0109999999999992" classname="utils" name="check_pkg_quietly_works"/>
    <testcase time="0.00699999999999967" classname="utils" name="get_key_duplicates_util_function"/>
    <testcase time="0.00400000000000134" classname="utils" name="get_key_duplicates_util_function"/>
    <testcase time="0.00399999999999956" classname="utils" name="get_key_duplicates_util_function"/>
    <testcase time="0.00500000000000078" classname="utils" name="get_key_duplicates_util_function"/>
    <testcase time="0.00399999999999956" classname="utils" name="get_key_duplicates_util_function"/>
    <testcase time="0.00499999999999901" classname="utils" name="get_key_duplicates_util_function"/>
    <testcase time="0.00400000000000134" classname="utils" name="get_key_duplicates_util_function"/>
    <testcase time="0.00399999999999956" classname="utils" name="validate_metadata_throws_no_error_if_metadata_is_NULL"/>
    <testcase time="0.00699999999999967" classname="utils" name="validate_metadata_throws_error_if_metadata_is_not_a_list_or_NULL_"/>
    <testcase time="0.00500000000000078" classname="utils" name="validate_metadata_throws_error_if_metadata_is_not_a_list_or_NULL_"/>
    <testcase time="0.00699999999999967" classname="utils" name="validate_metadata_throws_error_if_metadata_is_not_a_list_of_length_one_atomics_or_NULL_"/>
    <testcase time="0.00399999999999956" classname="utils" name="validate_metadata_throws_error_if_metadata_is_not_a_list_of_length_one_atomics_or_NULL_"/>
    <testcase time="0.00699999999999967" classname="utils" name="validate_metadata_throws_error_if_metadata_is_not_a_named_list_or_NULL_"/>
    <testcase time="0.00500000000000078" classname="utils" name="validate_metadata_throws_error_if_metadata_is_not_a_named_list_or_NULL_"/>
    <testcase time="0.00499999999999901" classname="utils" name="get_teal_bs_theme"/>
    <testcase time="0.0190000000000001" classname="utils" name="get_teal_bs_theme"/>
    <testcase time="0.00100000000000122" classname="utils" name="get_teal_bs_theme"/>
    <testcase time="0.000999999999999446" classname="utils" name="get_teal_bs_theme"/>
  </testsuite>
  <testsuite name="verify" timestamp="2023-11-22T09:30:45Z" hostname="2070741d6edc" tests="8" skipped="0" failures="0" errors="0" time="0.034">
    <testcase time="0.00699999999999967" classname="verify" name="verify_returns_the_same_object_for_verified_TRUE"/>
    <testcase time="0.00200000000000067" classname="verify" name="verify_returns_the_same_object_for_verified_TRUE"/>
    <testcase time="0.00499999999999901" classname="verify" name="verify_returns_the_same_object_with_changed_verified_field_for_properly_executed_code"/>
    <testcase time="0.00100000000000122" classname="verify" name="verify_returns_the_same_object_with_changed_verified_field_for_properly_executed_code"/>
    <testcase time="0.000999999999999446" classname="verify" name="verify_returns_the_same_object_with_changed_verified_field_for_properly_executed_code"/>
    <testcase time="0.000999999999999446" classname="verify" name="verify_returns_the_same_object_with_changed_verified_field_for_properly_executed_code"/>
    <testcase time="0.00900000000000034" classname="verify" name="verify_raises_error_if_code_does_not_restore_objects_in_env"/>
    <testcase time="0.00799999999999912" classname="verify" name="verify_returns_error_for_qenv.error_input"/>
  </testsuite>
</testsuites>
