<?xml version="1.0" encoding="UTF-8"?>
<testsuites>
  <testsuite name="CDISCTealDataConnector" timestamp="2023-05-30T16:51:31Z" hostname="61474bb71a85" tests="21" skipped="0" failures="0" errors="0" time="0.238">
    <testcase time="0.055" classname="CDISCTealDataConnector" name="get_code_returns_the_correct_code_for_two_CDISCTealDatasetConnector_objects"/>
    <testcase time="0.0249999999999999" classname="CDISCTealDataConnector" name="get_code_returns_the_correct_code_for_two_CDISCTealDatasetConnector_objects"/>
    <testcase time="0.01" classname="CDISCTealDataConnector" name="get_code_returns_the_correct_code_for_two_CDISCTealDatasetConnector_objects"/>
    <testcase time="0.002" classname="CDISCTealDataConnector" name="get_code_returns_the_correct_code_for_two_CDISCTealDatasetConnector_objects"/>
    <testcase time="0.046" classname="CDISCTealDataConnector" name="get_code_returns_the_correct_code_for_two_CDISCTealDatasetConnector_objects"/>
    <testcase time="0.013" classname="CDISCTealDataConnector" name="get_code_returns_the_correct_code_for_two_CDISCTealDatasetConnector_objects"/>
    <testcase time="0.005" classname="CDISCTealDataConnector" name="get_code_returns_the_correct_code_for_two_CDISCTealDatasetConnector_objects"/>
    <testcase time="0.01" classname="CDISCTealDataConnector" name="TealDataConnector_with_custom_UI_and_server"/>
    <testcase time="0.003" classname="CDISCTealDataConnector" name="TealDataConnector_with_custom_UI_and_server"/>
    <testcase time="0.002" classname="CDISCTealDataConnector" name="TealDataConnector_with_custom_UI_and_server"/>
    <testcase time="0.00800000000000001" classname="CDISCTealDataConnector" name="TealDataConnector_with_custom_UI_and_server"/>
    <testcase time="0.00800000000000001" classname="CDISCTealDataConnector" name="TealDataConnector_with_custom_UI_and_server"/>
    <testcase time="0.004" classname="CDISCTealDataConnector" name="TealDataConnector_with_custom_UI_and_server"/>
    <testcase time="0.005" classname="CDISCTealDataConnector" name="TealDataConnector_with_custom_UI_and_server"/>
    <testcase time="0.0089999999999999" classname="CDISCTealDataConnector" name="TealDataConnector_with_custom_UI_and_server"/>
    <testcase time="0.003" classname="CDISCTealDataConnector" name="TealDataConnector_with_custom_UI_and_server"/>
    <testcase time="0.004" classname="CDISCTealDataConnector" name="TealDataConnector_with_custom_UI_and_server"/>
    <testcase time="0.004" classname="CDISCTealDataConnector" name="TealDataConnector_with_custom_UI_and_server"/>
    <testcase time="0.00600000000000001" classname="CDISCTealDataConnector" name="cdisc_data_connector_returns_a_CDISCTealDataConnector_object_on_basic_input"/>
    <testcase time="0.00900000000000001" classname="CDISCTealDataConnector" name="cdisc_data_connector_validates_the_connection_and_connectors_arguments"/>
    <testcase time="0.00700000000000001" classname="CDISCTealDataConnector" name="cdisc_data_connector_validates_the_connection_and_connectors_arguments"/>
  </testsuite>
  <testsuite name="CDISCTealDataset" timestamp="2023-05-30T16:51:32Z" hostname="61474bb71a85" tests="10" skipped="0" failures="0" errors="0" time="0.222">
    <testcase time="0.0180000000000001" classname="CDISCTealDataset" name="CDISCTealDataset_basics"/>
    <testcase time="0.00299999999999989" classname="CDISCTealDataset" name="CDISCTealDataset_basics"/>
    <testcase time="0.00100000000000011" classname="CDISCTealDataset" name="CDISCTealDataset_basics"/>
    <testcase time="0.002" classname="CDISCTealDataset" name="CDISCTealDataset_basics"/>
    <testcase time="0.00099999999999989" classname="CDISCTealDataset" name="CDISCTealDataset_basics"/>
    <testcase time="0.00600000000000001" classname="CDISCTealDataset" name="CDISCTealDataset_print_method_returns_correct_class_name_and_content"/>
    <testcase time="0.00299999999999989" classname="CDISCTealDataset" name="data_returns_the_data_passed_in_the_constructor"/>
    <testcase time="0.004" classname="CDISCTealDataset" name="get_dataname_returns_the_dataname_passed_to_the_constructor"/>
    <testcase time="0.0600000000000001" classname="CDISCTealDataset" name="Case_1_CDISCTealDataset_get_code_does_not_return_duplicated_code_when_CDISCTealDataset_mutate_method_is_called"/>
    <testcase time="0.124" classname="CDISCTealDataset" name="Case_2_CDISCTealDataset_get_code_does_not_return_duplicated_code_when_CDISCTealDataset_mutate_method_is_called"/>
  </testsuite>
  <testsuite name="CDISCTealDatasetConnector" timestamp="2023-05-30T16:51:32Z" hostname="61474bb71a85" tests="7" skipped="0" failures="0" errors="0" time="0.113">
    <testcase time="0.0719999999999998" classname="CDISCTealDatasetConnector" name="Single_scda_dataset_connector"/>
    <testcase time="0.004" classname="CDISCTealDatasetConnector" name="Single_scda_dataset_connector"/>
    <testcase time="0.00600000000000001" classname="CDISCTealDatasetConnector" name="Single_scda_dataset_connector"/>
    <testcase time="0.018" classname="CDISCTealDatasetConnector" name="Single_scda_dataset_connector"/>
    <testcase time="0.00300000000000011" classname="CDISCTealDatasetConnector" name="Single_scda_dataset_connector"/>
    <testcase time="0.004" classname="CDISCTealDatasetConnector" name="TealDatasetConnector_print_prints_out_expected_output_of_class_and_content"/>
    <testcase time="0.00600000000000001" classname="CDISCTealDatasetConnector" name="TealDatasetConnector_print_prints_out_expected_output_of_class_and_content"/>
  </testsuite>
  <testsuite name="CallableCode" timestamp="2023-05-30T16:51:32Z" hostname="61474bb71a85" tests="12" skipped="0" failures="0" errors="0" time="0.267">
    <testcase time="0.00499999999999989" classname="CallableCode" name="Objects_can_be_generated_from_the_code"/>
    <testcase time="0.00100000000000011" classname="CallableCode" name="Objects_can_be_generated_from_the_code"/>
    <testcase time="0.219" classname="CallableCode" name="Objects_can_be_generated_from_the_code"/>
    <testcase time="0.002" classname="CallableCode" name="CallableCode_can_use_objects_from_namespaces_other_than_global"/>
    <testcase time="0.002" classname="CallableCode" name="CallableCode_can_use_objects_from_namespaces_other_than_global"/>
    <testcase time="0.002" classname="CallableCode" name="get_call_transforms_double_new_lines_into_one_new_line"/>
    <testcase time="0.002" classname="CallableCode" name="get_call_transforms_double_new_lines_into_one_new_line"/>
    <testcase time="0.01" classname="CallableCode" name="callable_code_throws_an_error_when_supplied_code_is_not_valid"/>
    <testcase time="0.00600000000000001" classname="CallableCode" name="callable_code_throws_an_error_when_supplied_code_is_not_valid"/>
    <testcase time="0.00600000000000001" classname="CallableCode" name="callable_code_throws_an_error_when_supplied_code_is_not_valid"/>
    <testcase time="0.00500000000000012" classname="CallableCode" name="callable_code_throws_an_error_when_supplied_code_is_not_valid"/>
    <testcase time="0.0069999999999999" classname="CallableCode" name="run_throws_an_error_when_an_object_referenced_in_the_code_is_not_found"/>
  </testsuite>
  <testsuite name="CallableFunction" timestamp="2023-05-30T16:51:32Z" hostname="61474bb71a85" tests="62" skipped="0" failures="0" errors="0" time="0.748">
    <testcase time="0.0510000000000002" classname="CallableFunction" name="Function_found"/>
    <testcase time="0.00099999999999989" classname="CallableFunction" name="Function_found"/>
    <testcase time="0.00900000000000012" classname="CallableFunction" name="Function_found"/>
    <testcase time="0.00099999999999989" classname="CallableFunction" name="Function_found"/>
    <testcase time="0.002" classname="CallableFunction" name="Function_found"/>
    <testcase time="0.00099999999999989" classname="CallableFunction" name="Function_found"/>
    <testcase time="0.00100000000000011" classname="CallableFunction" name="Function_found"/>
    <testcase time="0.00299999999999989" classname="CallableFunction" name="Function_found"/>
    <testcase time="0.00100000000000011" classname="CallableFunction" name="Function_found"/>
    <testcase time="0.018" classname="CallableFunction" name="Function_found"/>
    <testcase time="0.0089999999999999" classname="CallableFunction" name="CallableFunction_returns_the_correct_name_if_passed_a_base_function_directly"/>
    <testcase time="0.00300000000000011" classname="CallableFunction" name="CallableFunction_returns_the_correct_name_if_passed_an_anonymous_function"/>
    <testcase time="0.0820000000000001" classname="CallableFunction" name="CallableFunction_returns_the_correct_name_if_passed_a_name_of_a_base_function"/>
    <testcase time="0.0579999999999998" classname="CallableFunction" name="CallableFunction_returns_the_correct_name_if_passed_a_generic_from_a_namespace"/>
    <testcase time="0.004" classname="CallableFunction" name="CallableFunction_returns_the_correct_name_if_passed_a_prefixed_name_of_a_function"/>
    <testcase time="0.01" classname="CallableFunction" name="CallableFunction_returns_the_correct_name_if_passed_a_namespace_function_indirectly"/>
    <testcase time="0.004" classname="CallableFunction" name="CallableFunction_returns_the_correct_name_if_passed_a_function_from_global_env_indirectly"/>
    <testcase time="0.01" classname="CallableFunction" name="CallableFunction_returns_the_correct_name_if_passed_a_function_name_indirectly"/>
    <testcase time="0.00900000000000012" classname="CallableFunction" name="CallableFunction_throws_an_error_if_passed_a_namespace_function_via_a_binding_in_the_parent_frame"/>
    <testcase time="0.00299999999999989" classname="CallableFunction" name="CallableFunction_returns_the_correct_name_if_passed_a_Primitive_directly"/>
    <testcase time="0.00800000000000001" classname="CallableFunction" name="CallableFunction_throws_an_error_if_passed_a_Primitive_by_character"/>
    <testcase time="0.00800000000000001" classname="CallableFunction" name="CallableFunction_throws_an_error_if_passed_a_prefixed_object_not_a_function_"/>
    <testcase time="0.012" classname="CallableFunction" name="Test_inputs"/>
    <testcase time="0.01" classname="CallableFunction" name="Test_inputs"/>
    <testcase time="0.01" classname="CallableFunction" name="Test_inputs"/>
    <testcase time="0.01" classname="CallableFunction" name="Test_callable"/>
    <testcase time="0.002" classname="CallableFunction" name="Test_callable"/>
    <testcase time="0.012" classname="CallableFunction" name="Test_callable"/>
    <testcase time="0.002" classname="CallableFunction" name="Test_callable"/>
    <testcase time="0.002" classname="CallableFunction" name="Test_callable"/>
    <testcase time="0.00499999999999989" classname="CallableFunction" name="Test_callable"/>
    <testcase time="0.004" classname="CallableFunction" name="Test_callable"/>
    <testcase time="0.002" classname="CallableFunction" name="Test_callable"/>
    <testcase time="0.00300000000000011" classname="CallableFunction" name="Test_callable"/>
    <testcase time="0.002" classname="CallableFunction" name="Test_callable"/>
    <testcase time="0.002" classname="CallableFunction" name="Test_callable"/>
    <testcase time="0.004" classname="CallableFunction" name="Test_callable"/>
    <testcase time="0.0089999999999999" classname="CallableFunction" name="test_callable_errors"/>
    <testcase time="0.0150000000000001" classname="CallableFunction" name="test_callable_errors"/>
    <testcase time="0.00599999999999978" classname="CallableFunction" name="test_callable_errors"/>
    <testcase time="0.00600000000000023" classname="CallableFunction" name="test_callable_errors"/>
    <testcase time="0.00599999999999978" classname="CallableFunction" name="test_callable_errors"/>
    <testcase time="0.00900000000000034" classname="CallableFunction" name="test_callable_errors"/>
    <testcase time="0.00299999999999967" classname="CallableFunction" name="test_callable_errors"/>
    <testcase time="0.00200000000000022" classname="CallableFunction" name="test_callable_errors"/>
    <testcase time="0.0089999999999999" classname="CallableFunction" name="test_callable_errors"/>
    <testcase time="0.00300000000000011" classname="CallableFunction" name="test_callable_errors"/>
    <testcase time="0.00599999999999978" classname="CallableFunction" name="test_callable_errors"/>
    <testcase time="0.00700000000000012" classname="CallableFunction" name="is_failed"/>
    <testcase time="0.00599999999999978" classname="CallableFunction" name="is_failed"/>
    <testcase time="0.00100000000000033" classname="CallableFunction" name="is_failed"/>
    <testcase time="0.004" classname="CallableFunction" name="is_failed"/>
    <testcase time="0.00199999999999978" classname="CallableFunction" name="is_failed"/>
    <testcase time="0.00300000000000011" classname="CallableFunction" name="is_failed"/>
    <testcase time="0.004" classname="CallableFunction" name="is_failed"/>
    <testcase time="0.00199999999999978" classname="CallableFunction" name="is_failed"/>
    <testcase time="0.109" classname="CallableFunction" name="test_cloning"/>
    <testcase time="0.00200000000000022" classname="CallableFunction" name="test_cloning"/>
    <testcase time="0.00300000000000011" classname="CallableFunction" name="test_cloning"/>
    <testcase time="0.0499999999999998" classname="CallableFunction" name="test_cloning"/>
    <testcase time="0.0960000000000001" classname="CallableFunction" name="test_cloning"/>
    <testcase time="0.00700000000000012" classname="CallableFunction" name="get_binding_name_throws_if_the_function_could_not_be_found_in_the_environment"/>
  </testsuite>
  <testsuite name="CodeClass" timestamp="2023-05-30T16:51:33Z" hostname="61474bb71a85" tests="27" skipped="0" failures="0" errors="0" time="0.184">
    <testcase time="0.0089999999999999" classname="CodeClass" name="Basic_example_CodeClass"/>
    <testcase time="0.00099999999999989" classname="CodeClass" name="Basic_example_CodeClass"/>
    <testcase time="0.00200000000000022" classname="CodeClass" name="Basic_example_CodeClass"/>
    <testcase time="0.00299999999999967" classname="CodeClass" name="example_datasets"/>
    <testcase time="0.016" classname="CodeClass" name="example_datasets_deps"/>
    <testcase time="0.00100000000000033" classname="CodeClass" name="example_datasets_deps"/>
    <testcase time="0.0109999999999997" classname="CodeClass" name="CodeClass_append"/>
    <testcase time="0.00200000000000022" classname="CodeClass" name="CodeClass_append"/>
    <testcase time="0.00099999999999989" classname="CodeClass" name="CodeClass_append"/>
    <testcase time="0.00300000000000011" classname="CodeClass" name="CodeClass_append_deps"/>
    <testcase time="0.00300000000000011" classname="CodeClass" name="CodeClass_append_deps"/>
    <testcase time="0.00199999999999978" classname="CodeClass" name="CodeClass_append_deps"/>
    <testcase time="0.00099999999999989" classname="CodeClass" name="CodeClass_append_deps"/>
    <testcase time="0.00300000000000011" classname="CodeClass" name="Exception_handling_with_dataname_of_xyz"/>
    <testcase time="0.00099999999999989" classname="CodeClass" name="Exception_handling_with_dataname_of_xyz"/>
    <testcase time="0.00200000000000022" classname="CodeClass" name="Exception_handling_with_dataname_of_xyz"/>
    <testcase time="0.00099999999999989" classname="CodeClass" name="Exception_handling_with_dataname_of_xyz"/>
    <testcase time="0.00200000000000022" classname="CodeClass" name="Exception_handling_with_dataname_of_xyz"/>
    <testcase time="0.00099999999999989" classname="CodeClass" name="Exception_handling_with_dataname_of_xyz"/>
    <testcase time="0.0369999999999999" classname="CodeClass" name="CodeClass_list_to_code_class"/>
    <testcase time="0.00599999999999978" classname="CodeClass" name="CodeClass_list_to_code_class"/>
    <testcase time="0.00300000000000011" classname="CodeClass" name="Duplicated_code_is_appended_if_it_doesn_t_have_a_dataname"/>
    <testcase time="0.00300000000000011" classname="CodeClass" name="Duplicated_code_is_not_appended_if_its_dataname_is_duplicated"/>
    <testcase time="0.00300000000000011" classname="CodeClass" name="Duplicated_code_is_appended_if_its_dataname_is_different"/>
    <testcase time="0.0369999999999999" classname="CodeClass" name="list_to_code_class_assigning_dataname_to_the_object_name_inside_of_the_list"/>
    <testcase time="0.0089999999999999" classname="CodeClass" name="list_to_code_class_assigning_dataname_to_the_object_name_inside_of_the_list"/>
    <testcase time="0.0209999999999999" classname="CodeClass" name="list_to_code_class_assigning_dataname_to_the_object_name_inside_of_the_list"/>
  </testsuite>
  <testsuite name="JoinKeys" timestamp="2023-05-30T16:51:33Z" hostname="61474bb71a85" tests="133" skipped="0" failures="0" errors="0" time="0.606">
    <testcase time="0.0130000000000003" classname="JoinKeys" name="join_key_throws_error_with_invalid_keys_arguments"/>
    <testcase time="0.00499999999999989" classname="JoinKeys" name="join_key_throws_error_with_invalid_keys_arguments"/>
    <testcase time="0.00099999999999989" classname="JoinKeys" name="join_key_throws_error_with_invalid_keys_arguments"/>
    <testcase time="0.00099999999999989" classname="JoinKeys" name="join_key_throws_error_with_invalid_keys_arguments"/>
    <testcase time="0.00500000000000034" classname="JoinKeys" name="join_key_throws_error_with_invalid_keys_arguments"/>
    <testcase time="0.00499999999999989" classname="JoinKeys" name="join_key_throws_error_with_invalid_keys_arguments"/>
    <testcase time="0.00499999999999989" classname="JoinKeys" name="join_key_throws_error_with_invalid_keys_arguments"/>
    <testcase time="0.00599999999999978" classname="JoinKeys" name="key_empty_name_is_changed_to_the_key_value"/>
    <testcase time="0.0100000000000002" classname="JoinKeys" name="key_empty_name_is_changed_to_the_key_value"/>
    <testcase time="0.00199999999999978" classname="JoinKeys" name="key_empty_name_is_changed_to_the_key_value"/>
    <testcase time="0.00600000000000023" classname="JoinKeys" name="join_key_throws_error_with_invalid_dataset_arguments"/>
    <testcase time="0.0089999999999999" classname="JoinKeys" name="join_key_throws_error_with_invalid_dataset_arguments"/>
    <testcase time="0.00499999999999989" classname="JoinKeys" name="join_key_throws_error_with_invalid_dataset_arguments"/>
    <testcase time="0.00300000000000011" classname="JoinKeys" name="join_key_does_not_throw_error_with_valid_arguments"/>
    <testcase time="0.00200000000000022" classname="JoinKeys" name="join_key_does_not_throw_error_with_valid_arguments"/>
    <testcase time="0.00199999999999978" classname="JoinKeys" name="join_key_does_not_throw_error_with_valid_arguments"/>
    <testcase time="0.00200000000000022" classname="JoinKeys" name="join_key_does_not_throw_error_with_valid_arguments"/>
    <testcase time="0.0219999999999998" classname="JoinKeys" name="cannot_set_join_keys_with_incompatible_keys"/>
    <testcase time="0.00600000000000023" classname="JoinKeys" name="cannot_set_join_keys_with_incompatible_keys"/>
    <testcase time="0.00599999999999978" classname="JoinKeys" name="cannot_set_join_keys_with_incompatible_keys"/>
    <testcase time="0.00600000000000023" classname="JoinKeys" name="cannot_set_join_keys_with_incompatible_keys"/>
    <testcase time="0.00599999999999978" classname="JoinKeys" name="cannot_set_join_keys_with_incompatible_keys"/>
    <testcase time="0.00300000000000011" classname="JoinKeys" name="can_create_join_keys_with_compatible_information"/>
    <testcase time="0.00300000000000011" classname="JoinKeys" name="can_create_join_keys_with_compatible_information"/>
    <testcase time="0.00299999999999967" classname="JoinKeys" name="can_create_join_keys_with_compatible_information"/>
    <testcase time="0.00200000000000022" classname="JoinKeys" name="can_create_join_keys_with_compatible_information"/>
    <testcase time="0.00200000000000022" classname="JoinKeys" name="can_create_join_keys_with_compatible_information"/>
    <testcase time="0.00299999999999967" classname="JoinKeys" name="can_create_join_keys_with_compatible_information"/>
    <testcase time="0.00700000000000012" classname="JoinKeys" name="cannot_create_JoinKeys_with_invalid_arguments"/>
    <testcase time="0.00599999999999978" classname="JoinKeys" name="cannot_create_JoinKeys_with_invalid_arguments"/>
    <testcase time="0.00900000000000034" classname="JoinKeys" name="cannot_create_JoinKeys_with_invalid_arguments"/>
    <testcase time="0.00299999999999967" classname="JoinKeys" name="can_create_JoinKeys_with_valid_arguments"/>
    <testcase time="0.00300000000000011" classname="JoinKeys" name="can_create_JoinKeys_with_valid_arguments"/>
    <testcase time="0.00300000000000011" classname="JoinKeys" name="can_create_JoinKeys_with_valid_arguments"/>
    <testcase time="0.00199999999999978" classname="JoinKeys" name="can_create_JoinKeys_with_valid_arguments"/>
    <testcase time="0.00199999999999978" classname="JoinKeys" name="can_create_JoinKeys_with_valid_arguments"/>
    <testcase time="0.0140000000000002" classname="JoinKeys" name="cannot_set_keys_in_JoinKeys_if_they_have_already_been_set"/>
    <testcase time="0.00299999999999967" classname="JoinKeys" name="creating_join_keys_with_d1_d2_also_creates_the_key_d2_d1"/>
    <testcase time="0.00300000000000011" classname="JoinKeys" name="can_get_all_keys_for_a_given_dataset"/>
    <testcase time="0.00200000000000022" classname="JoinKeys" name="can_get_all_keys_for_a_given_dataset"/>
    <testcase time="0.00199999999999978" classname="JoinKeys" name="can_get_all_keys_for_a_given_dataset"/>
    <testcase time="0.00300000000000011" classname="JoinKeys" name="can_get_all_keys_from_JoinKeys"/>
    <testcase time="0.00199999999999978" classname="JoinKeys" name="can_get_all_keys_from_JoinKeys"/>
    <testcase time="0.00300000000000011" classname="JoinKeys" name="join_key_with_unamed_keys_vector_creates_a_JoinKeys_with_the_same_column_names_for_both_datasets_"/>
    <testcase time="0.00300000000000011" classname="JoinKeys" name="if_no_keys_between_pair_of_datasets_then_getting_them_returns_character_0_"/>
    <testcase time="0.00199999999999978" classname="JoinKeys" name="if_no_keys_between_pair_of_datasets_then_getting_them_returns_character_0_"/>
    <testcase time="0.00300000000000011" classname="JoinKeys" name="can_mutate_existing_keys"/>
    <testcase time="0.00300000000000011" classname="JoinKeys" name="mutating_non_existing_keys_adds_them"/>
    <testcase time="0.00300000000000011" classname="JoinKeys" name="can_remove_keys_by_setting_them_to_character_0_"/>
    <testcase time="0.00299999999999967" classname="JoinKeys" name="JoinKeys_split_method_returns_empty_list_when_object_itself_is_empty"/>
    <testcase time="0.00800000000000001" classname="JoinKeys" name="JoinKeys_split_method_returns_a_named_list_of_JoinKeys_objects_with_an_element_for_each_dataset"/>
    <testcase time="0.00200000000000022" classname="JoinKeys" name="JoinKeys_split_method_returns_a_named_list_of_JoinKeys_objects_with_an_element_for_each_dataset"/>
    <testcase time="0.00099999999999989" classname="JoinKeys" name="JoinKeys_split_method_returns_a_named_list_of_JoinKeys_objects_with_an_element_for_each_dataset"/>
    <testcase time="0.00200000000000022" classname="JoinKeys" name="JoinKeys_split_method_returns_a_named_list_of_JoinKeys_objects_with_an_element_for_each_dataset"/>
    <testcase time="0.00199999999999978" classname="JoinKeys" name="JoinKeys_split_method_returns_a_named_list_of_JoinKeys_objects_with_an_element_for_each_dataset"/>
    <testcase time="0.00200000000000022" classname="JoinKeys" name="JoinKeys_split_method_returns_a_named_list_of_JoinKeys_objects_with_an_element_for_each_dataset"/>
    <testcase time="0.00199999999999978" classname="JoinKeys" name="JoinKeys_split_method_returns_a_named_list_of_JoinKeys_objects_with_an_element_for_each_dataset"/>
    <testcase time="0.00200000000000022" classname="JoinKeys" name="JoinKeys_split_method_returns_a_named_list_of_JoinKeys_objects_with_an_element_for_each_dataset"/>
    <testcase time="0.00199999999999978" classname="JoinKeys" name="JoinKeys_split_method_returns_a_named_list_of_JoinKeys_objects_with_an_element_for_each_dataset"/>
    <testcase time="0.0129999999999999" classname="JoinKeys" name="JoinKeys_split_method_returns_an_updated_list_after_the_state_of_the_object_is_modified_by_JoinKeys_mutate_"/>
    <testcase time="0.00200000000000022" classname="JoinKeys" name="JoinKeys_split_method_returns_an_updated_list_after_the_state_of_the_object_is_modified_by_JoinKeys_mutate_"/>
    <testcase time="0.00700000000000012" classname="JoinKeys" name="JoinKeys_split_method_returns_an_updated_list_after_the_state_of_the_object_is_modified_by_JoinKeys_mutate_"/>
    <testcase time="0.004" classname="JoinKeys" name="JoinKeys_split_method_returns_an_updated_list_after_the_state_of_the_object_is_modified_by_JoinKeys_mutate_"/>
    <testcase time="0.00199999999999978" classname="JoinKeys" name="JoinKeys_split_method_returns_an_updated_list_after_the_state_of_the_object_is_modified_by_JoinKeys_mutate_"/>
    <testcase time="0.00199999999999978" classname="JoinKeys" name="JoinKeys_split_method_returns_an_updated_list_after_the_state_of_the_object_is_modified_by_JoinKeys_mutate_"/>
    <testcase time="0.00200000000000022" classname="JoinKeys" name="JoinKeys_split_method_returns_an_updated_list_after_the_state_of_the_object_is_modified_by_JoinKeys_mutate_"/>
    <testcase time="0.0110000000000001" classname="JoinKeys" name="JoinKeys_split_method_does_not_modify_self"/>
    <testcase time="0.00499999999999989" classname="JoinKeys" name="JoinKeys_merge_can_handle_edge_case_calling_object_is_empty"/>
    <testcase time="0.00199999999999978" classname="JoinKeys" name="JoinKeys_merge_can_handle_edge_case_calling_object_is_empty"/>
    <testcase time="0.004" classname="JoinKeys" name="JoinKeys_merge_can_handle_edge_case_argument_is_an_empty_object"/>
    <testcase time="0.00200000000000022" classname="JoinKeys" name="JoinKeys_merge_can_handle_edge_case_argument_is_an_empty_object"/>
    <testcase time="0.00499999999999989" classname="JoinKeys" name="JoinKeys_merge_can_handle_edge_case_argument_is_a_list_of_empty_objects"/>
    <testcase time="0.00200000000000022" classname="JoinKeys" name="JoinKeys_merge_can_handle_edge_case_argument_is_a_list_of_empty_objects"/>
    <testcase time="0.00999999999999979" classname="JoinKeys" name="JoinKeys_merge_can_handle_edge_case_argument_is_a_list_of_empty_objects"/>
    <testcase time="0.00200000000000022" classname="JoinKeys" name="JoinKeys_merge_can_handle_edge_case_argument_is_a_list_of_empty_objects"/>
    <testcase time="0.00699999999999967" classname="JoinKeys" name="JoinKeys_merge_throws_error_when_improper_argument_is_passed_in_without_modifying_the_caller"/>
    <testcase time="0.00200000000000022" classname="JoinKeys" name="JoinKeys_merge_throws_error_when_improper_argument_is_passed_in_without_modifying_the_caller"/>
    <testcase time="0.00700000000000012" classname="JoinKeys" name="JoinKeys_merge_throws_error_when_improper_argument_is_passed_in_without_modifying_the_caller"/>
    <testcase time="0.00199999999999978" classname="JoinKeys" name="JoinKeys_merge_throws_error_when_improper_argument_is_passed_in_without_modifying_the_caller"/>
    <testcase time="0.0100000000000002" classname="JoinKeys" name="JoinKeys_merge_throws_error_when_improper_argument_is_passed_in_without_modifying_the_caller"/>
    <testcase time="0.00199999999999978" classname="JoinKeys" name="JoinKeys_merge_throws_error_when_improper_argument_is_passed_in_without_modifying_the_caller"/>
    <testcase time="0.00600000000000023" classname="JoinKeys" name="JoinKeys_merge_throws_error_when_improper_argument_is_passed_in_without_modifying_the_caller"/>
    <testcase time="0.00199999999999978" classname="JoinKeys" name="JoinKeys_merge_throws_error_when_improper_argument_is_passed_in_without_modifying_the_caller"/>
    <testcase time="0.00600000000000023" classname="JoinKeys" name="JoinKeys_merge_throws_error_when_improper_argument_is_passed_in_without_modifying_the_caller"/>
    <testcase time="0.00199999999999978" classname="JoinKeys" name="JoinKeys_merge_throws_error_when_improper_argument_is_passed_in_without_modifying_the_caller"/>
    <testcase time="0.00600000000000023" classname="JoinKeys" name="JoinKeys_merge_throws_error_when_improper_argument_is_passed_in_without_modifying_the_caller"/>
    <testcase time="0.00199999999999978" classname="JoinKeys" name="JoinKeys_merge_throws_error_when_improper_argument_is_passed_in_without_modifying_the_caller"/>
    <testcase time="0.00600000000000023" classname="JoinKeys" name="JoinKeys_merge_does_nothing_when_argument_is_a_JoinKeys_object_with_identical_data"/>
    <testcase time="0.00199999999999978" classname="JoinKeys" name="JoinKeys_merge_does_nothing_when_argument_is_a_JoinKeys_object_with_identical_data"/>
    <testcase time="0.00600000000000023" classname="JoinKeys" name="JoinKeys_merge_does_nothing_when_argument_is_a_list_of_one_JoinKeys_object_with_identical_data"/>
    <testcase time="0.00299999999999967" classname="JoinKeys" name="JoinKeys_merge_does_nothing_when_argument_is_a_list_of_one_JoinKeys_object_with_identical_data"/>
    <testcase time="0.004" classname="JoinKeys" name="JoinKeys_merge_does_nothing_when_argument_is_a_list_of_one_JoinKeys_object_with_identical_data"/>
    <testcase time="0.00300000000000011" classname="JoinKeys" name="JoinKeys_merge_does_nothing_when_argument_is_a_list_of_one_JoinKeys_object_with_identical_data"/>
    <testcase time="0.0110000000000001" classname="JoinKeys" name="JoinKeys_merge_does_nothing_when_argument_is_a_list_of_many_JoinKeys_object_with_identical_data"/>
    <testcase time="0.00199999999999978" classname="JoinKeys" name="JoinKeys_merge_does_nothing_when_argument_is_a_list_of_many_JoinKeys_object_with_identical_data"/>
    <testcase time="0.00700000000000012" classname="JoinKeys" name="JoinKeys_merge_clones_data_when_argument_is_a_list_of_one_JoinKeys_object_that_is_a_superset"/>
    <testcase time="0.00499999999999989" classname="JoinKeys" name="JoinKeys_merge_clones_data_when_argument_is_a_list_of_one_JoinKeys_object_that_is_a_superset"/>
    <testcase time="0.00200000000000022" classname="JoinKeys" name="JoinKeys_merge_clones_data_when_argument_is_a_list_of_one_JoinKeys_object_that_is_a_superset"/>
    <testcase time="0.00999999999999979" classname="JoinKeys" name="JoinKeys_merge_does_nothing_when_argument_is_a_list_of_one_JoinKeys_object_that_is_a_subset"/>
    <testcase time="0.00300000000000011" classname="JoinKeys" name="JoinKeys_merge_does_nothing_when_argument_is_a_list_of_one_JoinKeys_object_that_is_a_subset"/>
    <testcase time="0.00499999999999989" classname="JoinKeys" name="JoinKeys_merge_merges_mutually_exclusive_data"/>
    <testcase time="0.00300000000000011" classname="JoinKeys" name="JoinKeys_merge_merges_mutually_exclusive_data"/>
    <testcase time="0.00499999999999989" classname="JoinKeys" name="JoinKeys_merge_merges_mutually_exclusive_data"/>
    <testcase time="0.004" classname="JoinKeys" name="JoinKeys_merge_merges_mutually_exclusive_data"/>
    <testcase time="0.00300000000000011" classname="JoinKeys" name="JoinKeys_merge_merges_mutually_exclusive_data"/>
    <testcase time="0.00199999999999978" classname="JoinKeys" name="JoinKeys_merge_merges_mutually_exclusive_data"/>
    <testcase time="0.00200000000000022" classname="JoinKeys" name="JoinKeys_merge_merges_mutually_exclusive_data"/>
    <testcase time="0.00300000000000011" classname="JoinKeys" name="JoinKeys_merge_merges_mutually_exclusive_data"/>
    <testcase time="0.00199999999999978" classname="JoinKeys" name="JoinKeys_merge_merges_mutually_exclusive_data"/>
    <testcase time="0.00300000000000011" classname="JoinKeys" name="JoinKeys_merge_merges_mutually_exclusive_data"/>
    <testcase time="0.00499999999999989" classname="JoinKeys" name="JoinKeys_print_for_empty_set"/>
    <testcase time="0.00499999999999989" classname="JoinKeys" name="JoinKeys_print_for_a_non_empty_set"/>
    <testcase time="0.004" classname="JoinKeys" name="JoinKeys_set_parents_sets_the_parents_of_datasets_when_they_are_empty"/>
    <testcase time="0.00300000000000011" classname="JoinKeys" name="JoinKeys_set_parents_sets_the_parents_of_datasets_when_they_are_empty"/>
    <testcase time="0.004" classname="JoinKeys" name="JoinKeys_set_parents_throws_error_when_overwriting_the_parent_value_with_a_different_value"/>
    <testcase time="0.016" classname="JoinKeys" name="JoinKeys_set_parents_throws_error_when_overwriting_the_parent_value_with_a_different_value"/>
    <testcase time="0.00499999999999989" classname="JoinKeys" name="JoinKeys_set_parents_works_when_overwriting_the_parent_value_with_the_same_value"/>
    <testcase time="0.00700000000000012" classname="JoinKeys" name="JoinKeys_set_parents_works_when_overwriting_the_parent_value_with_the_same_value"/>
    <testcase time="0.00499999999999989" classname="JoinKeys" name="JoinKeys_get_parent_returns_the_parent_name_of_the_dataset"/>
    <testcase time="0.00200000000000022" classname="JoinKeys" name="JoinKeys_get_parent_returns_the_parent_name_of_the_dataset"/>
    <testcase time="0.00300000000000011" classname="JoinKeys" name="JoinKeys_get_parent_returns_the_parent_name_of_the_dataset"/>
    <testcase time="0.00499999999999989" classname="JoinKeys" name="JoinKeys_get_parent_returns_NULL_when_dataset_is_not_found_or_not_passed"/>
    <testcase time="0.004" classname="JoinKeys" name="JoinKeys_get_parent_returns_NULL_when_dataset_is_not_found_or_not_passed"/>
    <testcase time="0.00499999999999989" classname="JoinKeys" name="JoinKeys_get_parent_returns_NULL_when_dataset_is_not_found_or_not_passed"/>
    <testcase time="0.00499999999999989" classname="JoinKeys" name="JoinKeys_get_parents_returns_a_list_of_all_parents"/>
    <testcase time="0.00300000000000011" classname="JoinKeys" name="JoinKeys_get_parents_returns_a_list_of_all_parents"/>
    <testcase time="0.004" classname="JoinKeys" name="JoinKeys_get_parents_returns_an_empty_list_when_no_parents_are_present"/>
    <testcase time="0.00800000000000001" classname="JoinKeys" name="JoinKeys_get_parents_throws_error_when_dataname_input_is_provided"/>
    <testcase time="0.0089999999999999" classname="JoinKeys" name="JoinKeys_update_keys_given_parents_does_not_update_the_join_keys_when_no_presents_are_present"/>
    <testcase time="0.012" classname="JoinKeys" name="JoinKeys_update_keys_given_parents_updates_the_join_keys_when_presents_are_present"/>
    <testcase time="0.004" classname="JoinKeys" name="JoinKeys_check_parent_child_does_nothing_if_no_parents_are_present"/>
    <testcase time="0.00300000000000011" classname="JoinKeys" name="JoinKeys_check_parent_child_does_nothing_if_no_parents_are_present"/>
    <testcase time="0.0089999999999999" classname="JoinKeys" name="JoinKeys_check_parent_child_throws_error_if_no_join_keys_exist_for_chuld_parent"/>
  </testsuite>
  <testsuite name="MAETealDataset" timestamp="2023-05-30T16:51:34Z" hostname="61474bb71a85" tests="27" skipped="0" failures="0" errors="0" time="6.71">
    <testcase time="4.857" classname="MAETealDataset" name="MAETealDataset_constructors_do_not_raise_exceptions"/>
    <testcase time="0.00400000000000045" classname="MAETealDataset" name="MAETealDataset_constructors_do_not_raise_exceptions"/>
    <testcase time="0.234" classname="MAETealDataset" name="MAETealDataset_recreate_updates_the_class_fields"/>
    <testcase time="0.000999999999999446" classname="MAETealDataset" name="MAETealDataset_recreate_updates_the_class_fields"/>
    <testcase time="0.0109999999999992" classname="MAETealDataset" name="MAETealDataset_recreate_updates_the_class_fields"/>
    <testcase time="0.00100000000000122" classname="MAETealDataset" name="MAETealDataset_recreate_updates_the_class_fields"/>
    <testcase time="0.00300000000000011" classname="MAETealDataset" name="MAETealDataset_recreate_updates_the_class_fields"/>
    <testcase time="0.0609999999999999" classname="MAETealDataset" name="MAETealDataset_getters_and_setters"/>
    <testcase time="0.00199999999999889" classname="MAETealDataset" name="MAETealDataset_getters_and_setters"/>
    <testcase time="0.00100000000000122" classname="MAETealDataset" name="MAETealDataset_getters_and_setters"/>
    <testcase time="0.020999999999999" classname="MAETealDataset" name="MAETealDataset_getters_and_setters"/>
    <testcase time="0.00300000000000011" classname="MAETealDataset" name="MAETealDataset_getters_and_setters"/>
    <testcase time="0.000999999999999446" classname="MAETealDataset" name="MAETealDataset_getters_and_setters"/>
    <testcase time="0.00200000000000067" classname="MAETealDataset" name="MAETealDataset_getters_and_setters"/>
    <testcase time="0.000999999999999446" classname="MAETealDataset" name="MAETealDataset_getters_and_setters"/>
    <testcase time="0.00300000000000011" classname="MAETealDataset" name="MAETealDataset_getters_and_setters"/>
    <testcase time="0.00200000000000067" classname="MAETealDataset" name="MAETealDataset_getters_and_setters"/>
    <testcase time="0.00200000000000067" classname="MAETealDataset" name="MAETealDataset_getters_and_setters"/>
    <testcase time="0.0640000000000001" classname="MAETealDataset" name="MAETealDataset_is_pulled_returns_true"/>
    <testcase time="0.183999999999999" classname="MAETealDataset" name="MAETealDataset_check_returns_TRUE_when_constructed_with_the_correct_code"/>
    <testcase time="0.208" classname="MAETealDataset" name="FALSE_returned_when_executing_MAETealDataset_check_and_code_is_not_correct"/>
    <testcase time="0.077" classname="MAETealDataset" name="Error_raised_when_executing_MAETealDataset_check_and_code_is_empty"/>
    <testcase time="0.0999999999999996" classname="MAETealDataset" name="MAETealDataset_check_keys_doesn_t_throw_if_constructed_with_correct_keys"/>
    <testcase time="0.0649999999999995" classname="MAETealDataset" name="MAETealDataset_check_keys_throws_if_constructed_with_keys_not_present_in_colData"/>
    <testcase time="0.0950000000000006" classname="MAETealDataset" name="Error_raised_executing_MAETealDataset_check_keys_and_duplicate_rows_found_in_key_columns"/>
    <testcase time="0.486000000000001" classname="MAETealDataset" name="dataset_does_not_throw_when_passed_a_MultiAssayExperiment_object"/>
    <testcase time="0.221" classname="MAETealDataset" name="dataset_constructor_returns_the_same_as_MAETealDataset_new_"/>
  </testsuite>
  <testsuite name="TealData" timestamp="2023-05-30T16:51:40Z" hostname="61474bb71a85" tests="73" skipped="0" failures="0" errors="0" time="0.828">
    <testcase time="0.016" classname="TealData" name="TealData_new_throws_if_data_is_not_valid"/>
    <testcase time="0.00499999999999901" classname="TealData" name="TealData_new_throws_if_data_is_not_valid"/>
    <testcase time="0.00600000000000023" classname="TealData" name="TealData_new_sets_join_keys_datasets_based_on_the_passed_join_keys_input_otherwise_empty"/>
    <testcase time="0.00699999999999967" classname="TealData" name="TealData_new_sets_join_keys_datasets_based_on_the_passed_join_keys_input_otherwise_empty"/>
    <testcase time="0.0199999999999996" classname="TealData" name="TealData_new_sets_pull_and_mutate_code_as_empty_CodeClass"/>
    <testcase time="0.00100000000000122" classname="TealData" name="TealData_new_sets_pull_and_mutate_code_as_empty_CodeClass"/>
    <testcase time="0.000999999999999446" classname="TealData" name="TealData_new_sets_pull_and_mutate_code_as_empty_CodeClass"/>
    <testcase time="0.000999999999999446" classname="TealData" name="TealData_new_sets_pull_and_mutate_code_as_empty_CodeClass"/>
    <testcase time="0.027000000000001" classname="TealData" name="copy_deep_TRUE_deep_copies_self_and_the_items"/>
    <testcase time="0.00399999999999956" classname="TealData" name="copy_deep_TRUE_deep_copies_self_and_the_items"/>
    <testcase time="0.0250000000000004" classname="TealData" name="copy_deep_TRUE_keeps_valid_references_between_items"/>
    <testcase time="0.00799999999999912" classname="TealData" name="TealData_print_prints_out_expected_output_on_basic_input"/>
    <testcase time="0.00500000000000078" classname="TealData" name="TealData_get_connectors_returns_an_empty_list_if_no_connectors_are_provided"/>
    <testcase time="0.020999999999999" classname="TealData" name="TealData_get_connectors_returns_a_list_with_the_numbers_of_connectors_provided"/>
    <testcase time="0.00500000000000078" classname="TealData" name="TealData_get_items_returns_a_dataset_of_the_passed_dataset_name"/>
    <testcase time="0.0190000000000001" classname="TealData" name="TealData_get_items_returns_the_content_of_the_passed_TealDataConnector_name"/>
    <testcase time="0.00500000000000078" classname="TealData" name="TealData_get_items_returns_a_list_of_the_contents_if_no_dataname_is_defined"/>
    <testcase time="0.0109999999999992" classname="TealData" name="TealData_get_items_throws_an_error_if_the_desired_dataset_is_not_found"/>
    <testcase time="0.016" classname="TealData" name="TealData_keeps_references_to_the_objects_passed_to_the_constructor"/>
    <testcase time="0.00999999999999979" classname="TealData" name="TealData_get_join_keys_returns_an_empty_joinKeys_if_no_join_keys_are_passed"/>
    <testcase time="0.0139999999999993" classname="TealData" name="TealData_get_join_keys_returns_all_join_keys_when_no_input_datanme_is_specified"/>
    <testcase time="0.00700000000000145" classname="TealData" name="TealData_get_join_keys_returns_all_join_keys_of_the_single_dataname_specified"/>
    <testcase time="0.00799999999999912" classname="TealData" name="TealData_get_join_keys_returns_the_join_keys_of_the_specified_datanames"/>
    <testcase time="0.00500000000000078" classname="TealData" name="TealData_get_parents_returns_an_empty_list_even_when_parents_are_specified"/>
    <testcase time="0.0129999999999999" classname="TealData" name="TealData_mutate_join_keys_returns_a_JoinKeys_object_with_the_updated_join_keys"/>
    <testcase time="0.0129999999999999" classname="TealData" name="TealData_mutate_join_keys_changes_keys_for_both_datasets_same_key_in_both_"/>
    <testcase time="0.0129999999999999" classname="TealData" name="TealData_check_metadata_fails_if_inconsistent_join_keys_for_given_datasets"/>
    <testcase time="0.0109999999999992" classname="TealData" name="TealData_check_metadata_fails_if_inconsistent_join_keys_for_given_datasets"/>
    <testcase time="0.011000000000001" classname="TealData" name="TealData_check_metadata_fails_if_inconsistent_join_keys_for_given_datasets"/>
    <testcase time="0.00799999999999912" classname="TealData" name="TealData_check_metadata_does_not_produce_error_if_join_keys_are_consistent_for_given_datasets"/>
    <testcase time="0.00699999999999967" classname="TealData" name="TealData_check_metadata_does_not_produce_error_if_join_keys_are_consistent_for_given_datasets"/>
    <testcase time="0.00700000000000145" classname="TealData" name="TealData_check_metadata_does_not_produce_error_if_join_keys_are_consistent_for_given_datasets"/>
    <testcase time="0.00699999999999967" classname="TealData" name="TealData_check_metadata_does_not_produce_error_if_join_keys_are_consistent_for_given_datasets"/>
    <testcase time="0.0129999999999999" classname="TealData" name="TealData_check_metadata_returns_error_when_a_column_in_the_keys_is_not_found"/>
    <testcase time="0.0449999999999999" classname="TealData" name="TealData_with_single_dataset_and_connector"/>
    <testcase time="0.00399999999999956" classname="TealData" name="TealData_with_single_dataset_and_connector"/>
    <testcase time="0.00400000000000134" classname="TealData" name="TealData_with_single_dataset_and_connector"/>
    <testcase time="0.00499999999999901" classname="TealData" name="TealData_with_single_dataset_and_connector"/>
    <testcase time="0.00200000000000067" classname="TealData" name="TealData_with_single_dataset_and_connector"/>
    <testcase time="0.00399999999999956" classname="TealData" name="TealData_with_single_dataset_and_connector"/>
    <testcase time="0.00200000000000067" classname="TealData" name="TealData_with_single_dataset_and_connector"/>
    <testcase time="0.00199999999999889" classname="TealData" name="TealData_with_single_dataset_and_connector"/>
    <testcase time="0.0169999999999995" classname="TealData" name="TealData_with_single_dataset_and_connector"/>
    <testcase time="0.00600000000000023" classname="TealData" name="TealData_with_single_dataset_and_connector"/>
    <testcase time="0.00699999999999967" classname="TealData" name="TealData_with_single_dataset_and_connector"/>
    <testcase time="0.141" classname="TealData" name="TealData_with_mutliple_datasets_and_connectors"/>
    <testcase time="0.00500000000000078" classname="TealData" name="TealData_with_mutliple_datasets_and_connectors"/>
    <testcase time="0.00499999999999901" classname="TealData" name="TealData_with_mutliple_datasets_and_connectors"/>
    <testcase time="0.00200000000000067" classname="TealData" name="TealData_with_mutliple_datasets_and_connectors"/>
    <testcase time="0.00300000000000011" classname="TealData" name="TealData_with_mutliple_datasets_and_connectors"/>
    <testcase time="0.00199999999999889" classname="TealData" name="TealData_with_mutliple_datasets_and_connectors"/>
    <testcase time="0.00200000000000067" classname="TealData" name="TealData_with_mutliple_datasets_and_connectors"/>
    <testcase time="0.00200000000000067" classname="TealData" name="TealData_with_mutliple_datasets_and_connectors"/>
    <testcase time="0.00300000000000011" classname="TealData" name="TealData_with_mutliple_datasets_and_connectors"/>
    <testcase time="0.0149999999999988" classname="TealData" name="TealData_with_mutliple_datasets_and_connectors"/>
    <testcase time="0.0150000000000006" classname="TealData" name="TealData_with_mutliple_datasets_and_connectors"/>
    <testcase time="0.0150000000000006" classname="TealData" name="TealData_with_mutliple_datasets_and_connectors"/>
    <testcase time="0.0150000000000006" classname="TealData" name="TealData_with_mutliple_datasets_and_connectors"/>
    <testcase time="0.0149999999999988" classname="TealData" name="TealData_with_mutliple_datasets_and_connectors"/>
    <testcase time="0.0150000000000006" classname="TealData" name="TealData_with_mutliple_datasets_and_connectors"/>
    <testcase time="0.0419999999999998" classname="TealData" name="Multiple_connectors"/>
    <testcase time="0.00500000000000078" classname="TealData" name="Multiple_connectors"/>
    <testcase time="0.00499999999999901" classname="TealData" name="Multiple_connectors"/>
    <testcase time="0.00200000000000067" classname="TealData" name="Multiple_connectors"/>
    <testcase time="0.00399999999999956" classname="TealData" name="Multiple_connectors"/>
    <testcase time="0.00399999999999956" classname="TealData" name="Multiple_connectors"/>
    <testcase time="0.00300000000000011" classname="TealData" name="Multiple_connectors"/>
    <testcase time="0.00500000000000078" classname="TealData" name="Multiple_connectors"/>
    <testcase time="0.0109999999999992" classname="TealData" name="Multiple_connectors"/>
    <testcase time="0.011000000000001" classname="TealData" name="Multiple_connectors"/>
    <testcase time="0.0109999999999992" classname="TealData" name="Multiple_connectors"/>
    <testcase time="0.0109999999999992" classname="TealData" name="Multiple_connectors"/>
    <testcase time="0.011000000000001" classname="TealData" name="Multiple_connectors"/>
  </testsuite>
  <testsuite name="TealDataAbstract" timestamp="2023-05-30T16:51:41Z" hostname="61474bb71a85" tests="67" skipped="0" failures="0" errors="0" time="0.88">
    <testcase time="0.020999999999999" classname="TealDataAbstract" name="TealDataAbstract_cannot_be_instantiated"/>
    <testcase time="0.00700000000000145" classname="TealDataAbstract" name="check_returns_NULL_if_the_check_parameter_is_false"/>
    <testcase time="0.00799999999999912" classname="TealDataAbstract" name="check_throws_an_error_when_one_of_the_passed_datasets_has_empty_code"/>
    <testcase time="0.0080000000000009" classname="TealDataAbstract" name="check_returns_FALSE_if_the_code_provided_in_datasets_does_not_reproduce_them"/>
    <testcase time="0.0129999999999999" classname="TealDataAbstract" name="check_returns_TRUE_if_the_code_is_reproducible"/>
    <testcase time="0.0190000000000001" classname="TealDataAbstract" name="check_reproducibility_passes_if_the_reproducibility_check_passes"/>
    <testcase time="0.00999999999999979" classname="TealDataAbstract" name="check_reproducibility_throws_error_if_reproducibility_check_does_not_pass"/>
    <testcase time="0.0119999999999987" classname="TealDataAbstract" name="get_check_result_method_returns_TRUE_if_check_passed"/>
    <testcase time="0.00400000000000134" classname="TealDataAbstract" name="get_check_result_method_returns_TRUE_if_check_passed"/>
    <testcase time="0.00900000000000034" classname="TealDataAbstract" name="get_check_result_method_returns_NULL_if_check_is_set_to_FALSE"/>
    <testcase time="0.00399999999999956" classname="TealDataAbstract" name="get_check_result_method_returns_NULL_if_check_is_set_to_FALSE"/>
    <testcase time="0.0120000000000005" classname="TealDataAbstract" name="get_code_returns_the_code_of_the_datasets_when_no_input_is_specified"/>
    <testcase time="0.0129999999999999" classname="TealDataAbstract" name="get_code_returns_the_code_of_the_dataset_specifed"/>
    <testcase time="0.0119999999999987" classname="TealDataAbstract" name="get_code_returns_the_non_deparsed_code_when_deparse_is_set_to_FALSE"/>
    <testcase time="0.0129999999999999" classname="TealDataAbstract" name="get_code_throws_error_if_dataname_is_not_character_or_deparse_is_not_logical"/>
    <testcase time="0.00600000000000023" classname="TealDataAbstract" name="get_code_throws_error_if_dataname_is_not_character_or_deparse_is_not_logical"/>
    <testcase time="0.0150000000000006" classname="TealDataAbstract" name="get_code_class_with_TRUE_returns_code_without_mutate_code"/>
    <testcase time="0.0139999999999993" classname="TealDataAbstract" name="get_code_class_with_FALSE_returns_code_with_mutate_code"/>
    <testcase time="0.00900000000000034" classname="TealDataAbstract" name="get_datanames_returns_a_vector_of_characters"/>
    <testcase time="0.0129999999999999" classname="TealDataAbstract" name="get_datanames_throws_error_if_an_argument_is_passed"/>
    <testcase time="0.0129999999999999" classname="TealDataAbstract" name="get_dataset_throws_an_error_if_no_dataset_is_found_with_the_passed_name"/>
    <testcase time="0.0129999999999999" classname="TealDataAbstract" name="get_dataset_throws_an_error_if_passed_name_is_not_character"/>
    <testcase time="0.0250000000000004" classname="TealDataAbstract" name="get_dataset_returns_the_dataset_with_the_passed_name"/>
    <testcase time="0.0440000000000005" classname="TealDataAbstract" name="get_dataset_returns_a_list_of_all_datasets_if_passed_NULL"/>
    <testcase time="0.0449999999999999" classname="TealDataAbstract" name="get_datasets_returns_a_list_of_all_datasets_if_passed_NULL"/>
    <testcase time="0.0109999999999992" classname="TealDataAbstract" name="get_datasets_throws_an_error_is_a_dataset_is_not_pulled_yet"/>
    <testcase time="0.0800000000000001" classname="TealDataAbstract" name="get_items_returns_all_items_in_TealDataAbstract_object_when_no_input_dataname_is_specified"/>
    <testcase time="0.0259999999999998" classname="TealDataAbstract" name="get_items_returns_the_item_of_the_specified_input_dataname"/>
    <testcase time="0.0140000000000011" classname="TealDataAbstract" name="get_items_throws_error_if_dataname_is_not_found"/>
    <testcase time="0.0119999999999987" classname="TealDataAbstract" name="get_check_returns_the_check_status"/>
    <testcase time="0.011000000000001" classname="TealDataAbstract" name="get_check_returns_the_check_status"/>
    <testcase time="0.0120000000000005" classname="TealDataAbstract" name="is_pulled_returns_if_the_datasets_are_pulled"/>
    <testcase time="0.0139999999999993" classname="TealDataAbstract" name="mutate_updates_the_code"/>
    <testcase time="0.0139999999999993" classname="TealDataAbstract" name="mutate_dataset_updates_the_code_of_the_dataset"/>
    <testcase time="0.0129999999999999" classname="TealDataAbstract" name="mutate_dataset_throws_an_error_if_the_dataname_is_not_found"/>
    <testcase time="0.0139999999999993" classname="TealDataAbstract" name="mutate_dataset_throws_an_error_if_the_dataname_is_not_character"/>
    <testcase time="0.00999999999999979" classname="TealDataAbstract" name="set_check_sets_the_reproducibility_check"/>
    <testcase time="0.00399999999999956" classname="TealDataAbstract" name="set_check_sets_the_reproducibility_check"/>
    <testcase time="0.0140000000000011" classname="TealDataAbstract" name="set_check_accepts_only_logical_input"/>
    <testcase time="0.00499999999999901" classname="TealDataAbstract" name="set_pull_code_sets_code_correctly"/>
    <testcase time="0.00400000000000134" classname="TealDataAbstract" name="set_pull_code_sets_code_correctly"/>
    <testcase time="0.0139999999999993" classname="TealDataAbstract" name="set_pull_code_throws_error_if_code_is_not_character"/>
    <testcase time="0.0180000000000007" classname="TealDataAbstract" name="set_pull_code_throws_error_if_code_is_specified_on_data_and_dataset_levels"/>
    <testcase time="0.016" classname="TealDataAbstract" name="set_pull_code_throws_error_if_TealDataAbstract_has_only_connectors"/>
    <testcase time="0.0259999999999998" classname="TealDataAbstract" name="reassign_datasets_vars_updates_the_references_of_vars_in_items_according_to_items_addresses"/>
    <testcase time="0.00999999999999979" classname="TealDataAbstract" name="check_combined_code_returns_TRUE_when_the_code_is_reproducible"/>
    <testcase time="0.0109999999999992" classname="TealDataAbstract" name="check_combined_code_returns_error_when_the_code_is_not_reproducible"/>
    <testcase time="0.011000000000001" classname="TealDataAbstract" name="check_combined_code_returns_error_when_the_code_is_not_supplied"/>
    <testcase time="0.00600000000000023" classname="TealDataAbstract" name="get_datasets_code_class_returns_an_empty_CodeClass_object_when_no_code_is_passed"/>
    <testcase time="0.00199999999999889" classname="TealDataAbstract" name="get_datasets_code_class_returns_an_empty_CodeClass_object_when_no_code_is_passed"/>
    <testcase time="0.00699999999999967" classname="TealDataAbstract" name="get_datasets_code_class_returns_a_CodeClass_object_with_the_code_passed"/>
    <testcase time="0.00200000000000067" classname="TealDataAbstract" name="get_datasets_code_class_returns_a_CodeClass_object_with_the_code_passed"/>
    <testcase time="0.00500000000000078" classname="TealDataAbstract" name="get_pull_code_class_gets_code_correctly"/>
    <testcase time="0.00399999999999956" classname="TealDataAbstract" name="get_pull_code_class_gets_code_correctly"/>
    <testcase time="0.0139999999999993" classname="TealDataAbstract" name="set_mutate_code_updates_the_object_code"/>
    <testcase time="0.0150000000000006" classname="TealDataAbstract" name="set_mutate_code_accepts_character_code_of_length_1"/>
    <testcase time="0.00600000000000023" classname="TealDataAbstract" name="set_mutate_code_accepts_character_code_of_length_1"/>
    <testcase time="0.00699999999999967" classname="TealDataAbstract" name="set_mutate_vars_appends_the_new_mutate_vars"/>
    <testcase time="0.00200000000000067" classname="TealDataAbstract" name="set_mutate_vars_appends_the_new_mutate_vars"/>
    <testcase time="0.00699999999999967" classname="TealDataAbstract" name="set_mutate_vars_accepts_a_unique_names_list_throws_error_otherwise"/>
    <testcase time="0.00600000000000023" classname="TealDataAbstract" name="set_mutate_vars_accepts_a_unique_names_list_throws_error_otherwise"/>
    <testcase time="0.00600000000000023" classname="TealDataAbstract" name="set_mutate_vars_accepts_a_unique_names_list_throws_error_otherwise"/>
    <testcase time="0.00999999999999979" classname="TealDataAbstract" name="check_names_throws_if_passed_two_datasets_with_the_same_name"/>
    <testcase time="0.016" classname="TealDataAbstract" name="execute_mutate_returns_current_datasets_if_no_mutate_code"/>
    <testcase time="0.0259999999999998" classname="TealDataAbstract" name="execute_mutate_returns_updated_datasets"/>
    <testcase time="0.00999999999999979" classname="TealDataAbstract" name="execute_mutate_returns_updated_datasets"/>
    <testcase time="0.00300000000000011" classname="TealDataAbstract" name="execute_mutate_returns_updated_datasets"/>
  </testsuite>
  <testsuite name="TealDataConnection" timestamp="2023-05-30T16:51:42Z" hostname="61474bb71a85" tests="16" skipped="0" failures="0" errors="0" time="0.084">
    <testcase time="0.0289999999999999" classname="TealDataConnection" name="data_connection"/>
    <testcase time="0.000999999999999446" classname="TealDataConnection" name="data_connection"/>
    <testcase time="0.00300000000000011" classname="TealDataConnection" name="data_connection"/>
    <testcase time="0.00400000000000134" classname="TealDataConnection" name="data_connection"/>
    <testcase time="0.00199999999999889" classname="TealDataConnection" name="data_connection"/>
    <testcase time="0.00100000000000122" classname="TealDataConnection" name="data_connection"/>
    <testcase time="0.00199999999999889" classname="TealDataConnection" name="data_connection"/>
    <testcase time="0.00300000000000011" classname="TealDataConnection" name="data_connection"/>
    <testcase time="0.0220000000000002" classname="TealDataConnection" name="data_connection_returns_a_TealDataConnection_object_on_basic_input"/>
    <testcase time="0.00300000000000011" classname="TealDataConnection" name="TealDataConnection_can_be_initialized"/>
    <testcase time="0.00300000000000011" classname="TealDataConnection" name="TealDataConnection_set_preopen_server_accepts_the_old_Shiny_module_definition"/>
    <testcase time="0.00200000000000067" classname="TealDataConnection" name="TealDataConnection_set_preopen_server_accepts_the_new_Shiny_module_definition"/>
    <testcase time="0.00199999999999889" classname="TealDataConnection" name="TealDataConnection_set_open_server_accepts_the_old_Shiny_module_definition"/>
    <testcase time="0.00300000000000011" classname="TealDataConnection" name="TealDataConnection_set_open_server_accepts_the_new_Shiny_module_definition"/>
    <testcase time="0.00200000000000067" classname="TealDataConnection" name="TealDataConnection_set_close_server_accepts_the_old_Shiny_module_definition"/>
    <testcase time="0.00199999999999889" classname="TealDataConnection" name="TealDataConnection_set_close_server_accepts_the_new_Shiny_module_definition"/>
  </testsuite>
  <testsuite name="TealDataConnector" timestamp="2023-05-30T16:51:42Z" hostname="61474bb71a85" tests="8" skipped="0" failures="0" errors="0" time="0.065">
    <testcase time="0.032" classname="TealDataConnector" name="TealDataConnector_with_TealDataConnection"/>
    <testcase time="0.00300000000000011" classname="TealDataConnector" name="TealDataConnector_with_TealDataConnection"/>
    <testcase time="0.00399999999999956" classname="TealDataConnector" name="TealDataConnector_with_TealDataConnection"/>
    <testcase time="0.00400000000000134" classname="TealDataConnector" name="TealDataConnector_with_TealDataConnection"/>
    <testcase time="0.00399999999999956" classname="TealDataConnector" name="TealDataConnector_print_prints_out_expected_output_on_basic_input"/>
    <testcase time="0.00600000000000023" classname="TealDataConnector" name="relational_data_connector_returns_a_TealDataConnector_object_on_basic_input"/>
    <testcase time="0.00600000000000023" classname="TealDataConnector" name="relational_data_connector_has_input_validation"/>
    <testcase time="0.00600000000000023" classname="TealDataConnector" name="relational_data_connector_has_input_validation"/>
  </testsuite>
  <testsuite name="TealDataset" timestamp="2023-05-30T16:51:42Z" hostname="61474bb71a85" tests="124" skipped="0" failures="0" errors="0" time="0.941">
    <testcase time="0.0109999999999992" classname="TealDataset" name="TealDataset_basics"/>
    <testcase time="0.000999999999999446" classname="TealDataset" name="TealDataset_basics"/>
    <testcase time="0.00200000000000067" classname="TealDataset" name="TealDataset_basics"/>
    <testcase time="0.000999999999999446" classname="TealDataset" name="TealDataset_basics"/>
    <testcase time="0.00100000000000122" classname="TealDataset" name="TealDataset_basics"/>
    <testcase time="0.00300000000000011" classname="TealDataset" name="TealDataset_basics"/>
    <testcase time="0.00300000000000011" classname="TealDataset" name="TealDataset_basics"/>
    <testcase time="0.00600000000000023" classname="TealDataset" name="TealDataset_basics"/>
    <testcase time="0.00799999999999912" classname="TealDataset" name="TealDataset_basics"/>
    <testcase time="0.00699999999999967" classname="TealDataset" name="metadata_not_a_list_throws_an_error"/>
    <testcase time="0.0080000000000009" classname="TealDataset" name="metadata_not_a_list_of_length_one_atomics_throws_an_error"/>
    <testcase time="0.00600000000000023" classname="TealDataset" name="metadata_not_a_list_of_length_one_atomics_throws_an_error"/>
    <testcase time="0.00399999999999956" classname="TealDataset" name="metadata_can_be_NULL_the_default_"/>
    <testcase time="0.016" classname="TealDataset" name="metadata_can_be_NULL_the_default_"/>
    <testcase time="0.0169999999999995" classname="TealDataset" name="TealDataset_recreate"/>
    <testcase time="0.00300000000000011" classname="TealDataset" name="TealDataset_get___colnames"/>
    <testcase time="0.00200000000000067" classname="TealDataset" name="TealDataset_get___colnames"/>
    <testcase time="0.000999999999999446" classname="TealDataset" name="TealDataset_get___colnames"/>
    <testcase time="0.00399999999999956" classname="TealDataset" name="TealDataset_get_rownames"/>
    <testcase time="0.00300000000000011" classname="TealDataset" name="TealDataset_active_bindings_and_getters"/>
    <testcase time="0.00200000000000067" classname="TealDataset" name="TealDataset_active_bindings_and_getters"/>
    <testcase time="0.000999999999999446" classname="TealDataset" name="TealDataset_active_bindings_and_getters"/>
    <testcase time="0.00100000000000122" classname="TealDataset" name="TealDataset_active_bindings_and_getters"/>
    <testcase time="0.00299999999999834" classname="TealDataset" name="TealDataset_active_bindings_and_getters"/>
    <testcase time="0.00100000000000122" classname="TealDataset" name="TealDataset_active_bindings_and_getters"/>
    <testcase time="0.00399999999999956" classname="TealDataset" name="TealDataset_active_bindings_and_getters"/>
    <testcase time="0.000999999999999446" classname="TealDataset" name="TealDataset_active_bindings_and_getters"/>
    <testcase time="0.00700000000000145" classname="TealDataset" name="TealDataset_supplementary_constructors"/>
    <testcase time="0.00599999999999845" classname="TealDataset" name="TealDataset_supplementary_constructors"/>
    <testcase time="0.00700000000000145" classname="TealDataset" name="TealDataset_set_vars_throws_an_error_if_passed_the_enclosing_TealDataset_object_directly"/>
    <testcase time="0.00799999999999912" classname="TealDataset" name="TealDataset_set_vars_throws_an_error_if_passed_the_enclosing_TealDataset_object_indirectly_distance_1"/>
    <testcase time="0.00900000000000034" classname="TealDataset" name="TealDataset_set_vars_throws_an_error_if_passed_the_enclosing_TealDataset_object_indirectly_distance_2"/>
    <testcase time="0.011000000000001" classname="TealDataset" name="TealDataset_set_vars_throws_an_error_if_passed_the_enclosing_TealDatasetConnector"/>
    <testcase time="0.016" classname="TealDataset" name="TealDataset_set_vars_throws_an_error_if_passed_the_enclosing_TealDatasetConnector"/>
    <testcase time="0.00899999999999856" classname="TealDataset" name="TealDataset_set_vars_throws_an_error_if_passed_the_enclosing_TealDatasetConnector"/>
    <testcase time="0.0180000000000007" classname="TealDataset" name="TealDataset_mutate_method_with_delayed_logic"/>
    <testcase time="0.00600000000000023" classname="TealDataset" name="TealDataset_mutate_method_with_delayed_logic"/>
    <testcase time="0.00900000000000034" classname="TealDataset" name="TealDataset_mutate_method_with_delayed_logic"/>
    <testcase time="0.00399999999999956" classname="TealDataset" name="TealDataset_mutate_method_with_delayed_logic"/>
    <testcase time="0.00200000000000067" classname="TealDataset" name="TealDataset_mutate_method_with_delayed_logic"/>
    <testcase time="0.00599999999999845" classname="TealDataset" name="TealDataset_mutate_method_with_delayed_logic"/>
    <testcase time="0.00200000000000067" classname="TealDataset" name="TealDataset_mutate_method_with_delayed_logic"/>
    <testcase time="0.00399999999999956" classname="TealDataset" name="TealDataset_mutate_method_with_delayed_logic"/>
    <testcase time="0.00700000000000145" classname="TealDataset" name="TealDataset_mutate_method_with_delayed_logic"/>
    <testcase time="0.00399999999999956" classname="TealDataset" name="TealDataset_mutate_method_with_delayed_logic"/>
    <testcase time="0.00399999999999956" classname="TealDataset" name="TealDataset_mutate_method_with_delayed_logic"/>
    <testcase time="0.00600000000000023" classname="TealDataset" name="TealDataset_mutate_method_with_delayed_logic"/>
    <testcase time="0.00399999999999956" classname="TealDataset" name="TealDataset_mutate_method_with_delayed_logic"/>
    <testcase time="0.00699999999999967" classname="TealDataset" name="TealDataset_mutate_method_with_delayed_logic"/>
    <testcase time="0.00400000000000134" classname="TealDataset" name="TealDataset_mutate_method_with_delayed_logic"/>
    <testcase time="0.00399999999999956" classname="TealDataset" name="TealDataset_mutate_method_with_delayed_logic"/>
    <testcase time="0.00799999999999912" classname="TealDataset" name="TealDataset_mutate_method_with_delayed_logic"/>
    <testcase time="0.00400000000000134" classname="TealDataset" name="TealDataset_mutate_method_with_delayed_logic"/>
    <testcase time="0.00799999999999912" classname="TealDataset" name="TealDataset_mutate_method_with_delayed_logic"/>
    <testcase time="0.00399999999999956" classname="TealDataset" name="TealDataset_mutate_method_with_delayed_logic"/>
    <testcase time="0.0080000000000009" classname="TealDataset" name="TealDataset_mutate_method_with_delayed_logic"/>
    <testcase time="0.00499999999999901" classname="TealDataset" name="TealDataset_mutate_method_with_delayed_logic"/>
    <testcase time="0.00400000000000134" classname="TealDataset" name="TealDataset_mutate_method_with_delayed_logic"/>
    <testcase time="0.00499999999999901" classname="TealDataset" name="TealDataset_mutate_method_with_delayed_logic"/>
    <testcase time="0.00699999999999967" classname="TealDataset" name="TealDataset_mutate_method_with_delayed_logic"/>
    <testcase time="0.011000000000001" classname="TealDataset" name="TealDataset_mutate_method_with_delayed_logic"/>
    <testcase time="0.00399999999999956" classname="TealDataset" name="TealDataset_mutate_method_with_delayed_logic"/>
    <testcase time="0.00200000000000067" classname="TealDataset" name="TealDataset_mutate_method_with_delayed_logic"/>
    <testcase time="0.00899999999999856" classname="TealDataset" name="TealDataset_check_method"/>
    <testcase time="0.00700000000000145" classname="TealDataset" name="TealDataset_check_method"/>
    <testcase time="0.00799999999999912" classname="TealDataset" name="TealDataset_check_method"/>
    <testcase time="0.027000000000001" classname="TealDataset" name="TealDataset_check_method"/>
    <testcase time="0.00799999999999912" classname="TealDataset" name="TealDataset_check_method"/>
    <testcase time="0.0220000000000002" classname="TealDataset" name="TealDataset_check_method"/>
    <testcase time="0.00799999999999912" classname="TealDataset" name="TealDataset_check_method"/>
    <testcase time="0.0119999999999987" classname="TealDataset" name="TealDataset_check_returns_FALSE_if_the_passed_code_creates_a_binding_with_a_different_object"/>
    <testcase time="0.011000000000001" classname="TealDataset" name="get_code_class_returns_the_correct_CodeClass_object"/>
    <testcase time="0.00900000000000034" classname="TealDataset" name="get_code_class_returns_the_correct_CodeClass_object"/>
    <testcase time="0.032" classname="TealDataset" name="get_code_class_returns_the_correct_CodeClass_after_mutating_with_another_TealDataset"/>
    <testcase time="0.0289999999999999" classname="TealDataset" name="TealDataset_recreate_does_not_reset_the_mutation_code"/>
    <testcase time="0.020999999999999" classname="TealDataset" name="TealDataset_recreate_does_not_reset_the_variables_needed_for_mutation"/>
    <testcase time="0.0080000000000009" classname="TealDataset" name="TealDataset_is_mutate_delayed_returns_TRUE_if_the_TealDataset_s_dependency_is_delayed"/>
    <testcase time="0.00999999999999979" classname="TealDataset" name="TealDataset_is_mutate_delayed_stays_FALSE_if_the_TealDataset_s_dependency_turns_from_not_delayed_to_delayed"/>
    <testcase time="0.00399999999999956" classname="TealDataset" name="TealDataset_is_mutate_delayed_stays_FALSE_if_the_TealDataset_s_dependency_turns_from_not_delayed_to_delayed"/>
    <testcase time="0.00500000000000078" classname="TealDataset" name="TealDataset_is_mutate_delayed_stays_FALSE_if_the_TealDataset_s_dependency_turns_from_not_delayed_to_delayed"/>
    <testcase time="0.0129999999999999" classname="TealDataset" name="Dupliated_mutation_code_is_shown_via_get_code_"/>
    <testcase time="0.00499999999999901" classname="TealDataset" name="mutate_dataset"/>
    <testcase time="0.00700000000000145" classname="TealDataset" name="mutate_dataset"/>
    <testcase time="0.0149999999999988" classname="TealDataset" name="mutate_dataset"/>
    <testcase time="0.0210000000000008" classname="TealDataset" name="mutate_dataset"/>
    <testcase time="0.0120000000000005" classname="TealDataset" name="mutate_dataset"/>
    <testcase time="0.00299999999999834" classname="TealDataset" name="mutate_dataset"/>
    <testcase time="0.00300000000000011" classname="TealDataset" name="mutate_dataset"/>
    <testcase time="0.0080000000000009" classname="TealDataset" name="mutate_dataset"/>
    <testcase time="0.00699999999999967" classname="TealDataset" name="mutate_dataset"/>
    <testcase time="0.00399999999999956" classname="TealDataset" name="mutate_dataset"/>
    <testcase time="0.0200000000000014" classname="TealDataset" name="mutate_dataset"/>
    <testcase time="0.00399999999999956" classname="TealDataset" name="mutate_dataset"/>
    <testcase time="0.00500000000000078" classname="TealDataset" name="mutate_dataset"/>
    <testcase time="0.00300000000000011" classname="TealDataset" name="mutate_dataset"/>
    <testcase time="0.0109999999999992" classname="TealDataset" name="mutate_dataset"/>
    <testcase time="0.00300000000000011" classname="TealDataset" name="mutate_dataset"/>
    <testcase time="0.00300000000000011" classname="TealDataset" name="mutate_dataset"/>
    <testcase time="0.00499999999999901" classname="TealDataset" name="mutate_dataset"/>
    <testcase time="0.00600000000000023" classname="TealDataset" name="mutate_dataset"/>
    <testcase time="0.00300000000000011" classname="TealDataset" name="mutate_dataset"/>
    <testcase time="0.00400000000000134" classname="TealDataset" name="mutate_dataset"/>
    <testcase time="0.00399999999999956" classname="TealDataset" name="mutate_dataset"/>
    <testcase time="0.00900000000000034" classname="TealDataset" name="mutate_dataset"/>
    <testcase time="0.020999999999999" classname="TealDataset" name="mutate_dataset_with_vars_argument"/>
    <testcase time="0.00999999999999979" classname="TealDataset" name="mutate_dataset_with_vars_argument"/>
    <testcase time="0.00699999999999967" classname="TealDataset" name="mutate_dataset_with_vars_argument"/>
    <testcase time="0.00500000000000078" classname="TealDataset" name="mutate_dataset_with_vars_argument"/>
    <testcase time="0.0120000000000005" classname="TealDataset" name="mutate_dataset_with_vars_argument"/>
    <testcase time="0.00499999999999901" classname="TealDataset" name="mutate_dataset_with_vars_argument"/>
    <testcase time="0.0190000000000001" classname="TealDataset" name="mutate_dataset_with_vars_argument"/>
    <testcase time="0.00999999999999979" classname="TealDataset" name="mutate_dataset_with_vars_argument"/>
    <testcase time="0.00700000000000145" classname="TealDataset" name="mutate_dataset_with_vars_argument"/>
    <testcase time="0.00499999999999901" classname="TealDataset" name="mutate_dataset_with_vars_argument"/>
    <testcase time="0.00600000000000023" classname="TealDataset" name="dataset_print_warns_of_superfluous_arguments"/>
    <testcase time="0.00600000000000023" classname="TealDataset" name="dataset_print_prints_out_all_rows_when_less_than_6"/>
    <testcase time="0.00600000000000023" classname="TealDataset" name="dataset_print_truncates_output_after_6_rows"/>
    <testcase time="0.0190000000000001" classname="TealDataset" name="get_var_r6_returns_identical_R6_objects_as_passed_with_set_vars"/>
    <testcase time="0.0129999999999999" classname="TealDataset" name="clone_deep_TRUE_deep_clones_dependencies_which_are_TealDataset_objects"/>
    <testcase time="0.00699999999999967" classname="TealDataset" name="reassign_datasets_vars_updates_the_references_of_the_vars_to_addresses_of_passed_objects"/>
    <testcase time="0.00699999999999967" classname="TealDataset" name="reassign_datasets_vars_updates_the_references_of_the_vars_r6_to_addresses_of_passed_objects"/>
    <testcase time="0.00600000000000023" classname="TealDataset" name="reassign_datasets_vars_does_not_change_vars_elements_of_class_different_than_TealDataset_and_TealDatasetConnector"/>
    <testcase time="0.00500000000000078" classname="TealDataset" name="reassign_datasets_vars_does_not_change_any_vars_while_empty_list_is_provided"/>
    <testcase time="0.00299999999999834" classname="TealDataset" name="reassign_datasets_vars_does_not_change_any_vars_while_empty_list_is_provided"/>
  </testsuite>
  <testsuite name="TealDatasetConnector" timestamp="2023-05-30T16:51:43Z" hostname="61474bb71a85" tests="201" skipped="0" failures="0" errors="0" time="11.15">
    <testcase time="0.016" classname="TealDatasetConnector" name="TealDatasetConnector"/>
    <testcase time="0.00200000000000067" classname="TealDatasetConnector" name="TealDatasetConnector"/>
    <testcase time="0.00300000000000011" classname="TealDatasetConnector" name="TealDatasetConnector"/>
    <testcase time="0.00200000000000067" classname="TealDatasetConnector" name="TealDatasetConnector"/>
    <testcase time="0.00499999999999901" classname="TealDatasetConnector" name="TealDatasetConnector"/>
    <testcase time="0.00600000000000023" classname="TealDatasetConnector" name="TealDatasetConnector"/>
    <testcase time="0.00500000000000078" classname="TealDatasetConnector" name="TealDatasetConnector"/>
    <testcase time="3.407" classname="TealDatasetConnector" name="TealDatasetConnector"/>
    <testcase time="0.00400000000000134" classname="TealDatasetConnector" name="TealDatasetConnector"/>
    <testcase time="0.00100000000000122" classname="TealDatasetConnector" name="TealDatasetConnector"/>
    <testcase time="2.477" classname="TealDatasetConnector" name="TealDatasetConnector"/>
    <testcase time="0.00299999999999656" classname="TealDatasetConnector" name="TealDatasetConnector"/>
    <testcase time="0.00100000000000122" classname="TealDatasetConnector" name="TealDatasetConnector"/>
    <testcase time="2.422" classname="TealDatasetConnector" name="TealDatasetConnector"/>
    <testcase time="0.00199999999999889" classname="TealDatasetConnector" name="TealDatasetConnector"/>
    <testcase time="0.0169999999999995" classname="TealDatasetConnector" name="TealDatasetConnector"/>
    <testcase time="0.00200000000000244" classname="TealDatasetConnector" name="TealDatasetConnector"/>
    <testcase time="0.0120000000000005" classname="TealDatasetConnector" name="TealDatasetConnector"/>
    <testcase time="0.00900000000000034" classname="TealDatasetConnector" name="TealDatasetConnector"/>
    <testcase time="0.00300000000000011" classname="TealDatasetConnector" name="TealDatasetConnector"/>
    <testcase time="0.00199999999999889" classname="TealDatasetConnector" name="TealDatasetConnector"/>
    <testcase time="0.0130000000000017" classname="TealDatasetConnector" name="metadata_for_TealDatasetConnector_can_be_Callable_list_or_NULL"/>
    <testcase time="0.00199999999999889" classname="TealDatasetConnector" name="metadata_for_TealDatasetConnector_can_be_Callable_list_or_NULL"/>
    <testcase time="0.00200000000000244" classname="TealDatasetConnector" name="metadata_for_TealDatasetConnector_can_be_Callable_list_or_NULL"/>
    <testcase time="0.0489999999999995" classname="TealDatasetConnector" name="scda_dataset_connector"/>
    <testcase time="0.00399999999999778" classname="TealDatasetConnector" name="scda_dataset_connector"/>
    <testcase time="0.00200000000000244" classname="TealDatasetConnector" name="scda_dataset_connector"/>
    <testcase time="0.000999999999997669" classname="TealDatasetConnector" name="scda_dataset_connector"/>
    <testcase time="0.00200000000000244" classname="TealDatasetConnector" name="scda_dataset_connector"/>
    <testcase time="0.0139999999999993" classname="TealDatasetConnector" name="scda_dataset_connector"/>
    <testcase time="0.00999999999999801" classname="TealDatasetConnector" name="scda_dataset_connector"/>
    <testcase time="0.00100000000000122" classname="TealDatasetConnector" name="scda_dataset_connector"/>
    <testcase time="0.0289999999999999" classname="TealDatasetConnector" name="rds_dataset_connector"/>
    <testcase time="0.0259999999999998" classname="TealDatasetConnector" name="rds_dataset_connector"/>
    <testcase time="0.00400000000000134" classname="TealDatasetConnector" name="rds_dataset_connector"/>
    <testcase time="0.00300000000000011" classname="TealDatasetConnector" name="rds_dataset_connector"/>
    <testcase time="0.00799999999999912" classname="TealDatasetConnector" name="csv_dataset_connector_not_expected_input"/>
    <testcase time="0.00700000000000145" classname="TealDatasetConnector" name="csv_dataset_connector_not_expected_input"/>
    <testcase time="0.0069999999999979" classname="TealDatasetConnector" name="csv_dataset_connector_not_expected_input"/>
    <testcase time="0.00700000000000145" classname="TealDatasetConnector" name="csv_dataset_connector_not_expected_input"/>
    <testcase time="0.300000000000001" classname="TealDatasetConnector" name="csv_dataset_connector_scda"/>
    <testcase time="0.00199999999999889" classname="TealDatasetConnector" name="csv_dataset_connector_scda"/>
    <testcase time="0.00400000000000134" classname="TealDatasetConnector" name="csv_dataset_connector_scda"/>
    <testcase time="0.00399999999999778" classname="TealDatasetConnector" name="csv_dataset_connector_scda"/>
    <testcase time="0.00100000000000122" classname="TealDatasetConnector" name="csv_dataset_connector_scda"/>
    <testcase time="0.00199999999999889" classname="TealDatasetConnector" name="csv_dataset_connector_scda"/>
[...]
    <testcase time="0.00499999999999901" classname="get_code" name="arguments_properly_specified"/>
    <testcase time="0.00400000000000134" classname="get_code" name="Reads_code_from_starts_at_to_stops_at"/>
    <testcase time="0.00499999999999901" classname="get_code" name="Excludes_commented_keep_quoted_comments"/>
    <testcase time="0.00400000000000134" classname="get_code" name="Excludes_nocode_sigle_and_multi_line"/>
    <testcase time="0.00499999999999901" classname="get_code" name="Excludes_nocode_sigle_and_multi_line"/>
    <testcase time="0.00499999999999901" classname="get_code" name="Excludes_nocode_sigle_and_multi_line"/>
    <testcase time="0.00600000000000023" classname="get_code" name="Include_sourced_code"/>
    <testcase time="0.00500000000000256" classname="get_code" name="get_code.TealDataset_returns_identical_code_to_TealDataset_get_code"/>
    <testcase time="0.00199999999999889" classname="get_code" name="get_code.TealDataset_returns_identical_code_to_TealDataset_get_code"/>
    <testcase time="0.00300000000000011" classname="get_code" name="get_code.TealDataset_returns_identical_code_to_TealDataset_get_code"/>
    <testcase time="0.0169999999999995" classname="get_code" name="get_code.TealDatasetConnector_returns_identical_code_to_TealDatasetConnector_get_code"/>
    <testcase time="0.00499999999999901" classname="get_code" name="get_code.TealDatasetConnector_returns_identical_code_to_TealDatasetConnector_get_code"/>
    <testcase time="0.00400000000000134" classname="get_code" name="get_code.TealDatasetConnector_returns_identical_code_to_TealDatasetConnector_get_code"/>
    <testcase time="0.0109999999999992" classname="get_code" name="get_code.TealDataAbstract_returns_identical_code_to_TealDataAbstract_get_code"/>
    <testcase time="0.00499999999999901" classname="get_code" name="get_code.TealDataAbstract_returns_identical_code_to_TealDataAbstract_get_code"/>
    <testcase time="0.00600000000000023" classname="get_code" name="get_code.TealDataAbstract_returns_identical_code_to_TealDataAbstract_get_code"/>
    <testcase time="0.00500000000000256" classname="get_code" name="get_code.TealDataAbstract_returns_identical_code_to_TealDataAbstract_get_code"/>
    <testcase time="0.00499999999999901" classname="get_code" name="get_code.TealDataAbstract_returns_identical_code_to_TealDataAbstract_get_code"/>
    <testcase time="0.00600000000000023" classname="get_code" name="get_code.TealDataAbstract_returns_identical_code_to_TealDataAbstract_get_code"/>
    <testcase time="0.00399999999999778" classname="get_code" name="get_code.TealDataAbstract_returns_identical_code_to_TealDataAbstract_get_code"/>
  </testsuite>
  <testsuite name="get_code_dataname" timestamp="2023-05-30T16:51:58Z" hostname="61474bb71a85" tests="22" skipped="0" failures="0" errors="0" time="0.118">
    <testcase time="0.0100000000000016" classname="get_code_dataname" name="arguments_properly_specified"/>
    <testcase time="0.00600000000000023" classname="get_code_dataname" name="arguments_properly_specified"/>
    <testcase time="0.00499999999999901" classname="get_code_dataname" name="arguments_properly_specified"/>
    <testcase time="0.00500000000000256" classname="get_code_dataname" name="arguments_properly_specified"/>
    <testcase time="0.00499999999999901" classname="get_code_dataname" name="Reads_code_from_starts_at_to_stops_at"/>
    <testcase time="0.0069999999999979" classname="get_code_dataname" name="Excludes_commented_keep_quoted_comments"/>
    <testcase time="0.00600000000000023" classname="get_code_dataname" name="Excludes_nocode_sigle_and_multi_line"/>
    <testcase time="0.00500000000000256" classname="get_code_dataname" name="Excludes_nocode_sigle_and_multi_line"/>
    <testcase time="0.00600000000000023" classname="get_code_dataname" name="Excludes_nocode_sigle_and_multi_line"/>
    <testcase time="0.00999999999999801" classname="get_code_dataname" name="Include_sourced_code"/>
    <testcase time="0.0180000000000007" classname="get_code_dataname" name="union_diff"/>
    <testcase time="0.00300000000000011" classname="get_code_dataname" name="union_diff"/>
    <testcase time="0.00399999999999778" classname="get_code_dataname" name="union_diff"/>
    <testcase time="0.00300000000000011" classname="get_code_dataname" name="union_diff"/>
    <testcase time="0.00300000000000011" classname="get_code_dataname" name="union_diff"/>
    <testcase time="0.00400000000000134" classname="get_code_dataname" name="union_diff"/>
    <testcase time="0.00100000000000122" classname="get_code_dataname" name="union_diff"/>
    <testcase time="0.000999999999997669" classname="get_code_dataname" name="union_diff"/>
    <testcase time="0.00300000000000011" classname="get_code_dataname" name="union_diff"/>
    <testcase time="0.00800000000000267" classname="get_code_dataname" name="NULL_empty"/>
    <testcase time="0.00300000000000011" classname="get_code_dataname" name="NULL_empty"/>
    <testcase time="0.00199999999999889" classname="get_code_dataname" name="NULL_empty"/>
  </testsuite>
  <testsuite name="get_raw_data" timestamp="2023-05-30T16:51:58Z" hostname="61474bb71a85" tests="18" skipped="0" failures="0" errors="0" time="8.667">
    <testcase time="0.0109999999999992" classname="get_raw_data" name="get_raw_data_validates_the_argument_dataname"/>
    <testcase time="0.00199999999999889" classname="get_raw_data" name="get_raw_data_validates_the_argument_dataname"/>
    <testcase time="0.00200000000000244" classname="get_raw_data" name="get_raw_data_validates_the_argument_dataname"/>
    <testcase time="0.00300000000000011" classname="get_raw_data" name="get_raw_data.TealDataset_returns_a_data.frame_verbatim_"/>
    <testcase time="0.00399999999999778" classname="get_raw_data" name="get_raw_data.TealDataset_gives_warning_when_dataname_is_supplied_"/>
    <testcase time="0.00500000000000256" classname="get_raw_data" name="get_raw_data.TealDatasetConnector_returns_a_SCDA_data_frame_verbatim_"/>
    <testcase time="0.00499999999999901" classname="get_raw_data" name="get_raw_data.TealDatasetConnector_gives_warning_when_dataname_is_supplied_"/>
    <testcase time="0.00600000000000023" classname="get_raw_data" name="get_raw_data.TealDataAbstract_returns_dataset_objects_verbatim_when_input_is_TealData"/>
    <testcase time="0.000999999999997669" classname="get_raw_data" name="get_raw_data.TealDataAbstract_returns_dataset_objects_verbatim_when_input_is_TealData"/>
    <testcase time="0.00100000000000122" classname="get_raw_data" name="get_raw_data.TealDataAbstract_returns_dataset_objects_verbatim_when_input_is_TealData"/>
    <testcase time="0.00600000000000023" classname="get_raw_data" name="get_raw_data.TealDataAbstract_returns_dataset_objects_verbatim_when_input_is_TealData"/>
    <testcase time="0.00100000000000122" classname="get_raw_data" name="get_raw_data.TealDataAbstract_returns_dataset_objects_verbatim_when_input_is_TealData"/>
    <testcase time="0.000999999999997669" classname="get_raw_data" name="get_raw_data.TealDataAbstract_returns_dataset_objects_verbatim_when_input_is_TealData"/>
    <testcase time="4.605" classname="get_raw_data" name="get_raw_data.TealDataAbstract_returns_dataset_objects_verbatim_when_input_is_TealDataConnector_or_CDISCTealData"/>
    <testcase time="3.975" classname="get_raw_data" name="get_raw_data.TealDataAbstract_returns_dataset_objects_verbatim_when_input_is_TealDataConnector_or_CDISCTealData"/>
    <testcase time="0.00399999999999778" classname="get_raw_data" name="get_raw_data.TealDataAbstract_returns_dataset_objects_verbatim_when_input_is_TealDataConnector_or_CDISCTealData"/>
    <testcase time="0.0320000000000036" classname="get_raw_data" name="get_raw_data.TealDataAbstract_returns_dataset_objects_verbatim_when_input_is_TealDataConnector_or_CDISCTealData"/>
    <testcase time="0.00300000000000011" classname="get_raw_data" name="get_raw_data.TealDataAbstract_returns_dataset_objects_verbatim_when_input_is_TealDataConnector_or_CDISCTealData"/>
  </testsuite>
  <testsuite name="is_pulled" timestamp="2023-05-30T16:52:07Z" hostname="61474bb71a85" tests="4" skipped="0" failures="0" errors="0" time="0.03">
    <testcase time="0.00999999999999801" classname="is_pulled" name="Test_TealDataset_is_pulled"/>
    <testcase time="0.00500000000000256" classname="is_pulled" name="Test_TealDatasetConnector_is_pulled"/>
    <testcase time="0.00600000000000023" classname="is_pulled" name="Test_TealDatasetConnector_is_pulled"/>
    <testcase time="0.00900000000000034" classname="is_pulled" name="Test_TealDataConnector_is_pulled"/>
  </testsuite>
  <testsuite name="teal_data" timestamp="2023-05-30T16:52:07Z" hostname="61474bb71a85" tests="18" skipped="0" failures="0" errors="0" time="0.143">
    <testcase time="0.0209999999999937" classname="teal_data" name="teal_data_accepts_TealDataset_TealDatasetConnector_TealDataConnector_objects"/>
    <testcase time="0.00100000000000477" classname="teal_data" name="teal_data_accepts_TealDataset_TealDatasetConnector_TealDataConnector_objects"/>
    <testcase time="0.0069999999999979" classname="teal_data" name="teal_data_throws_error_if_it_receives_undesired_objects"/>
    <testcase time="0.0129999999999981" classname="teal_data" name="teal_data_sets_passed_join_keys_to_datasets_correctly"/>
    <testcase time="0.0140000000000029" classname="teal_data" name="teal_data_sets_passed_JoinKeys_to_datasets_correctly_when_key_names_differ"/>
    <testcase time="0.0120000000000005" classname="teal_data" name="teal_data_sets_passes_JoinKeys_to_datasets_correctly_when_key_names_differ_multiple_keys_"/>
    <testcase time="0.00900000000000034" classname="teal_data" name="teal_data_returns_TealData_object_with_cdisc_dataset_input"/>
    <testcase time="0.00300000000000011" classname="teal_data" name="teal_data_returns_TealData_object_with_cdisc_dataset_input"/>
    <testcase time="0.00200000000000244" classname="teal_data" name="teal_data_returns_TealData_object_with_cdisc_dataset_input"/>
    <testcase time="0.00300000000000011" classname="teal_data" name="teal_data_returns_TealData_object_with_cdisc_dataset_input"/>
    <testcase time="0.00399999999999778" classname="teal_data" name="teal_data_returns_TealData_object_with_cdisc_dataset_input"/>
    <testcase time="0.00600000000000023" classname="teal_data" name="teal_data_returns_TealData_object_with_cdisc_dataset_input"/>
    <testcase time="0.0069999999999979" classname="teal_data" name="teal_data_file_loads_the_TealData_object"/>
    <testcase time="0.00300000000000011" classname="teal_data" name="teal_data_file_loads_the_TealData_object"/>
    <testcase time="0.007000000000005" classname="teal_data" name="teal_data_file_uses_the_code_input_to_mutate_the_code_of_the_loaded_TealData_object"/>
    <testcase time="0.0109999999999957" classname="teal_data" name="update_join_keys_to_primary_updates_the_join_keys"/>
    <testcase time="0.0100000000000051" classname="teal_data" name="update_join_keys_to_primary_updates_the_join_keys_when_primary_keys_exist"/>
    <testcase time="0.00999999999999801" classname="teal_data" name="update_join_keys_to_primary_updates_join_keys_with_character_0_when_no_primary_keys_exist"/>
  </testsuite>
  <testsuite name="to_relational_data" timestamp="2023-05-30T16:52:07Z" hostname="61474bb71a85" tests="42" skipped="0" failures="0" errors="0" time="0.249">
    <testcase time="0.0110000000000028" classname="to_relational_data" name="to_relational_data_accepts_data.frame_as_input"/>
    <testcase time="0.000999999999997669" classname="to_relational_data" name="to_relational_data_accepts_data.frame_as_input"/>
    <testcase time="0.00500000000000256" classname="to_relational_data" name="to_relational_data_accepts_cdisc_data.frame_as_input"/>
    <testcase time="0.000999999999997669" classname="to_relational_data" name="to_relational_data_accepts_cdisc_data.frame_as_input"/>
    <testcase time="0.00300000000000011" classname="to_relational_data" name="to_relational_data_accepts_TealDataset_CDISCTealDataset_as_input"/>
    <testcase time="0.000999999999997669" classname="to_relational_data" name="to_relational_data_accepts_TealDataset_CDISCTealDataset_as_input"/>
    <testcase time="0.00300000000000011" classname="to_relational_data" name="to_relational_data_accepts_TealDataset_CDISCTealDataset_as_input"/>
    <testcase time="0.00100000000000477" classname="to_relational_data" name="to_relational_data_accepts_TealDataset_CDISCTealDataset_as_input"/>
    <testcase time="0.00499999999999545" classname="to_relational_data" name="to_relational_data_accepts_TealDatasetConnector_as_input"/>
    <testcase time="0.00100000000000477" classname="to_relational_data" name="to_relational_data_accepts_TealDatasetConnector_as_input"/>
    <testcase time="0.000999999999997669" classname="to_relational_data" name="to_relational_data_accepts_TealDatasetConnector_as_input"/>
    <testcase time="0.00500000000000256" classname="to_relational_data" name="to_relational_data_accepts_an_unnamed_list_of_data.frame_as_input"/>
    <testcase time="0.000999999999997669" classname="to_relational_data" name="to_relational_data_accepts_an_unnamed_list_of_data.frame_as_input"/>
    <testcase time="0.000999999999997669" classname="to_relational_data" name="to_relational_data_accepts_an_unnamed_list_of_data.frame_as_input"/>
    <testcase time="0.00400000000000489" classname="to_relational_data" name="to_relational_data_accepts_a_named_list_of_data.frame_as_input"/>
    <testcase time="0.00199999999999534" classname="to_relational_data" name="to_relational_data_accepts_a_named_list_of_data.frame_as_input"/>
    <testcase time="0.00100000000000477" classname="to_relational_data" name="to_relational_data_accepts_a_named_list_of_data.frame_as_input"/>
    <testcase time="0.00600000000000023" classname="to_relational_data" name="to_relational_data_accepts_a_mixed_named_list_of_data.frame_as_input"/>
    <testcase time="0.000999999999997669" classname="to_relational_data" name="to_relational_data_accepts_a_mixed_named_list_of_data.frame_as_input"/>
    <testcase time="0.000999999999997669" classname="to_relational_data" name="to_relational_data_accepts_a_mixed_named_list_of_data.frame_as_input"/>
    <testcase time="0.00600000000000023" classname="to_relational_data" name="to_relational_data_accepts_a_complete_named_list_of_data.frame_as_input"/>
    <testcase time="0.000999999999997669" classname="to_relational_data" name="to_relational_data_accepts_a_complete_named_list_of_data.frame_as_input"/>
    <testcase time="0.00200000000000244" classname="to_relational_data" name="to_relational_data_accepts_a_complete_named_list_of_data.frame_as_input"/>
    <testcase time="0.0069999999999979" classname="to_relational_data" name="to_relational_data_accepts_a_mixed_named_list_of_objects_as_input"/>
    <testcase time="0.00100000000000477" classname="to_relational_data" name="to_relational_data_accepts_a_mixed_named_list_of_objects_as_input"/>
    <testcase time="0.00199999999999534" classname="to_relational_data" name="to_relational_data_accepts_a_mixed_named_list_of_objects_as_input"/>
    <testcase time="0.00500000000000256" classname="to_relational_data" name="to_relational_data_accepts_a_mixed_named_list_of_objects_as_input"/>
    <testcase time="0.000999999999997669" classname="to_relational_data" name="to_relational_data_accepts_a_mixed_named_list_of_objects_as_input"/>
    <testcase time="0.00200000000000244" classname="to_relational_data" name="to_relational_data_accepts_a_mixed_named_list_of_objects_as_input"/>
    <testcase time="0.00500000000000256" classname="to_relational_data" name="to_relational_data_accepts_a_function_returning_a_named_list_as_input"/>
    <testcase time="0.00199999999999534" classname="to_relational_data" name="to_relational_data_accepts_a_function_returning_a_named_list_as_input"/>
    <testcase time="0.00100000000000477" classname="to_relational_data" name="to_relational_data_accepts_a_function_returning_a_named_list_as_input"/>
    <testcase time="0.00500000000000256" classname="to_relational_data" name="to_relational_data_accepts_a_function_returning_a_TealDataset_as_input"/>
    <testcase time="0.00199999999999534" classname="to_relational_data" name="to_relational_data_accepts_a_function_returning_a_TealDataset_as_input"/>
    <testcase time="0.00100000000000477" classname="to_relational_data" name="to_relational_data_accepts_a_function_returning_a_TealDataset_as_input"/>
    <testcase time="0.0640000000000001" classname="to_relational_data" name="to_relational_data_accepts_a_MultiAssayExperiment_as_input"/>
    <testcase time="0.00199999999999534" classname="to_relational_data" name="to_relational_data_accepts_a_MultiAssayExperiment_as_input"/>
    <testcase time="0.0620000000000047" classname="to_relational_data" name="to_relational_data_accepts_a_list_containing_a_named_MultiAssayExperiment_as_input"/>
    <testcase time="0.00199999999999534" classname="to_relational_data" name="to_relational_data_accepts_a_list_containing_a_named_MultiAssayExperiment_as_input"/>
    <testcase time="0.007000000000005" classname="to_relational_data" name="to_relational_data_throws_error_with_a_function_returning_a_non_named_list"/>
    <testcase time="0.0069999999999979" classname="to_relational_data" name="to_relational_data_throws_error_with_a_function_returning_a_semi_named_list"/>
    <testcase time="0.0069999999999979" classname="to_relational_data" name="to_relational_data_throws_error_with_a_multiple_functions_returning_data.frame"/>
  </testsuite>
  <testsuite name="utils" timestamp="2023-05-30T16:52:07Z" hostname="61474bb71a85" tests="20" skipped="0" failures="0" errors="0" time="0.2">
    <testcase time="0.0120000000000005" classname="utils" name="check_pkg_quietly_works"/>
    <testcase time="0.0069999999999979" classname="utils" name="get_key_duplicates_util_function"/>
    <testcase time="0.00500000000000256" classname="utils" name="get_key_duplicates_util_function"/>
    <testcase time="0.00500000000000256" classname="utils" name="get_key_duplicates_util_function"/>
    <testcase time="0.00600000000000023" classname="utils" name="get_key_duplicates_util_function"/>
    <testcase time="0.0479999999999947" classname="utils" name="get_key_duplicates_util_function"/>
    <testcase time="0.0100000000000051" classname="utils" name="get_key_duplicates_util_function"/>
    <testcase time="0.0169999999999959" classname="utils" name="get_key_duplicates_util_function"/>
    <testcase time="0.0159999999999982" classname="utils" name="get_key_duplicates_util_function"/>
    <testcase time="0.00200000000000244" classname="utils" name="validate_metadata_throws_no_error_if_metadata_is_NULL"/>
    <testcase time="0.0069999999999979" classname="utils" name="validate_metadata_throws_error_if_metadata_is_not_a_list_or_NULL_"/>
    <testcase time="0.00600000000000023" classname="utils" name="validate_metadata_throws_error_if_metadata_is_not_a_list_or_NULL_"/>
    <testcase time="0.007000000000005" classname="utils" name="validate_metadata_throws_error_if_metadata_is_not_a_list_of_length_one_atomics_or_NULL_"/>
    <testcase time="0.00600000000000023" classname="utils" name="validate_metadata_throws_error_if_metadata_is_not_a_list_of_length_one_atomics_or_NULL_"/>
    <testcase time="0.00600000000000023" classname="utils" name="validate_metadata_throws_error_if_metadata_is_not_a_named_list_or_NULL_"/>
    <testcase time="0.00600000000000023" classname="utils" name="validate_metadata_throws_error_if_metadata_is_not_a_named_list_or_NULL_"/>
    <testcase time="0.00499999999999545" classname="utils" name="get_teal_bs_theme"/>
    <testcase time="0.0249999999999986" classname="utils" name="get_teal_bs_theme"/>
    <testcase time="0.00200000000000244" classname="utils" name="get_teal_bs_theme"/>
    <testcase time="0.00200000000000244" classname="utils" name="get_teal_bs_theme"/>
  </testsuite>
</testsuites>
